Linear part:
dh_exp(dh_pub(g,x),y) = dh_exp(dh_pub(g,y),x)
Completing equations...
Completed equations:
dh_exp(dh_pub(g,x),y) = dh_exp(dh_pub(g,y),x)
Convergent part: No equation.
Process 0 (that is, the initial process):
{1}let PK_CI: PK_t = pk(SK_CI) in
{2}out(RTPS_Ch, PK_CI);
{3}let PK_Perm: PK_t = pk(SK_Perm) in
{4}out(RTPS_Ch, PK_Perm);
{5}new GUIDA: GUID_t;
{6}new PrivKA: SK_t;
{7}let sn: GUID_t = GUIDA in
{8}let Pk: PK_t = pk(PrivKA) in
{9}let CertA: Cert_t = sign_cert(sn,Pk,SN_CI,SK_CI) in
{10}new DGA: DomainGovernance_t;
{11}new PPA: ParticipantPermission_t;
{12}new QoSA: Qos_t;
{13}let sn_1: GUID_t = GUIDA in
{14}let DG: DomainGovernance_t = DGA in
{15}let PP: ParticipantPermission_t = PPA in
{16}let PermA: PermDoc_t = sign_perm(sn_1,DG,PP,SK_Perm) in
{17}let DHAlgoA: Algo_t = make_algo(ID_G,DH_RSA) in
{18}new GUIDB: GUID_t;
{19}new PrivKB: SK_t;
{20}let sn_2: GUID_t = GUIDB in
{21}let Pk_1: PK_t = pk(PrivKB) in
{22}let CertB: Cert_t = sign_cert(sn_2,Pk_1,SN_CI,SK_CI) in
{23}new DGB: DomainGovernance_t;
{24}new PPB: ParticipantPermission_t;
{25}new QosB: Qos_t;
{26}let sn_3: GUID_t = GUIDB in
{27}let DG_1: DomainGovernance_t = DGB in
{28}let PP_1: ParticipantPermission_t = PPB in
{29}let PermB: PermDoc_t = sign_perm(sn_3,DG_1,PP_1,SK_Perm) in
{30}let DHAlgoB: Algo_t = make_algo(ID_G,DH_RSA) in
{31}new Topic_bd: TopicID_t;
(
    {32}let sk: SK_t = PrivKB in
    {33}out(RTPS_Ch, sk)
) | (
    {34}!
    {35}let GUIDA_1: GUID_t = GUIDA in
    {36}let PrivK_A: SK_t = PrivKA in
    {37}let HashAlgoA: Hash_alg_t = SHA256 in
    {38}let QoSA_1: Qos_t = QoSA in
    {39}let AeadAlgoA: Aead_alg_t = AES_GCM_128 in
    {40}let Topic_bd_1: TopicID_t = Topic_bd in
    {41}let PdataA: Pdata_t = participant_data(GUIDA_1,Topic_bd_1,QoSA_1,discoveryRegister) in
    {42}out(Discovery_ch, (GUIDA_1,PdataA));
    {43}in(Discovery_ch, (PdataB: Pdata_t,=discoveredParticipant,=PdataA));
    {44}event A_discover(PdataB);
    {45}let make_algo(g: group_t,algoName: AlgoName_t) = DHAlgoA in
    {46}new ChallengeA: bitstring;
    {47}new s[]: Seed_t;
    {48}let gx: element_t = dh_pub(g,dh_k(s)) in
    {49}let (x: bitstring,gx_DHA: element_t) = (dh_k(s),gx) in
    {50}let CA: Clist_t = make_C_list(CertA,PermA,PdataA,DHAlgoA,HashAlgoA) in
    {51}let hash_CA: bitstring = hash(HashAlgoA,CA) in
    {52}event A_0(GUIDA_1,CA,ChallengeA,gx_DHA,PdataB);
    {53}out(RTPS_Ch, (CA,hash_CA,ChallengeA,gx_DHA));
    {54}in(RTPS_Ch, (CB: Clist_t,hash_CB: bitstring,=ChallengeA,ChallengeB: bitstring,gy_DHB: element_t,=hash_CA,=gx_DHA,sigB: Sig_t));
    {55}let make_C_list(CertB_1: Cert_t,PermB_1: PermDoc_t,=PdataB,=DHAlgoA,=HashAlgoA) = CB in
    {56}let (GUIDB_1: GUID_t,PkB: PK_t,=SN_CI) = check_cert(CertB_1,PK_CI) in
    {57}if verify(PkB,(hash(HashAlgoA,CB),ChallengeB,gy_DHB,ChallengeA,gx_DHA,hash_CA),sigB) then
    {58}event endAtoB(GUIDB_1,CertB_1,ChallengeA);
    {59}let gxy_SharedSecret: element_t = dh_exp(gy_DHB,x) in
    {60}let SharedSecret: bitstring = gxy_SharedSecret in
    {61}let sigA: Sig_t = sign(PrivK_A,(hash_CA,ChallengeA,gx_DHA,ChallengeB,gy_DHB,hash_CB)) in
    {62}event beginBtoA(GUIDA_1,CertA,ChallengeB);
    {63}event A_1(GUIDA_1,CA,ChallengeA,gx_DHA,GUIDB_1,CB,ChallengeB,gy_DHB,SharedSecret);
    {64}out(RTPS_Ch, (hash_CA,hash(HashAlgoA,CB),gx_DHA,gy_DHB,ChallengeA,ChallengeB,sigA));
    {65}in(Discovery_ch, (PermB_x: PermDoc_t,=TopicDiscovered,Topic: TopicID_t,=PdataB));
    {66}if (PermB_x = PermB_1) then
    {67}let (=GUIDB_1,DGB_1: DomainGovernance_t,PPB_1: ParticipantPermission_t) = check_perm(PermB_1,PK_Perm) in
    {68}event PERM_CHECK(GUIDB_1,PermB_1,Topic);
    {69}out(RTPS_Ch, (GUIDA_1,PermissionChecked,GUIDB_1,Topic));
    {70}let KeyMaterial: KeyMaterial_t = KDF(SharedSecret,ChallengeA,ChallengeB) in
    {71}let CryptoToken: CryptoToken_t = encCryptoToken(KeyMaterial,DHAlgoA,HashAlgoA,AeadAlgoA) in
    {72}event A_2(GUIDA_1,CA,ChallengeA,gx_DHA,GUIDB_1,CB,ChallengeB,gy_DHB,SharedSecret,KeyMaterial);
    {73}out(RTPS_Ch, CryptoToken);
    {74}in(RTPS_Ch, (cryptoHeader: CryptoHeader_t,applicationData_x: bitstring,applicationDataMAC: bitstring));
    {75}let makeCryptoHeader(sessionID: bitstring,IV: bitstring) = cryptoHeader in
    {76}let sessionKey: bitstring = hmac(HashAlgoA,KeyMaterial,(sessionID,KeyMaterial)) in
    {77}if aead_mac_check(AeadAlgoA,sessionKey,IV,cryptoHeader,applicationData_x,applicationDataMAC) then
    {78}event A_3(GUIDB_1,GUIDA_1,applicationData_x,cryptoHeader,sessionKey);
    {79}event ENC_COMMUNICATION(GUIDA_1,CA,ChallengeA,gx_DHA,GUIDB_1,CB,ChallengeB,gy_DHB,SharedSecret,KeyMaterial,cryptoHeader,sessionKey);
    {80}new sessionID_new: bitstring;
    {81}new IV_new: bitstring;
    {82}let cryptoHeader_new: CryptoHeader_t = makeCryptoHeader(sessionID_new,IV_new) in
    {83}let sessionKey_new: bitstring = hmac(HashAlgoA,KeyMaterial,(sessionID_new,KeyMaterial)) in
    {84}new applicationData_new: bitstring;
    {85}event KEY_UPDATE_begin(GUIDA_1,GUIDB_1,cryptoHeader_new,sessionKey_new,applicationData_new);
    {86}out(RTPS_Ch, (cryptoHeader_new,applicationData_new,aead_mac(AeadAlgoA,sessionKey_new,IV,cryptoHeader_new,applicationData_new)));
    {87}out(RTPS_Ch, finishA)
) | (
    {88}!
    {89}let GUIDB_2: GUID_t = GUIDB in
    {90}let PrivK_B: SK_t = PrivKB in
    {91}let HashAlgoB: Hash_alg_t = SHA256 in
    {92}let QosB_1: Qos_t = QosB in
    {93}let AeadAlgoB: Aead_alg_t = AES_GCM_128 in
    {94}let Topic_bd_2: TopicID_t = Topic_bd in
    {95}let PdataB_1: Pdata_t = participant_data(GUIDB_2,Topic_bd_2,QosB_1,discoveryRegister) in
    {96}event B_discover(PdataB_1);
    {97}out(Discovery_ch, (GUIDB_2,PdataB_1));
    {98}in(RTPS_Ch, (CA_1: Clist_t,hash_CA_1: bitstring,ChallengeA_1: bitstring,gx_DHA_1: element_t));
    {99}let make_C_list(CertA_1: Cert_t,PermA_1: PermDoc_t,PdataA_1: Pdata_t,=DHAlgoB,=HashAlgoB) = CA_1 in
    {100}let make_algo(g_1: group_t,algoName_1: AlgoName_t) = DHAlgoB in
    {101}let (GUIDA_2: GUID_t,PkA: PK_t,=SN_CI) = check_cert(CertA_1,PK_CI) in
    {102}if (hash(HashAlgoB,CA_1) = hash_CA_1) then
    {103}new ChallengeB_1: bitstring;
    {104}new s_1[]: Seed_t;
    {105}let gx_1: element_t = dh_pub(g_1,dh_k(s_1)) in
    {106}let (y: bitstring,gy_DHB_1: element_t) = (dh_k(s_1),gx_1) in
    {107}let CB_1: Clist_t = make_C_list(CertB,PermB,PdataB_1,DHAlgoB,HashAlgoB) in
    {108}let hash_CB_1: bitstring = hash(HashAlgoB,CB_1) in
    {109}let sigB_1: Sig_t = sign(PrivK_B,(hash_CB_1,ChallengeB_1,gy_DHB_1,ChallengeA_1,gx_DHA_1,hash_CA_1)) in
    {110}event beginAtoB(GUIDB_2,CertB,ChallengeA_1);
    {111}event B_0(GUIDB_2,CB_1,ChallengeB_1,gy_DHB_1,GUIDA_2,CA_1,ChallengeA_1,gx_DHA_1);
    {112}out(RTPS_Ch, (CB_1,hash_CB_1,ChallengeA_1,ChallengeB_1,gy_DHB_1,hash_CA_1,gx_DHA_1,sigB_1));
    {113}in(RTPS_Ch, (=hash_CA_1,=hash_CB_1,=gx_DHA_1,=gy_DHB_1,=ChallengeA_1,=ChallengeB_1,sigA_1: Sig_t));
    {114}if verify(PkA,(hash_CA_1,ChallengeA_1,gx_DHA_1,ChallengeB_1,gy_DHB_1,hash_CB_1),sigA_1) then
    {115}event endBtoA(GUIDA_2,CertA_1,ChallengeB_1);
    {116}let gxy_SharedSecret_1: element_t = dh_exp(gx_DHA_1,y) in
    {117}let SharedSecret_1: bitstring = gxy_SharedSecret_1 in
    {118}event B_1(GUIDB_2,CB_1,ChallengeB_1,gy_DHB_1,GUIDA_2,CA_1,ChallengeA_1,gx_DHA_1,SharedSecret_1);
    {119}new Topic_1: TopicID_t;
    {120}event TOPIC_CRT_REQ(GUIDB_2,PermB,Topic_1);
    {121}out(Discovery_ch, (PermB,TopicCreateReq,Topic_1,PdataB_1));
    {122}in(RTPS_Ch, (=GUIDA_2,=PermissionChecked,=GUIDB_2,=Topic_1));
    {123}let KeyMaterial_1: KeyMaterial_t = KDF(SharedSecret_1,ChallengeA_1,ChallengeB_1) in
    {124}in(RTPS_Ch, CryptoToken_1: CryptoToken_t);
    {125}if decCryptoToken(CryptoToken_1,KeyMaterial_1,DHAlgoB,HashAlgoB,AeadAlgoB) then
    {126}new sessionID_1: bitstring;
    {127}new IV_1: bitstring;
    {128}let cryptoHeader_1: CryptoHeader_t = makeCryptoHeader(sessionID_1,IV_1) in
    {129}let sessionKey_1: bitstring = hmac(HashAlgoB,KeyMaterial_1,(sessionID_1,KeyMaterial_1)) in
    {130}event B_2(GUIDB_2,CB_1,ChallengeB_1,gy_DHB_1,GUIDA_2,CA_1,ChallengeA_1,gx_DHA_1,SharedSecret_1,KeyMaterial_1,cryptoHeader_1,sessionKey_1);
    {131}new applicationData_MAC: bitstring;
    {132}event B_3(GUIDB_2,GUIDA_2,applicationData_MAC,cryptoHeader_1,sessionKey_1);
    {133}out(RTPS_Ch, (cryptoHeader_1,(applicationData_MAC,secretData),aead_mac(AeadAlgoB,sessionKey_1,IV_1,cryptoHeader_1,(applicationData_MAC,secretData))));
    {134}in(RTPS_Ch, (cryptoHeader_n: CryptoHeader_t,applicationData_x_new: bitstring,applicationDataMAC_new: bitstring));
    {135}let makeCryptoHeader(sessionID_new_1: bitstring,IV_new_1: bitstring) = cryptoHeader_n in
    {136}if (sessionID_new_1 ≠ sessionID_1) then
    {137}let sessionKey_new_1: bitstring = hmac(HashAlgoB,KeyMaterial_1,(sessionID_new_1,KeyMaterial_1)) in
    {138}if aead_mac_check(AeadAlgoB,sessionKey_new_1,IV_new_1,cryptoHeader_n,applicationData_x_new,applicationDataMAC_new) then
        {139}event KEY_UPDATE_end(GUIDA_2,GUIDB_2,cryptoHeader_n,sessionKey_new_1,applicationData_x_new);
        {140}out(RTPS_Ch, finishB)
    else
        {141}out(RTPS_Ch, finishB)
) | (
    {142}!
    {143}let Topic_bd_3: TopicID_t = Topic_bd in
    {144}in(Discovery_ch, (GUIDB_3: GUID_t,PdataB_2: Pdata_t));
    {145}let participant_data(=GUIDB_3,=Topic_bd_3,QosB_2: Qos_t,=discoveryRegister) = PdataB_2 in
    {146}in(Discovery_ch, (GUIDA_3: GUID_t,PdataA_2: Pdata_t));
    {147}let participant_data(=GUIDA_3,=Topic_bd_3,QosA: Qos_t,=discoveryRegister) = PdataA_2 in
    {148}event DISCOVERY(GUIDB_3,PdataB_2,GUIDA_3,PdataA_2);
    {149}out(Discovery_ch, (PdataB_2,discoveredParticipant,PdataA_2));
    {150}in(Discovery_ch, (PermB_2: PermDoc_t,=TopicCreateReq,Topic_2: TopicID_t,=PdataB_2));
    {151}event TOPIC_DISCOVERED(GUIDB_3,PermB_2,Topic_2);
    {152}out(Discovery_ch, (PermB_2,TopicDiscovered,Topic_2,PdataB_2));
    {153}out(RTPS_Ch, finishDiscovery)
)

--  Process 1 (that is, process 0, with let moved downwards):
{1}let PK_CI: PK_t = pk(SK_CI) in
{2}out(RTPS_Ch, PK_CI);
{3}let PK_Perm: PK_t = pk(SK_Perm) in
{4}out(RTPS_Ch, PK_Perm);
{5}new GUIDA: GUID_t;
{6}new PrivKA: SK_t;
{10}new DGA: DomainGovernance_t;
{11}new PPA: ParticipantPermission_t;
{12}new QoSA: Qos_t;
{18}new GUIDB: GUID_t;
{19}new PrivKB: SK_t;
{23}new DGB: DomainGovernance_t;
{24}new PPB: ParticipantPermission_t;
{25}new QosB: Qos_t;
{31}new Topic_bd: TopicID_t;
(
    {32}let sk: SK_t = PrivKB in
    {33}out(RTPS_Ch, sk)
) | (
    {34}!
    {40}let Topic_bd_1: TopicID_t = Topic_bd in
    {38}let QoSA_1: Qos_t = QoSA in
    {35}let GUIDA_1: GUID_t = GUIDA in
    {41}let PdataA: Pdata_t = participant_data(GUIDA_1,Topic_bd_1,QoSA_1,discoveryRegister) in
    {42}out(Discovery_ch, (GUIDA_1,PdataA));
    {43}in(Discovery_ch, (PdataB: Pdata_t,=discoveredParticipant,=PdataA));
    {44}event A_discover(PdataB);
    {17}let DHAlgoA: Algo_t = make_algo(ID_G,DH_RSA) in
    {45}let make_algo(g: group_t,algoName: AlgoName_t) = DHAlgoA in
    {46}new ChallengeA: bitstring;
    {47}new s[]: Seed_t;
    {48}let gx: element_t = dh_pub(g,dh_k(s)) in
    {49}let (x: bitstring,gx_DHA: element_t) = (dh_k(s),gx) in
    {37}let HashAlgoA: Hash_alg_t = SHA256 in
    {15}let PP: ParticipantPermission_t = PPA in
    {14}let DG: DomainGovernance_t = DGA in
    {13}let sn_1: GUID_t = GUIDA in
    {16}let PermA: PermDoc_t = sign_perm(sn_1,DG,PP,SK_Perm) in
    {8}let Pk: PK_t = pk(PrivKA) in
    {7}let sn: GUID_t = GUIDA in
    {9}let CertA: Cert_t = sign_cert(sn,Pk,SN_CI,SK_CI) in
    {50}let CA: Clist_t = make_C_list(CertA,PermA,PdataA,DHAlgoA,HashAlgoA) in
    {52}event A_0(GUIDA_1,CA,ChallengeA,gx_DHA,PdataB);
    {51}let hash_CA: bitstring = hash(HashAlgoA,CA) in
    {53}out(RTPS_Ch, (CA,hash_CA,ChallengeA,gx_DHA));
    {54}in(RTPS_Ch, (CB: Clist_t,hash_CB: bitstring,=ChallengeA,ChallengeB: bitstring,gy_DHB: element_t,=hash_CA,=gx_DHA,sigB: Sig_t));
    {55}let make_C_list(CertB_1: Cert_t,PermB_1: PermDoc_t,=PdataB,=DHAlgoA,=HashAlgoA) = CB in
    {56}let (GUIDB_1: GUID_t,PkB: PK_t,=SN_CI) = check_cert(CertB_1,PK_CI) in
    {57}if verify(PkB,(hash(HashAlgoA,CB),ChallengeB,gy_DHB,ChallengeA,gx_DHA,hash_CA),sigB) then
    {58}event endAtoB(GUIDB_1,CertB_1,ChallengeA);
    {62}event beginBtoA(GUIDA_1,CertA,ChallengeB);
    {59}let gxy_SharedSecret: element_t = dh_exp(gy_DHB,x) in
    {60}let SharedSecret: bitstring = gxy_SharedSecret in
    {63}event A_1(GUIDA_1,CA,ChallengeA,gx_DHA,GUIDB_1,CB,ChallengeB,gy_DHB,SharedSecret);
    {36}let PrivK_A: SK_t = PrivKA in
    {61}let sigA: Sig_t = sign(PrivK_A,(hash_CA,ChallengeA,gx_DHA,ChallengeB,gy_DHB,hash_CB)) in
    {64}out(RTPS_Ch, (hash_CA,hash(HashAlgoA,CB),gx_DHA,gy_DHB,ChallengeA,ChallengeB,sigA));
    {65}in(Discovery_ch, (PermB_x: PermDoc_t,=TopicDiscovered,Topic: TopicID_t,=PdataB));
    {66}if (PermB_x = PermB_1) then
    {67}let (=GUIDB_1,DGB_1: DomainGovernance_t,PPB_1: ParticipantPermission_t) = check_perm(PermB_1,PK_Perm) in
    {68}event PERM_CHECK(GUIDB_1,PermB_1,Topic);
    {69}out(RTPS_Ch, (GUIDA_1,PermissionChecked,GUIDB_1,Topic));
    {70}let KeyMaterial: KeyMaterial_t = KDF(SharedSecret,ChallengeA,ChallengeB) in
    {72}event A_2(GUIDA_1,CA,ChallengeA,gx_DHA,GUIDB_1,CB,ChallengeB,gy_DHB,SharedSecret,KeyMaterial);
    {39}let AeadAlgoA: Aead_alg_t = AES_GCM_128 in
    {71}let CryptoToken: CryptoToken_t = encCryptoToken(KeyMaterial,DHAlgoA,HashAlgoA,AeadAlgoA) in
    {73}out(RTPS_Ch, CryptoToken);
    {74}in(RTPS_Ch, (cryptoHeader: CryptoHeader_t,applicationData_x: bitstring,applicationDataMAC: bitstring));
    {75}let makeCryptoHeader(sessionID: bitstring,IV: bitstring) = cryptoHeader in
    {76}let sessionKey: bitstring = hmac(HashAlgoA,KeyMaterial,(sessionID,KeyMaterial)) in
    {77}if aead_mac_check(AeadAlgoA,sessionKey,IV,cryptoHeader,applicationData_x,applicationDataMAC) then
    {78}event A_3(GUIDB_1,GUIDA_1,applicationData_x,cryptoHeader,sessionKey);
    {79}event ENC_COMMUNICATION(GUIDA_1,CA,ChallengeA,gx_DHA,GUIDB_1,CB,ChallengeB,gy_DHB,SharedSecret,KeyMaterial,cryptoHeader,sessionKey);
    {80}new sessionID_new: bitstring;
    {81}new IV_new: bitstring;
    {84}new applicationData_new: bitstring;
    {83}let sessionKey_new: bitstring = hmac(HashAlgoA,KeyMaterial,(sessionID_new,KeyMaterial)) in
    {82}let cryptoHeader_new: CryptoHeader_t = makeCryptoHeader(sessionID_new,IV_new) in
    {85}event KEY_UPDATE_begin(GUIDA_1,GUIDB_1,cryptoHeader_new,sessionKey_new,applicationData_new);
    {86}out(RTPS_Ch, (cryptoHeader_new,applicationData_new,aead_mac(AeadAlgoA,sessionKey_new,IV,cryptoHeader_new,applicationData_new)));
    {87}out(RTPS_Ch, finishA)
) | (
    {88}!
    {94}let Topic_bd_2: TopicID_t = Topic_bd in
    {92}let QosB_1: Qos_t = QosB in
    {89}let GUIDB_2: GUID_t = GUIDB in
    {95}let PdataB_1: Pdata_t = participant_data(GUIDB_2,Topic_bd_2,QosB_1,discoveryRegister) in
    {96}event B_discover(PdataB_1);
    {97}out(Discovery_ch, (GUIDB_2,PdataB_1));
    {98}in(RTPS_Ch, (CA_1: Clist_t,hash_CA_1: bitstring,ChallengeA_1: bitstring,gx_DHA_1: element_t));
    {91}let HashAlgoB: Hash_alg_t = SHA256 in
    {30}let DHAlgoB: Algo_t = make_algo(ID_G,DH_RSA) in
    {99}let make_C_list(CertA_1: Cert_t,PermA_1: PermDoc_t,PdataA_1: Pdata_t,=DHAlgoB,=HashAlgoB) = CA_1 in
    {100}let make_algo(g_1: group_t,algoName_1: AlgoName_t) = DHAlgoB in
    {101}let (GUIDA_2: GUID_t,PkA: PK_t,=SN_CI) = check_cert(CertA_1,PK_CI) in
    {102}if (hash(HashAlgoB,CA_1) = hash_CA_1) then
    {103}new ChallengeB_1: bitstring;
    {104}new s_1[]: Seed_t;
    {105}let gx_1: element_t = dh_pub(g_1,dh_k(s_1)) in
    {106}let (y: bitstring,gy_DHB_1: element_t) = (dh_k(s_1),gx_1) in
    {21}let Pk_1: PK_t = pk(PrivKB) in
    {20}let sn_2: GUID_t = GUIDB in
    {22}let CertB: Cert_t = sign_cert(sn_2,Pk_1,SN_CI,SK_CI) in
    {110}event beginAtoB(GUIDB_2,CertB,ChallengeA_1);
    {28}let PP_1: ParticipantPermission_t = PPB in
    {27}let DG_1: DomainGovernance_t = DGB in
    {26}let sn_3: GUID_t = GUIDB in
    {29}let PermB: PermDoc_t = sign_perm(sn_3,DG_1,PP_1,SK_Perm) in
    {107}let CB_1: Clist_t = make_C_list(CertB,PermB,PdataB_1,DHAlgoB,HashAlgoB) in
    {111}event B_0(GUIDB_2,CB_1,ChallengeB_1,gy_DHB_1,GUIDA_2,CA_1,ChallengeA_1,gx_DHA_1);
    {108}let hash_CB_1: bitstring = hash(HashAlgoB,CB_1) in
    {90}let PrivK_B: SK_t = PrivKB in
    {109}let sigB_1: Sig_t = sign(PrivK_B,(hash_CB_1,ChallengeB_1,gy_DHB_1,ChallengeA_1,gx_DHA_1,hash_CA_1)) in
    {112}out(RTPS_Ch, (CB_1,hash_CB_1,ChallengeA_1,ChallengeB_1,gy_DHB_1,hash_CA_1,gx_DHA_1,sigB_1));
    {113}in(RTPS_Ch, (=hash_CA_1,=hash_CB_1,=gx_DHA_1,=gy_DHB_1,=ChallengeA_1,=ChallengeB_1,sigA_1: Sig_t));
    {114}if verify(PkA,(hash_CA_1,ChallengeA_1,gx_DHA_1,ChallengeB_1,gy_DHB_1,hash_CB_1),sigA_1) then
    {115}event endBtoA(GUIDA_2,CertA_1,ChallengeB_1);
    {116}let gxy_SharedSecret_1: element_t = dh_exp(gx_DHA_1,y) in
    {117}let SharedSecret_1: bitstring = gxy_SharedSecret_1 in
    {118}event B_1(GUIDB_2,CB_1,ChallengeB_1,gy_DHB_1,GUIDA_2,CA_1,ChallengeA_1,gx_DHA_1,SharedSecret_1);
    {119}new Topic_1: TopicID_t;
    {120}event TOPIC_CRT_REQ(GUIDB_2,PermB,Topic_1);
    {121}out(Discovery_ch, (PermB,TopicCreateReq,Topic_1,PdataB_1));
    {122}in(RTPS_Ch, (=GUIDA_2,=PermissionChecked,=GUIDB_2,=Topic_1));
    {124}in(RTPS_Ch, CryptoToken_1: CryptoToken_t);
    {123}let KeyMaterial_1: KeyMaterial_t = KDF(SharedSecret_1,ChallengeA_1,ChallengeB_1) in
    {93}let AeadAlgoB: Aead_alg_t = AES_GCM_128 in
    {125}if decCryptoToken(CryptoToken_1,KeyMaterial_1,DHAlgoB,HashAlgoB,AeadAlgoB) then
    {126}new sessionID_1: bitstring;
    {127}new IV_1: bitstring;
    {129}let sessionKey_1: bitstring = hmac(HashAlgoB,KeyMaterial_1,(sessionID_1,KeyMaterial_1)) in
    {128}let cryptoHeader_1: CryptoHeader_t = makeCryptoHeader(sessionID_1,IV_1) in
    {130}event B_2(GUIDB_2,CB_1,ChallengeB_1,gy_DHB_1,GUIDA_2,CA_1,ChallengeA_1,gx_DHA_1,SharedSecret_1,KeyMaterial_1,cryptoHeader_1,sessionKey_1);
    {131}new applicationData_MAC: bitstring;
    {132}event B_3(GUIDB_2,GUIDA_2,applicationData_MAC,cryptoHeader_1,sessionKey_1);
    {133}out(RTPS_Ch, (cryptoHeader_1,(applicationData_MAC,secretData),aead_mac(AeadAlgoB,sessionKey_1,IV_1,cryptoHeader_1,(applicationData_MAC,secretData))));
    {134}in(RTPS_Ch, (cryptoHeader_n: CryptoHeader_t,applicationData_x_new: bitstring,applicationDataMAC_new: bitstring));
    {135}let makeCryptoHeader(sessionID_new_1: bitstring,IV_new_1: bitstring) = cryptoHeader_n in
    {136}if (sessionID_new_1 ≠ sessionID_1) then
    {137}let sessionKey_new_1: bitstring = hmac(HashAlgoB,KeyMaterial_1,(sessionID_new_1,KeyMaterial_1)) in
    {138}if aead_mac_check(AeadAlgoB,sessionKey_new_1,IV_new_1,cryptoHeader_n,applicationData_x_new,applicationDataMAC_new) then
        {139}event KEY_UPDATE_end(GUIDA_2,GUIDB_2,cryptoHeader_n,sessionKey_new_1,applicationData_x_new);
        {140}out(RTPS_Ch, finishB)
    else
        {141}out(RTPS_Ch, finishB)
) | (
    {142}!
    {144}in(Discovery_ch, (GUIDB_3: GUID_t,PdataB_2: Pdata_t));
    {143}let Topic_bd_3: TopicID_t = Topic_bd in
    {145}let participant_data(=GUIDB_3,=Topic_bd_3,QosB_2: Qos_t,=discoveryRegister) = PdataB_2 in
    {146}in(Discovery_ch, (GUIDA_3: GUID_t,PdataA_2: Pdata_t));
    {147}let participant_data(=GUIDA_3,=Topic_bd_3,QosA: Qos_t,=discoveryRegister) = PdataA_2 in
    {148}event DISCOVERY(GUIDB_3,PdataB_2,GUIDA_3,PdataA_2);
    {149}out(Discovery_ch, (PdataB_2,discoveredParticipant,PdataA_2));
    {150}in(Discovery_ch, (PermB_2: PermDoc_t,=TopicCreateReq,Topic_2: TopicID_t,=PdataB_2));
    {151}event TOPIC_DISCOVERED(GUIDB_3,PermB_2,Topic_2);
    {152}out(Discovery_ch, (PermB_2,TopicDiscovered,Topic_2,PdataB_2));
    {153}out(RTPS_Ch, finishDiscovery)
)

-- Query event(A_1(GUIDA_4,CA_2,ChallengeA_2,gx_DHA_2,GUIDB_4,CB_2,ChallengeB_2,gy_DHB_2,SharedSecret_2)) ==> event(B_0(GUIDB_4,CB_2,ChallengeB_2,gy_DHB_2,GUIDA_4,CA_2,ChallengeA_2,gx_DHA_2)) && event(A_0(GUIDA_4,CA_2,ChallengeA_2,gx_DHA_2,PdataB_3)) in process 1.
Translating the process into Horn clauses...
Completing...
Termination warning: Selecting an hypothesis matching the conclusion.
In case of non-termination, try a noselect declaration implying the following one:
   noselect PkA_1:PK_t, GUIDA_4:GUID_t; attacker(sign_cert(GUIDA_4,PkA_1,SN_CI,SK_CI)).
200 rules inserted. Base: 172 rules (55 with conclusion selected). Queue: 27 rules.
Termination warning: Selecting an hypothesis matching the conclusion.
In case of non-termination, try a noselect declaration implying the following one:
   noselect PdataA_3:Pdata_t, PermA_2:PermDoc_t; attacker(hash(SHA256,make_C_list(sign_cert(GUIDB[],pk(PrivKB[]),SN_CI,SK_CI),PermA_2,PdataA_3,make_algo(ID_G,DH_RSA),SHA256))).
400 rules inserted. Base: 236 rules (77 with conclusion selected). Queue: 76 rules.
600 rules inserted. Base: 303 rules (78 with conclusion selected). Queue: 102 rules.
800 rules inserted. Base: 379 rules (78 with conclusion selected). Queue: 175 rules.
1000 rules inserted. Base: 475 rules (78 with conclusion selected). Queue: 244 rules.
1200 rules inserted. Base: 586 rules (81 with conclusion selected). Queue: 283 rules.
1400 rules inserted. Base: 704 rules (82 with conclusion selected). Queue: 221 rules.
1600 rules inserted. Base: 798 rules (86 with conclusion selected). Queue: 150 rules.
1800 rules inserted. Base: 880 rules (90 with conclusion selected). Queue: 123 rules.
2000 rules inserted. Base: 978 rules (92 with conclusion selected). Queue: 110 rules.
2200 rules inserted. Base: 1058 rules (107 with conclusion selected). Queue: 119 rules.
2400 rules inserted. Base: 1114 rules (111 with conclusion selected). Queue: 120 rules.
2600 rules inserted. Base: 1186 rules (111 with conclusion selected). Queue: 140 rules.
2800 rules inserted. Base: 1270 rules (116 with conclusion selected). Queue: 93 rules.
3000 rules inserted. Base: 1327 rules (132 with conclusion selected). Queue: 110 rules.
3200 rules inserted. Base: 1372 rules (165 with conclusion selected). Queue: 101 rules.
3400 rules inserted. Base: 1398 rules (175 with conclusion selected). Queue: 131 rules.
3600 rules inserted. Base: 1413 rules (175 with conclusion selected). Queue: 148 rules.
3800 rules inserted. Base: 1438 rules (175 with conclusion selected). Queue: 153 rules.
4000 rules inserted. Base: 1481 rules (175 with conclusion selected). Queue: 225 rules.
4200 rules inserted. Base: 1561 rules (175 with conclusion selected). Queue: 315 rules.
4400 rules inserted. Base: 1651 rules (175 with conclusion selected). Queue: 380 rules.
4600 rules inserted. Base: 1730 rules (175 with conclusion selected). Queue: 460 rules.
4800 rules inserted. Base: 1805 rules (175 with conclusion selected). Queue: 448 rules.
5000 rules inserted. Base: 1881 rules (175 with conclusion selected). Queue: 396 rules.
5200 rules inserted. Base: 1960 rules (175 with conclusion selected). Queue: 318 rules.
5400 rules inserted. Base: 2063 rules (175 with conclusion selected). Queue: 287 rules.
5600 rules inserted. Base: 2082 rules (175 with conclusion selected). Queue: 300 rules.
5800 rules inserted. Base: 2116 rules (193 with conclusion selected). Queue: 442 rules.
6000 rules inserted. Base: 2148 rules (193 with conclusion selected). Queue: 506 rules.
6200 rules inserted. Base: 2199 rules (196 with conclusion selected). Queue: 567 rules.
6400 rules inserted. Base: 2282 rules (199 with conclusion selected). Queue: 484 rules.
6600 rules inserted. Base: 2366 rules (203 with conclusion selected). Queue: 400 rules.
6800 rules inserted. Base: 2398 rules (203 with conclusion selected). Queue: 368 rules.
7000 rules inserted. Base: 2398 rules (203 with conclusion selected). Queue: 368 rules.
7200 rules inserted. Base: 2428 rules (233 with conclusion selected). Queue: 286 rules.
7400 rules inserted. Base: 2446 rules (243 with conclusion selected). Queue: 224 rules.
7600 rules inserted. Base: 2462 rules (251 with conclusion selected). Queue: 220 rules.
7800 rules inserted. Base: 2458 rules (251 with conclusion selected). Queue: 232 rules.
8000 rules inserted. Base: 2488 rules (291 with conclusion selected). Queue: 188 rules.
8200 rules inserted. Base: 2522 rules (311 with conclusion selected). Queue: 140 rules.
8400 rules inserted. Base: 2522 rules (311 with conclusion selected). Queue: 80 rules.
8600 rules inserted. Base: 2622 rules (311 with conclusion selected). Queue: 268 rules.
8800 rules inserted. Base: 2742 rules (311 with conclusion selected). Queue: 220 rules.
9000 rules inserted. Base: 2872 rules (311 with conclusion selected). Queue: 120 rules.
9200 rules inserted. Base: 2970 rules (311 with conclusion selected). Queue: 32 rules.
Starting query event(A_1(GUIDA_4,CA_2,ChallengeA_2,gx_DHA_2,GUIDB_4,CB_2,ChallengeB_2,gy_DHB_2,SharedSecret_2)) ==> event(B_0(GUIDB_4,CB_2,ChallengeB_2,gy_DHB_2,GUIDA_4,CA_2,ChallengeA_2,gx_DHA_2)) && event(A_0(GUIDA_4,CA_2,ChallengeA_2,gx_DHA_2,PdataB_3))
goal reachable: b-event(B_0(GUIDB[],make_C_list(sign_cert(GUIDB[],pk(PrivKB[]),SN_CI,SK_CI),sign_perm(GUIDB[],DGB[],PPB[],SK_Perm),participant_data(GUIDB[],Topic_bd[],QosB[],discoveryRegister),make_algo(ID_G,DH_RSA),SHA256),ChallengeB_2,dh_pub(ID_G,dh_k(s_2)),GUIDA[],make_C_list(sign_cert(GUIDA[],pk(PrivKA[]),SN_CI,SK_CI),PermA_2,PdataA_3,make_algo(ID_G,DH_RSA),SHA256),ChallengeA_2,gx_DHA_2)) && attacker(PermA_2) && attacker(PdataA_3) && attacker(ChallengeA_2) && attacker(gx_DHA_2) && attacker(PermB_3) && attacker(ChallengeB_3) && attacker(gy_DHB_2) && b-event(A_0(GUIDA[],make_C_list(sign_cert(GUIDA[],pk(PrivKA[]),SN_CI,SK_CI),sign_perm(GUIDA[],DGA[],PPA[],SK_Perm),participant_data(GUIDA[],Topic_bd[],QoSA[],discoveryRegister),make_algo(ID_G,DH_RSA),SHA256),ChallengeA_3,dh_pub(ID_G,dh_k(s_3)),PdataB_3)) && attacker(PdataB_3) -> event(A_1(GUIDA[],make_C_list(sign_cert(GUIDA[],pk(PrivKA[]),SN_CI,SK_CI),sign_perm(GUIDA[],DGA[],PPA[],SK_Perm),participant_data(GUIDA[],Topic_bd[],QoSA[],discoveryRegister),make_algo(ID_G,DH_RSA),SHA256),ChallengeA_3,dh_pub(ID_G,dh_k(s_3)),GUIDB[],make_C_list(sign_cert(GUIDB[],pk(PrivKB[]),SN_CI,SK_CI),PermB_3,PdataB_3,make_algo(ID_G,DH_RSA),SHA256),ChallengeB_3,gy_DHB_2,dh_exp(gy_DHB_2,dh_k(s_3))))
Abbreviations:
ChallengeA_3 = ChallengeA[PdataB = PdataB_3,!1 = @sid]
s_3 = s[!1 = @sid]
ChallengeB_2 = ChallengeB_1[gx_DHA_1 = gx_DHA_2,ChallengeA_1 = ChallengeA_2,hash_CA_1 = hash(SHA256,make_C_list(sign_cert(GUIDA[],pk(PrivKA[]),SN_CI,SK_CI),PermA_2,PdataA_3,make_algo(ID_G,DH_RSA),SHA256)),CA_1 = make_C_list(sign_cert(GUIDA[],pk(PrivKA[]),SN_CI,SK_CI),PermA_2,PdataA_3,make_algo(ID_G,DH_RSA),SHA256),!1 = @sid_1]
s_2 = s_1[!1 = @sid_1]

Derivation:
Abbreviations:
ChallengeA_2 = ChallengeA[PdataB = PdataB_3,!1 = @sid]
s_2 = s[!1 = @sid]
ChallengeB_2 = ChallengeB_1[gx_DHA_1 = gx_DHA_2,ChallengeA_1 = ChallengeA_3,hash_CA_1 = hash(SHA256,make_C_list(sign_cert(GUIDA[],pk(PrivKA[]),SN_CI,SK_CI),PermA_2,PdataA_3,make_algo(ID_G,DH_RSA),SHA256)),CA_1 = make_C_list(sign_cert(GUIDA[],pk(PrivKA[]),SN_CI,SK_CI),PermA_2,PdataA_3,make_algo(ID_G,DH_RSA),SHA256),!1 = @sid_1]
s_3 = s_1[!1 = @sid_1]

1. Using the function discoveryRegister the attacker may obtain discoveryRegister.
attacker(discoveryRegister).

2. The message (GUIDA[],participant_data(GUIDA[],Topic_bd[],QoSA[],discoveryRegister)) may be sent to the attacker at output {42}.
attacker((GUIDA[],participant_data(GUIDA[],Topic_bd[],QoSA[],discoveryRegister))).

3. By 2, the attacker may know (GUIDA[],participant_data(GUIDA[],Topic_bd[],QoSA[],discoveryRegister)).
Using the function 2-proj-2-tuple the attacker may obtain participant_data(GUIDA[],Topic_bd[],QoSA[],discoveryRegister).
attacker(participant_data(GUIDA[],Topic_bd[],QoSA[],discoveryRegister)).

4. By 3, the attacker may know participant_data(GUIDA[],Topic_bd[],QoSA[],discoveryRegister).
Using the function 3-proj-participant_data the attacker may obtain QoSA[].
attacker(QoSA[]).

5. By 3, the attacker may know participant_data(GUIDA[],Topic_bd[],QoSA[],discoveryRegister).
Using the function 2-proj-participant_data the attacker may obtain Topic_bd[].
attacker(Topic_bd[]).

6. By 2, the attacker may know (GUIDA[],participant_data(GUIDA[],Topic_bd[],QoSA[],discoveryRegister)).
Using the function 1-proj-2-tuple the attacker may obtain GUIDA[].
attacker(GUIDA[]).

7. By 6, the attacker may know GUIDA[].
By 5, the attacker may know Topic_bd[].
By 4, the attacker may know QoSA[].
By 1, the attacker may know discoveryRegister.
Using the function participant_data the attacker may obtain participant_data(GUIDA[],Topic_bd[],QoSA[],discoveryRegister).
attacker(participant_data(GUIDA[],Topic_bd[],QoSA[],discoveryRegister)).

8. Using the function discoveredParticipant the attacker may obtain discoveredParticipant.
attacker(discoveredParticipant).

9. We assume as hypothesis that
attacker(PdataB_3).

10. By 9, the attacker may know PdataB_3.
By 8, the attacker may know discoveredParticipant.
By 7, the attacker may know participant_data(GUIDA[],Topic_bd[],QoSA[],discoveryRegister).
Using the function 3-tuple the attacker may obtain (PdataB_3,discoveredParticipant,participant_data(GUIDA[],Topic_bd[],QoSA[],discoveryRegister)).
attacker((PdataB_3,discoveredParticipant,participant_data(GUIDA[],Topic_bd[],QoSA[],discoveryRegister))).

11. The message (PdataB_3,discoveredParticipant,participant_data(GUIDA[],Topic_bd[],QoSA[],discoveryRegister)) that the attacker may have by 10 may be received at input {43}.
The event A_0(GUIDA[],make_C_list(sign_cert(GUIDA[],pk(PrivKA[]),SN_CI,SK_CI),sign_perm(GUIDA[],DGA[],PPA[],SK_Perm),participant_data(GUIDA[],Topic_bd[],QoSA[],discoveryRegister),make_algo(ID_G,DH_RSA),SHA256),ChallengeA_2,dh_pub(ID_G,dh_k(s_2)),PdataB_3) may be executed at {52}.
So the message (make_C_list(sign_cert(GUIDA[],pk(PrivKA[]),SN_CI,SK_CI),sign_perm(GUIDA[],DGA[],PPA[],SK_Perm),participant_data(GUIDA[],Topic_bd[],QoSA[],discoveryRegister),make_algo(ID_G,DH_RSA),SHA256),hash(SHA256,make_C_list(sign_cert(GUIDA[],pk(PrivKA[]),SN_CI,SK_CI),sign_perm(GUIDA[],DGA[],PPA[],SK_Perm),participant_data(GUIDA[],Topic_bd[],QoSA[],discoveryRegister),make_algo(ID_G,DH_RSA),SHA256)),ChallengeA_2,dh_pub(ID_G,dh_k(s_2))) may be sent to the attacker at output {53}.
attacker((make_C_list(sign_cert(GUIDA[],pk(PrivKA[]),SN_CI,SK_CI),sign_perm(GUIDA[],DGA[],PPA[],SK_Perm),participant_data(GUIDA[],Topic_bd[],QoSA[],discoveryRegister),make_algo(ID_G,DH_RSA),SHA256),hash(SHA256,make_C_list(sign_cert(GUIDA[],pk(PrivKA[]),SN_CI,SK_CI),sign_perm(GUIDA[],DGA[],PPA[],SK_Perm),participant_data(GUIDA[],Topic_bd[],QoSA[],discoveryRegister),make_algo(ID_G,DH_RSA),SHA256)),ChallengeA_2,dh_pub(ID_G,dh_k(s_2)))).

12. By 11, the attacker may know (make_C_list(sign_cert(GUIDA[],pk(PrivKA[]),SN_CI,SK_CI),sign_perm(GUIDA[],DGA[],PPA[],SK_Perm),participant_data(GUIDA[],Topic_bd[],QoSA[],discoveryRegister),make_algo(ID_G,DH_RSA),SHA256),hash(SHA256,make_C_list(sign_cert(GUIDA[],pk(PrivKA[]),SN_CI,SK_CI),sign_perm(GUIDA[],DGA[],PPA[],SK_Perm),participant_data(GUIDA[],Topic_bd[],QoSA[],discoveryRegister),make_algo(ID_G,DH_RSA),SHA256)),ChallengeA_2,dh_pub(ID_G,dh_k(s_2))).
Using the function 2-proj-4-tuple the attacker may obtain hash(SHA256,make_C_list(sign_cert(GUIDA[],pk(PrivKA[]),SN_CI,SK_CI),sign_perm(GUIDA[],DGA[],PPA[],SK_Perm),participant_data(GUIDA[],Topic_bd[],QoSA[],discoveryRegister),make_algo(ID_G,DH_RSA),SHA256)).
attacker(hash(SHA256,make_C_list(sign_cert(GUIDA[],pk(PrivKA[]),SN_CI,SK_CI),sign_perm(GUIDA[],DGA[],PPA[],SK_Perm),participant_data(GUIDA[],Topic_bd[],QoSA[],discoveryRegister),make_algo(ID_G,DH_RSA),SHA256))).

13. By 11, the attacker may know (make_C_list(sign_cert(GUIDA[],pk(PrivKA[]),SN_CI,SK_CI),sign_perm(GUIDA[],DGA[],PPA[],SK_Perm),participant_data(GUIDA[],Topic_bd[],QoSA[],discoveryRegister),make_algo(ID_G,DH_RSA),SHA256),hash(SHA256,make_C_list(sign_cert(GUIDA[],pk(PrivKA[]),SN_CI,SK_CI),sign_perm(GUIDA[],DGA[],PPA[],SK_Perm),participant_data(GUIDA[],Topic_bd[],QoSA[],discoveryRegister),make_algo(ID_G,DH_RSA),SHA256)),ChallengeA_2,dh_pub(ID_G,dh_k(s_2))).
Using the function 4-proj-4-tuple the attacker may obtain dh_pub(ID_G,dh_k(s_2)).
attacker(dh_pub(ID_G,dh_k(s_2))).

14. By 11, the attacker may know (make_C_list(sign_cert(GUIDA[],pk(PrivKA[]),SN_CI,SK_CI),sign_perm(GUIDA[],DGA[],PPA[],SK_Perm),participant_data(GUIDA[],Topic_bd[],QoSA[],discoveryRegister),make_algo(ID_G,DH_RSA),SHA256),hash(SHA256,make_C_list(sign_cert(GUIDA[],pk(PrivKA[]),SN_CI,SK_CI),sign_perm(GUIDA[],DGA[],PPA[],SK_Perm),participant_data(GUIDA[],Topic_bd[],QoSA[],discoveryRegister),make_algo(ID_G,DH_RSA),SHA256)),ChallengeA_2,dh_pub(ID_G,dh_k(s_2))).
Using the function 3-proj-4-tuple the attacker may obtain ChallengeA_2.
attacker(ChallengeA_2).

15. We assume as hypothesis that
attacker(gy_DHB_2).

16. We assume as hypothesis that
attacker(ChallengeB_3).

17. Using the function SHA256 the attacker may obtain SHA256.
attacker(SHA256).

18. Using the function DH_RSA the attacker may obtain DH_RSA.
attacker(DH_RSA).

19. Using the function ID_G the attacker may obtain ID_G.
attacker(ID_G).

20. By 19, the attacker may know ID_G.
By 18, the attacker may know DH_RSA.
Using the function make_algo the attacker may obtain make_algo(ID_G,DH_RSA).
attacker(make_algo(ID_G,DH_RSA)).

21. We assume as hypothesis that
attacker(PermB_3).

22. We assume as hypothesis that
attacker(gx_DHA_2).

23. We assume as hypothesis that
attacker(ChallengeA_3).

24. We assume as hypothesis that
attacker(PdataA_3).

25. We assume as hypothesis that
attacker(PermA_2).

26. By 11, the attacker may know (make_C_list(sign_cert(GUIDA[],pk(PrivKA[]),SN_CI,SK_CI),sign_perm(GUIDA[],DGA[],PPA[],SK_Perm),participant_data(GUIDA[],Topic_bd[],QoSA[],discoveryRegister),make_algo(ID_G,DH_RSA),SHA256),hash(SHA256,make_C_list(sign_cert(GUIDA[],pk(PrivKA[]),SN_CI,SK_CI),sign_perm(GUIDA[],DGA[],PPA[],SK_Perm),participant_data(GUIDA[],Topic_bd[],QoSA[],discoveryRegister),make_algo(ID_G,DH_RSA),SHA256)),ChallengeA_2,dh_pub(ID_G,dh_k(s_2))).
Using the function 1-proj-4-tuple the attacker may obtain make_C_list(sign_cert(GUIDA[],pk(PrivKA[]),SN_CI,SK_CI),sign_perm(GUIDA[],DGA[],PPA[],SK_Perm),participant_data(GUIDA[],Topic_bd[],QoSA[],discoveryRegister),make_algo(ID_G,DH_RSA),SHA256).
attacker(make_C_list(sign_cert(GUIDA[],pk(PrivKA[]),SN_CI,SK_CI),sign_perm(GUIDA[],DGA[],PPA[],SK_Perm),participant_data(GUIDA[],Topic_bd[],QoSA[],discoveryRegister),make_algo(ID_G,DH_RSA),SHA256)).

27. By 26, the attacker may know make_C_list(sign_cert(GUIDA[],pk(PrivKA[]),SN_CI,SK_CI),sign_perm(GUIDA[],DGA[],PPA[],SK_Perm),participant_data(GUIDA[],Topic_bd[],QoSA[],discoveryRegister),make_algo(ID_G,DH_RSA),SHA256).
Using the function 1-proj-make_C_list the attacker may obtain sign_cert(GUIDA[],pk(PrivKA[]),SN_CI,SK_CI).
attacker(sign_cert(GUIDA[],pk(PrivKA[]),SN_CI,SK_CI)).

28. By 27, the attacker may know sign_cert(GUIDA[],pk(PrivKA[]),SN_CI,SK_CI).
By 25, the attacker may know PermA_2.
By 24, the attacker may know PdataA_3.
By 20, the attacker may know make_algo(ID_G,DH_RSA).
By 17, the attacker may know SHA256.
Using the function make_C_list the attacker may obtain make_C_list(sign_cert(GUIDA[],pk(PrivKA[]),SN_CI,SK_CI),PermA_2,PdataA_3,make_algo(ID_G,DH_RSA),SHA256).
attacker(make_C_list(sign_cert(GUIDA[],pk(PrivKA[]),SN_CI,SK_CI),PermA_2,PdataA_3,make_algo(ID_G,DH_RSA),SHA256)).

29. By 17, the attacker may know SHA256.
By 28, the attacker may know make_C_list(sign_cert(GUIDA[],pk(PrivKA[]),SN_CI,SK_CI),PermA_2,PdataA_3,make_algo(ID_G,DH_RSA),SHA256).
Using the function hash the attacker may obtain hash(SHA256,make_C_list(sign_cert(GUIDA[],pk(PrivKA[]),SN_CI,SK_CI),PermA_2,PdataA_3,make_algo(ID_G,DH_RSA),SHA256)).
attacker(hash(SHA256,make_C_list(sign_cert(GUIDA[],pk(PrivKA[]),SN_CI,SK_CI),PermA_2,PdataA_3,make_algo(ID_G,DH_RSA),SHA256))).

30. By 28, the attacker may know make_C_list(sign_cert(GUIDA[],pk(PrivKA[]),SN_CI,SK_CI),PermA_2,PdataA_3,make_algo(ID_G,DH_RSA),SHA256).
By 29, the attacker may know hash(SHA256,make_C_list(sign_cert(GUIDA[],pk(PrivKA[]),SN_CI,SK_CI),PermA_2,PdataA_3,make_algo(ID_G,DH_RSA),SHA256)).
By 23, the attacker may know ChallengeA_3.
By 22, the attacker may know gx_DHA_2.
Using the function 4-tuple the attacker may obtain (make_C_list(sign_cert(GUIDA[],pk(PrivKA[]),SN_CI,SK_CI),PermA_2,PdataA_3,make_algo(ID_G,DH_RSA),SHA256),hash(SHA256,make_C_list(sign_cert(GUIDA[],pk(PrivKA[]),SN_CI,SK_CI),PermA_2,PdataA_3,make_algo(ID_G,DH_RSA),SHA256)),ChallengeA_3,gx_DHA_2).
attacker((make_C_list(sign_cert(GUIDA[],pk(PrivKA[]),SN_CI,SK_CI),PermA_2,PdataA_3,make_algo(ID_G,DH_RSA),SHA256),hash(SHA256,make_C_list(sign_cert(GUIDA[],pk(PrivKA[]),SN_CI,SK_CI),PermA_2,PdataA_3,make_algo(ID_G,DH_RSA),SHA256)),ChallengeA_3,gx_DHA_2)).

31. The message (make_C_list(sign_cert(GUIDA[],pk(PrivKA[]),SN_CI,SK_CI),PermA_2,PdataA_3,make_algo(ID_G,DH_RSA),SHA256),hash(SHA256,make_C_list(sign_cert(GUIDA[],pk(PrivKA[]),SN_CI,SK_CI),PermA_2,PdataA_3,make_algo(ID_G,DH_RSA),SHA256)),ChallengeA_3,gx_DHA_2) that the attacker may have by 30 may be received at input {98}.
The event B_0(GUIDB[],make_C_list(sign_cert(GUIDB[],pk(PrivKB[]),SN_CI,SK_CI),sign_perm(GUIDB[],DGB[],PPB[],SK_Perm),participant_data(GUIDB[],Topic_bd[],QosB[],discoveryRegister),make_algo(ID_G,DH_RSA),SHA256),ChallengeB_2,dh_pub(ID_G,dh_k(s_3)),GUIDA[],make_C_list(sign_cert(GUIDA[],pk(PrivKA[]),SN_CI,SK_CI),PermA_2,PdataA_3,make_algo(ID_G,DH_RSA),SHA256),ChallengeA_3,gx_DHA_2) may be executed at {111}.
So the message (make_C_list(sign_cert(GUIDB[],pk(PrivKB[]),SN_CI,SK_CI),sign_perm(GUIDB[],DGB[],PPB[],SK_Perm),participant_data(GUIDB[],Topic_bd[],QosB[],discoveryRegister),make_algo(ID_G,DH_RSA),SHA256),hash(SHA256,make_C_list(sign_cert(GUIDB[],pk(PrivKB[]),SN_CI,SK_CI),sign_perm(GUIDB[],DGB[],PPB[],SK_Perm),participant_data(GUIDB[],Topic_bd[],QosB[],discoveryRegister),make_algo(ID_G,DH_RSA),SHA256)),ChallengeA_3,ChallengeB_2,dh_pub(ID_G,dh_k(s_3)),hash(SHA256,make_C_list(sign_cert(GUIDA[],pk(PrivKA[]),SN_CI,SK_CI),PermA_2,PdataA_3,make_algo(ID_G,DH_RSA),SHA256)),gx_DHA_2,sign(PrivKB[],(hash(SHA256,make_C_list(sign_cert(GUIDB[],pk(PrivKB[]),SN_CI,SK_CI),sign_perm(GUIDB[],DGB[],PPB[],SK_Perm),participant_data(GUIDB[],Topic_bd[],QosB[],discoveryRegister),make_algo(ID_G,DH_RSA),SHA256)),ChallengeB_2,dh_pub(ID_G,dh_k(s_3)),ChallengeA_3,gx_DHA_2,hash(SHA256,make_C_list(sign_cert(GUIDA[],pk(PrivKA[]),SN_CI,SK_CI),PermA_2,PdataA_3,make_algo(ID_G,DH_RSA),SHA256))))) may be sent to the attacker at output {112}.
attacker((make_C_list(sign_cert(GUIDB[],pk(PrivKB[]),SN_CI,SK_CI),sign_perm(GUIDB[],DGB[],PPB[],SK_Perm),participant_data(GUIDB[],Topic_bd[],QosB[],discoveryRegister),make_algo(ID_G,DH_RSA),SHA256),hash(SHA256,make_C_list(sign_cert(GUIDB[],pk(PrivKB[]),SN_CI,SK_CI),sign_perm(GUIDB[],DGB[],PPB[],SK_Perm),participant_data(GUIDB[],Topic_bd[],QosB[],discoveryRegister),make_algo(ID_G,DH_RSA),SHA256)),ChallengeA_3,ChallengeB_2,dh_pub(ID_G,dh_k(s_3)),hash(SHA256,make_C_list(sign_cert(GUIDA[],pk(PrivKA[]),SN_CI,SK_CI),PermA_2,PdataA_3,make_algo(ID_G,DH_RSA),SHA256)),gx_DHA_2,sign(PrivKB[],(hash(SHA256,make_C_list(sign_cert(GUIDB[],pk(PrivKB[]),SN_CI,SK_CI),sign_perm(GUIDB[],DGB[],PPB[],SK_Perm),participant_data(GUIDB[],Topic_bd[],QosB[],discoveryRegister),make_algo(ID_G,DH_RSA),SHA256)),ChallengeB_2,dh_pub(ID_G,dh_k(s_3)),ChallengeA_3,gx_DHA_2,hash(SHA256,make_C_list(sign_cert(GUIDA[],pk(PrivKA[]),SN_CI,SK_CI),PermA_2,PdataA_3,make_algo(ID_G,DH_RSA),SHA256)))))).

32. By 31, the attacker may know (make_C_list(sign_cert(GUIDB[],pk(PrivKB[]),SN_CI,SK_CI),sign_perm(GUIDB[],DGB[],PPB[],SK_Perm),participant_data(GUIDB[],Topic_bd[],QosB[],discoveryRegister),make_algo(ID_G,DH_RSA),SHA256),hash(SHA256,make_C_list(sign_cert(GUIDB[],pk(PrivKB[]),SN_CI,SK_CI),sign_perm(GUIDB[],DGB[],PPB[],SK_Perm),participant_data(GUIDB[],Topic_bd[],QosB[],discoveryRegister),make_algo(ID_G,DH_RSA),SHA256)),ChallengeA_3,ChallengeB_2,dh_pub(ID_G,dh_k(s_3)),hash(SHA256,make_C_list(sign_cert(GUIDA[],pk(PrivKA[]),SN_CI,SK_CI),PermA_2,PdataA_3,make_algo(ID_G,DH_RSA),SHA256)),gx_DHA_2,sign(PrivKB[],(hash(SHA256,make_C_list(sign_cert(GUIDB[],pk(PrivKB[]),SN_CI,SK_CI),sign_perm(GUIDB[],DGB[],PPB[],SK_Perm),participant_data(GUIDB[],Topic_bd[],QosB[],discoveryRegister),make_algo(ID_G,DH_RSA),SHA256)),ChallengeB_2,dh_pub(ID_G,dh_k(s_3)),ChallengeA_3,gx_DHA_2,hash(SHA256,make_C_list(sign_cert(GUIDA[],pk(PrivKA[]),SN_CI,SK_CI),PermA_2,PdataA_3,make_algo(ID_G,DH_RSA),SHA256))))).
Using the function 1-proj-8-tuple the attacker may obtain make_C_list(sign_cert(GUIDB[],pk(PrivKB[]),SN_CI,SK_CI),sign_perm(GUIDB[],DGB[],PPB[],SK_Perm),participant_data(GUIDB[],Topic_bd[],QosB[],discoveryRegister),make_algo(ID_G,DH_RSA),SHA256).
attacker(make_C_list(sign_cert(GUIDB[],pk(PrivKB[]),SN_CI,SK_CI),sign_perm(GUIDB[],DGB[],PPB[],SK_Perm),participant_data(GUIDB[],Topic_bd[],QosB[],discoveryRegister),make_algo(ID_G,DH_RSA),SHA256)).

33. By 32, the attacker may know make_C_list(sign_cert(GUIDB[],pk(PrivKB[]),SN_CI,SK_CI),sign_perm(GUIDB[],DGB[],PPB[],SK_Perm),participant_data(GUIDB[],Topic_bd[],QosB[],discoveryRegister),make_algo(ID_G,DH_RSA),SHA256).
Using the function 1-proj-make_C_list the attacker may obtain sign_cert(GUIDB[],pk(PrivKB[]),SN_CI,SK_CI).
attacker(sign_cert(GUIDB[],pk(PrivKB[]),SN_CI,SK_CI)).

34. By 33, the attacker may know sign_cert(GUIDB[],pk(PrivKB[]),SN_CI,SK_CI).
By 21, the attacker may know PermB_3.
By 9, the attacker may know PdataB_3.
By 20, the attacker may know make_algo(ID_G,DH_RSA).
By 17, the attacker may know SHA256.
Using the function make_C_list the attacker may obtain make_C_list(sign_cert(GUIDB[],pk(PrivKB[]),SN_CI,SK_CI),PermB_3,PdataB_3,make_algo(ID_G,DH_RSA),SHA256).
attacker(make_C_list(sign_cert(GUIDB[],pk(PrivKB[]),SN_CI,SK_CI),PermB_3,PdataB_3,make_algo(ID_G,DH_RSA),SHA256)).

35. By 17, the attacker may know SHA256.
By 34, the attacker may know make_C_list(sign_cert(GUIDB[],pk(PrivKB[]),SN_CI,SK_CI),PermB_3,PdataB_3,make_algo(ID_G,DH_RSA),SHA256).
Using the function hash the attacker may obtain hash(SHA256,make_C_list(sign_cert(GUIDB[],pk(PrivKB[]),SN_CI,SK_CI),PermB_3,PdataB_3,make_algo(ID_G,DH_RSA),SHA256)).
attacker(hash(SHA256,make_C_list(sign_cert(GUIDB[],pk(PrivKB[]),SN_CI,SK_CI),PermB_3,PdataB_3,make_algo(ID_G,DH_RSA),SHA256))).

36. By 35, the attacker may know hash(SHA256,make_C_list(sign_cert(GUIDB[],pk(PrivKB[]),SN_CI,SK_CI),PermB_3,PdataB_3,make_algo(ID_G,DH_RSA),SHA256)).
By 16, the attacker may know ChallengeB_3.
By 15, the attacker may know gy_DHB_2.
By 14, the attacker may know ChallengeA_2.
By 13, the attacker may know dh_pub(ID_G,dh_k(s_2)).
By 12, the attacker may know hash(SHA256,make_C_list(sign_cert(GUIDA[],pk(PrivKA[]),SN_CI,SK_CI),sign_perm(GUIDA[],DGA[],PPA[],SK_Perm),participant_data(GUIDA[],Topic_bd[],QoSA[],discoveryRegister),make_algo(ID_G,DH_RSA),SHA256)).
Using the function 6-tuple the attacker may obtain (hash(SHA256,make_C_list(sign_cert(GUIDB[],pk(PrivKB[]),SN_CI,SK_CI),PermB_3,PdataB_3,make_algo(ID_G,DH_RSA),SHA256)),ChallengeB_3,gy_DHB_2,ChallengeA_2,dh_pub(ID_G,dh_k(s_2)),hash(SHA256,make_C_list(sign_cert(GUIDA[],pk(PrivKA[]),SN_CI,SK_CI),sign_perm(GUIDA[],DGA[],PPA[],SK_Perm),participant_data(GUIDA[],Topic_bd[],QoSA[],discoveryRegister),make_algo(ID_G,DH_RSA),SHA256))).
attacker((hash(SHA256,make_C_list(sign_cert(GUIDB[],pk(PrivKB[]),SN_CI,SK_CI),PermB_3,PdataB_3,make_algo(ID_G,DH_RSA),SHA256)),ChallengeB_3,gy_DHB_2,ChallengeA_2,dh_pub(ID_G,dh_k(s_2)),hash(SHA256,make_C_list(sign_cert(GUIDA[],pk(PrivKA[]),SN_CI,SK_CI),sign_perm(GUIDA[],DGA[],PPA[],SK_Perm),participant_data(GUIDA[],Topic_bd[],QoSA[],discoveryRegister),make_algo(ID_G,DH_RSA),SHA256)))).

37. The message PrivKB[] may be sent to the attacker at output {33}.
attacker(PrivKB[]).

38. By 37, the attacker may know PrivKB[].
By 36, the attacker may know (hash(SHA256,make_C_list(sign_cert(GUIDB[],pk(PrivKB[]),SN_CI,SK_CI),PermB_3,PdataB_3,make_algo(ID_G,DH_RSA),SHA256)),ChallengeB_3,gy_DHB_2,ChallengeA_2,dh_pub(ID_G,dh_k(s_2)),hash(SHA256,make_C_list(sign_cert(GUIDA[],pk(PrivKA[]),SN_CI,SK_CI),sign_perm(GUIDA[],DGA[],PPA[],SK_Perm),participant_data(GUIDA[],Topic_bd[],QoSA[],discoveryRegister),make_algo(ID_G,DH_RSA),SHA256))).
Using the function sign the attacker may obtain sign(PrivKB[],(hash(SHA256,make_C_list(sign_cert(GUIDB[],pk(PrivKB[]),SN_CI,SK_CI),PermB_3,PdataB_3,make_algo(ID_G,DH_RSA),SHA256)),ChallengeB_3,gy_DHB_2,ChallengeA_2,dh_pub(ID_G,dh_k(s_2)),hash(SHA256,make_C_list(sign_cert(GUIDA[],pk(PrivKA[]),SN_CI,SK_CI),sign_perm(GUIDA[],DGA[],PPA[],SK_Perm),participant_data(GUIDA[],Topic_bd[],QoSA[],discoveryRegister),make_algo(ID_G,DH_RSA),SHA256)))).
attacker(sign(PrivKB[],(hash(SHA256,make_C_list(sign_cert(GUIDB[],pk(PrivKB[]),SN_CI,SK_CI),PermB_3,PdataB_3,make_algo(ID_G,DH_RSA),SHA256)),ChallengeB_3,gy_DHB_2,ChallengeA_2,dh_pub(ID_G,dh_k(s_2)),hash(SHA256,make_C_list(sign_cert(GUIDA[],pk(PrivKA[]),SN_CI,SK_CI),sign_perm(GUIDA[],DGA[],PPA[],SK_Perm),participant_data(GUIDA[],Topic_bd[],QoSA[],discoveryRegister),make_algo(ID_G,DH_RSA),SHA256))))).

39. The attacker has some term hash_CB_2.
attacker(hash_CB_2).

40. By 34, the attacker may know make_C_list(sign_cert(GUIDB[],pk(PrivKB[]),SN_CI,SK_CI),PermB_3,PdataB_3,make_algo(ID_G,DH_RSA),SHA256).
By 39, the attacker may know hash_CB_2.
By 14, the attacker may know ChallengeA_2.
By 16, the attacker may know ChallengeB_3.
By 15, the attacker may know gy_DHB_2.
By 12, the attacker may know hash(SHA256,make_C_list(sign_cert(GUIDA[],pk(PrivKA[]),SN_CI,SK_CI),sign_perm(GUIDA[],DGA[],PPA[],SK_Perm),participant_data(GUIDA[],Topic_bd[],QoSA[],discoveryRegister),make_algo(ID_G,DH_RSA),SHA256)).
By 13, the attacker may know dh_pub(ID_G,dh_k(s_2)).
By 38, the attacker may know sign(PrivKB[],(hash(SHA256,make_C_list(sign_cert(GUIDB[],pk(PrivKB[]),SN_CI,SK_CI),PermB_3,PdataB_3,make_algo(ID_G,DH_RSA),SHA256)),ChallengeB_3,gy_DHB_2,ChallengeA_2,dh_pub(ID_G,dh_k(s_2)),hash(SHA256,make_C_list(sign_cert(GUIDA[],pk(PrivKA[]),SN_CI,SK_CI),sign_perm(GUIDA[],DGA[],PPA[],SK_Perm),participant_data(GUIDA[],Topic_bd[],QoSA[],discoveryRegister),make_algo(ID_G,DH_RSA),SHA256)))).
Using the function 8-tuple the attacker may obtain (make_C_list(sign_cert(GUIDB[],pk(PrivKB[]),SN_CI,SK_CI),PermB_3,PdataB_3,make_algo(ID_G,DH_RSA),SHA256),hash_CB_2,ChallengeA_2,ChallengeB_3,gy_DHB_2,hash(SHA256,make_C_list(sign_cert(GUIDA[],pk(PrivKA[]),SN_CI,SK_CI),sign_perm(GUIDA[],DGA[],PPA[],SK_Perm),participant_data(GUIDA[],Topic_bd[],QoSA[],discoveryRegister),make_algo(ID_G,DH_RSA),SHA256)),dh_pub(ID_G,dh_k(s_2)),sign(PrivKB[],(hash(SHA256,make_C_list(sign_cert(GUIDB[],pk(PrivKB[]),SN_CI,SK_CI),PermB_3,PdataB_3,make_algo(ID_G,DH_RSA),SHA256)),ChallengeB_3,gy_DHB_2,ChallengeA_2,dh_pub(ID_G,dh_k(s_2)),hash(SHA256,make_C_list(sign_cert(GUIDA[],pk(PrivKA[]),SN_CI,SK_CI),sign_perm(GUIDA[],DGA[],PPA[],SK_Perm),participant_data(GUIDA[],Topic_bd[],QoSA[],discoveryRegister),make_algo(ID_G,DH_RSA),SHA256))))).
attacker((make_C_list(sign_cert(GUIDB[],pk(PrivKB[]),SN_CI,SK_CI),PermB_3,PdataB_3,make_algo(ID_G,DH_RSA),SHA256),hash_CB_2,ChallengeA_2,ChallengeB_3,gy_DHB_2,hash(SHA256,make_C_list(sign_cert(GUIDA[],pk(PrivKA[]),SN_CI,SK_CI),sign_perm(GUIDA[],DGA[],PPA[],SK_Perm),participant_data(GUIDA[],Topic_bd[],QoSA[],discoveryRegister),make_algo(ID_G,DH_RSA),SHA256)),dh_pub(ID_G,dh_k(s_2)),sign(PrivKB[],(hash(SHA256,make_C_list(sign_cert(GUIDB[],pk(PrivKB[]),SN_CI,SK_CI),PermB_3,PdataB_3,make_algo(ID_G,DH_RSA),SHA256)),ChallengeB_3,gy_DHB_2,ChallengeA_2,dh_pub(ID_G,dh_k(s_2)),hash(SHA256,make_C_list(sign_cert(GUIDA[],pk(PrivKA[]),SN_CI,SK_CI),sign_perm(GUIDA[],DGA[],PPA[],SK_Perm),participant_data(GUIDA[],Topic_bd[],QoSA[],discoveryRegister),make_algo(ID_G,DH_RSA),SHA256)))))).

41. The message (PdataB_3,discoveredParticipant,participant_data(GUIDA[],Topic_bd[],QoSA[],discoveryRegister)) that the attacker may have by 10 may be received at input {43}.
The event A_0(GUIDA[],make_C_list(sign_cert(GUIDA[],pk(PrivKA[]),SN_CI,SK_CI),sign_perm(GUIDA[],DGA[],PPA[],SK_Perm),participant_data(GUIDA[],Topic_bd[],QoSA[],discoveryRegister),make_algo(ID_G,DH_RSA),SHA256),ChallengeA_2,dh_pub(ID_G,dh_k(s_2)),PdataB_3) may be executed at {52}.
The message (make_C_list(sign_cert(GUIDB[],pk(PrivKB[]),SN_CI,SK_CI),PermB_3,PdataB_3,make_algo(ID_G,DH_RSA),SHA256),hash_CB_2,ChallengeA_2,ChallengeB_3,gy_DHB_2,hash(SHA256,make_C_list(sign_cert(GUIDA[],pk(PrivKA[]),SN_CI,SK_CI),sign_perm(GUIDA[],DGA[],PPA[],SK_Perm),participant_data(GUIDA[],Topic_bd[],QoSA[],discoveryRegister),make_algo(ID_G,DH_RSA),SHA256)),dh_pub(ID_G,dh_k(s_2)),sign(PrivKB[],(hash(SHA256,make_C_list(sign_cert(GUIDB[],pk(PrivKB[]),SN_CI,SK_CI),PermB_3,PdataB_3,make_algo(ID_G,DH_RSA),SHA256)),ChallengeB_3,gy_DHB_2,ChallengeA_2,dh_pub(ID_G,dh_k(s_2)),hash(SHA256,make_C_list(sign_cert(GUIDA[],pk(PrivKA[]),SN_CI,SK_CI),sign_perm(GUIDA[],DGA[],PPA[],SK_Perm),participant_data(GUIDA[],Topic_bd[],QoSA[],discoveryRegister),make_algo(ID_G,DH_RSA),SHA256))))) that the attacker may have by 40 may be received at input {54}.
So event A_1(GUIDA[],make_C_list(sign_cert(GUIDA[],pk(PrivKA[]),SN_CI,SK_CI),sign_perm(GUIDA[],DGA[],PPA[],SK_Perm),participant_data(GUIDA[],Topic_bd[],QoSA[],discoveryRegister),make_algo(ID_G,DH_RSA),SHA256),ChallengeA_2,dh_pub(ID_G,dh_k(s_2)),GUIDB[],make_C_list(sign_cert(GUIDB[],pk(PrivKB[]),SN_CI,SK_CI),PermB_3,PdataB_3,make_algo(ID_G,DH_RSA),SHA256),ChallengeB_3,gy_DHB_2,dh_exp(gy_DHB_2,dh_k(s_2))) may be executed at {63}.
event(A_1(GUIDA[],make_C_list(sign_cert(GUIDA[],pk(PrivKA[]),SN_CI,SK_CI),sign_perm(GUIDA[],DGA[],PPA[],SK_Perm),participant_data(GUIDA[],Topic_bd[],QoSA[],discoveryRegister),make_algo(ID_G,DH_RSA),SHA256),ChallengeA_2,dh_pub(ID_G,dh_k(s_2)),GUIDB[],make_C_list(sign_cert(GUIDB[],pk(PrivKB[]),SN_CI,SK_CI),PermB_3,PdataB_3,make_algo(ID_G,DH_RSA),SHA256),ChallengeB_3,gy_DHB_2,dh_exp(gy_DHB_2,dh_k(s_2)))).

42. By 41, event(A_1(GUIDA[],make_C_list(sign_cert(GUIDA[],pk(PrivKA[]),SN_CI,SK_CI),sign_perm(GUIDA[],DGA[],PPA[],SK_Perm),participant_data(GUIDA[],Topic_bd[],QoSA[],discoveryRegister),make_algo(ID_G,DH_RSA),SHA256),ChallengeA_2,dh_pub(ID_G,dh_k(s_2)),GUIDB[],make_C_list(sign_cert(GUIDB[],pk(PrivKB[]),SN_CI,SK_CI),PermB_3,PdataB_3,make_algo(ID_G,DH_RSA),SHA256),ChallengeB_3,gy_DHB_2,dh_exp(gy_DHB_2,dh_k(s_2)))).
The goal is reached, represented in the following fact:
event(A_1(GUIDA[],make_C_list(sign_cert(GUIDA[],pk(PrivKA[]),SN_CI,SK_CI),sign_perm(GUIDA[],DGA[],PPA[],SK_Perm),participant_data(GUIDA[],Topic_bd[],QoSA[],discoveryRegister),make_algo(ID_G,DH_RSA),SHA256),ChallengeA_2,dh_pub(ID_G,dh_k(s_2)),GUIDB[],make_C_list(sign_cert(GUIDB[],pk(PrivKB[]),SN_CI,SK_CI),PermB_3,PdataB_3,make_algo(ID_G,DH_RSA),SHA256),ChallengeB_3,gy_DHB_2,dh_exp(gy_DHB_2,dh_k(s_2)))).


A more detailed output of the traces is available with
  set traceDisplay = long.

out(RTPS_Ch, ~M) with ~M = pk(SK_CI) at {2}

out(RTPS_Ch, ~M_1) with ~M_1 = pk(SK_Perm) at {4}

new GUIDA: GUID_t creating GUIDA_4 at {5}

new PrivKA: SK_t creating PrivKA_1 at {6}

new DGA: DomainGovernance_t creating DGA_1 at {10}

new PPA: ParticipantPermission_t creating PPA_1 at {11}

new QoSA: Qos_t creating QoSA_2 at {12}

new GUIDB: GUID_t creating GUIDB_4 at {18}

new PrivKB: SK_t creating PrivKB_1 at {19}

new DGB: DomainGovernance_t creating DGB_2 at {23}

new PPB: ParticipantPermission_t creating PPB_2 at {24}

new QosB: Qos_t creating QosB_3 at {25}

new Topic_bd: TopicID_t creating Topic_bd_4 at {31}

event B_discover(participant_data(GUIDB_4,Topic_bd_4,QosB_3,discoveryRegister)) at {96} in copy a

out(Discovery_ch, (~M_2,participant_data(~M_3,~M_4,~M_5,~M_6))) with ~M_2 = GUIDB_4, ~M_3 = GUIDB_4, ~M_4 = Topic_bd_4, ~M_5 = QosB_3, ~M_6 = discoveryRegister at {97} in copy a

out(Discovery_ch, (~M_7,participant_data(~M_8,~M_9,~M_10,~M_11))) with ~M_7 = GUIDA_4, ~M_8 = GUIDA_4, ~M_9 = Topic_bd_4, ~M_10 = QoSA_2, ~M_11 = discoveryRegister at {42} in copy a_1

out(Discovery_ch, (~M_12,participant_data(~M_13,~M_14,~M_15,~M_16))) with ~M_12 = GUIDA_4, ~M_13 = GUIDA_4, ~M_14 = Topic_bd_4, ~M_15 = QoSA_2, ~M_16 = discoveryRegister at {42} in copy a_2

out(RTPS_Ch, ~M_17) with ~M_17 = PrivKB_1 at {33}

in(Discovery_ch, (a_3,discoveredParticipant,participant_data(~M_7,~M_4,~M_10,discoveryRegister))) with ~M_7 = GUIDA_4, ~M_4 = Topic_bd_4, ~M_10 = QoSA_2 at {43} in copy a_1

event A_discover(a_3) at {44} in copy a_1

new ChallengeA: bitstring creating ChallengeA_4 at {46} in copy a_1

new s: Seed_t creating s_4 at {47} in copy a_1

event A_0(GUIDA_4,make_C_list(sign_cert(GUIDA_4,pk(PrivKA_1),SN_CI,SK_CI),sign_perm(GUIDA_4,DGA_1,PPA_1,SK_Perm),participant_data(GUIDA_4,Topic_bd_4,QoSA_2,discoveryRegister),make_algo(ID_G,DH_RSA),SHA256),ChallengeA_4,dh_pub(ID_G,dh_k(s_4)),a_3) at {52} in copy a_1

out(RTPS_Ch, (make_C_list(~M_18,~M_19,participant_data(~M_20,~M_21,~M_22,~M_23),make_algo(~M_24,~M_25),~M_26),~M_27,~M_28,~M_29)) with ~M_18 = sign_cert(GUIDA_4,pk(PrivKA_1),SN_CI,SK_CI), ~M_19 = sign_perm(GUIDA_4,DGA_1,PPA_1,SK_Perm), ~M_20 = GUIDA_4, ~M_21 = Topic_bd_4, ~M_22 = QoSA_2, ~M_23 = discoveryRegister, ~M_24 = ID_G, ~M_25 = DH_RSA, ~M_26 = SHA256, ~M_27 = hash(SHA256,make_C_list(sign_cert(GUIDA_4,pk(PrivKA_1),SN_CI,SK_CI),sign_perm(GUIDA_4,DGA_1,PPA_1,SK_Perm),participant_data(GUIDA_4,Topic_bd_4,QoSA_2,discoveryRegister),make_algo(ID_G,DH_RSA),SHA256)), ~M_28 = ChallengeA_4, ~M_29 = dh_pub(ID_G,dh_k(s_4)) at {53} in copy a_1

in(RTPS_Ch, (make_C_list(~M_18,a_4,a_5,make_algo(ID_G,DH_RSA),SHA256),hash(SHA256,make_C_list(~M_18,a_4,a_5,make_algo(ID_G,DH_RSA),SHA256)),a_6,a_7)) with ~M_18 = sign_cert(GUIDA_4,pk(PrivKA_1),SN_CI,SK_CI), hash(SHA256,make_C_list(~M_18,a_4,a_5,make_algo(ID_G,DH_RSA),SHA256)) = hash(SHA256,make_C_list(sign_cert(GUIDA_4,pk(PrivKA_1),SN_CI,SK_CI),a_4,a_5,make_algo(ID_G,DH_RSA),SHA256)) at {98} in copy a

new ChallengeB_1: bitstring creating ChallengeB_4 at {103} in copy a

new s_1: Seed_t creating s_5 at {104} in copy a

event beginAtoB(GUIDB_4,sign_cert(GUIDB_4,pk(PrivKB_1),SN_CI,SK_CI),a_6) at {110} in copy a

event B_0(GUIDB_4,make_C_list(sign_cert(GUIDB_4,pk(PrivKB_1),SN_CI,SK_CI),sign_perm(GUIDB_4,DGB_2,PPB_2,SK_Perm),participant_data(GUIDB_4,Topic_bd_4,QosB_3,discoveryRegister),make_algo(ID_G,DH_RSA),SHA256),ChallengeB_4,dh_pub(ID_G,dh_k(s_5)),GUIDA_4,make_C_list(sign_cert(GUIDA_4,pk(PrivKA_1),SN_CI,SK_CI),a_4,a_5,make_algo(ID_G,DH_RSA),SHA256),a_6,a_7) at {111} in copy a

out(RTPS_Ch, (make_C_list(~M_30,~M_31,participant_data(~M_32,~M_33,~M_34,~M_35),make_algo(~M_36,~M_37),~M_38),~M_39,~M_40,~M_41,~M_42,~M_43,~M_44,~M_45)) with ~M_30 = sign_cert(GUIDB_4,pk(PrivKB_1),SN_CI,SK_CI), ~M_31 = sign_perm(GUIDB_4,DGB_2,PPB_2,SK_Perm), ~M_32 = GUIDB_4, ~M_33 = Topic_bd_4, ~M_34 = QosB_3, ~M_35 = discoveryRegister, ~M_36 = ID_G, ~M_37 = DH_RSA, ~M_38 = SHA256, ~M_39 = hash(SHA256,make_C_list(sign_cert(GUIDB_4,pk(PrivKB_1),SN_CI,SK_CI),sign_perm(GUIDB_4,DGB_2,PPB_2,SK_Perm),participant_data(GUIDB_4,Topic_bd_4,QosB_3,discoveryRegister),make_algo(ID_G,DH_RSA),SHA256)), ~M_40 = a_6, ~M_41 = ChallengeB_4, ~M_42 = dh_pub(ID_G,dh_k(s_5)), ~M_43 = hash(SHA256,make_C_list(sign_cert(GUIDA_4,pk(PrivKA_1),SN_CI,SK_CI),a_4,a_5,make_algo(ID_G,DH_RSA),SHA256)), ~M_44 = a_7, ~M_45 = sign(PrivKB_1,(hash(SHA256,make_C_list(sign_cert(GUIDB_4,pk(PrivKB_1),SN_CI,SK_CI),sign_perm(GUIDB_4,DGB_2,PPB_2,SK_Perm),participant_data(GUIDB_4,Topic_bd_4,QosB_3,discoveryRegister),make_algo(ID_G,DH_RSA),SHA256)),ChallengeB_4,dh_pub(ID_G,dh_k(s_5)),a_6,a_7,hash(SHA256,make_C_list(sign_cert(GUIDA_4,pk(PrivKA_1),SN_CI,SK_CI),a_4,a_5,make_algo(ID_G,DH_RSA),SHA256)))) at {112} in copy a

in(RTPS_Ch, (make_C_list(~M_30,a_8,a_3,make_algo(ID_G,DH_RSA),SHA256),a_9,~M_28,a_10,a_11,~M_27,~M_29,sign(~M_17,(hash(SHA256,make_C_list(~M_30,a_8,a_3,make_algo(ID_G,DH_RSA),SHA256)),a_10,a_11,~M_28,~M_29,~M_27)))) with ~M_30 = sign_cert(GUIDB_4,pk(PrivKB_1),SN_CI,SK_CI), ~M_28 = ChallengeA_4, ~M_27 = hash(SHA256,make_C_list(sign_cert(GUIDA_4,pk(PrivKA_1),SN_CI,SK_CI),sign_perm(GUIDA_4,DGA_1,PPA_1,SK_Perm),participant_data(GUIDA_4,Topic_bd_4,QoSA_2,discoveryRegister),make_algo(ID_G,DH_RSA),SHA256)), ~M_29 = dh_pub(ID_G,dh_k(s_4)), sign(~M_17,(hash(SHA256,make_C_list(~M_30,a_8,a_3,make_algo(ID_G,DH_RSA),SHA256)),a_10,a_11,~M_28,~M_29,~M_27)) = sign(PrivKB_1,(hash(SHA256,make_C_list(sign_cert(GUIDB_4,pk(PrivKB_1),SN_CI,SK_CI),a_8,a_3,make_algo(ID_G,DH_RSA),SHA256)),a_10,a_11,ChallengeA_4,dh_pub(ID_G,dh_k(s_4)),hash(SHA256,make_C_list(sign_cert(GUIDA_4,pk(PrivKA_1),SN_CI,SK_CI),sign_perm(GUIDA_4,DGA_1,PPA_1,SK_Perm),participant_data(GUIDA_4,Topic_bd_4,QoSA_2,discoveryRegister),make_algo(ID_G,DH_RSA),SHA256)))) at {54} in copy a_1

event endAtoB(GUIDB_4,sign_cert(GUIDB_4,pk(PrivKB_1),SN_CI,SK_CI),ChallengeA_4) at {58} in copy a_1

event beginBtoA(GUIDA_4,sign_cert(GUIDA_4,pk(PrivKA_1),SN_CI,SK_CI),a_10) at {62} in copy a_1

event A_1(GUIDA_4,make_C_list(sign_cert(GUIDA_4,pk(PrivKA_1),SN_CI,SK_CI),sign_perm(GUIDA_4,DGA_1,PPA_1,SK_Perm),participant_data(GUIDA_4,Topic_bd_4,QoSA_2,discoveryRegister),make_algo(ID_G,DH_RSA),SHA256),ChallengeA_4,dh_pub(ID_G,dh_k(s_4)),GUIDB_4,make_C_list(sign_cert(GUIDB_4,pk(PrivKB_1),SN_CI,SK_CI),a_8,a_3,make_algo(ID_G,DH_RSA),SHA256),a_10,a_11,dh_exp(a_11,dh_k(s_4))) at {63} in copy a_1 (goal)

The event A_1(GUIDA_4,make_C_list(sign_cert(GUIDA_4,pk(PrivKA_1),SN_CI,SK_CI),sign_perm(GUIDA_4,DGA_1,PPA_1,SK_Perm),participant_data(GUIDA_4,Topic_bd_4,QoSA_2,discoveryRegister),make_algo(ID_G,DH_RSA),SHA256),ChallengeA_4,dh_pub(ID_G,dh_k(s_4)),GUIDB_4,make_C_list(sign_cert(GUIDB_4,pk(PrivKB_1),SN_CI,SK_CI),a_8,a_3,make_algo(ID_G,DH_RSA),SHA256),a_10,a_11,dh_exp(a_11,dh_k(s_4))) is executed at {63} in copy a_1.
A trace has been found.
RESULT event(A_1(GUIDA_4,CA_2,ChallengeA_2,gx_DHA_2,GUIDB_4,CB_2,ChallengeB_2,gy_DHB_2,SharedSecret_2)) ==> event(B_0(GUIDB_4,CB_2,ChallengeB_2,gy_DHB_2,GUIDA_4,CA_2,ChallengeA_2,gx_DHA_2)) && event(A_0(GUIDA_4,CA_2,ChallengeA_2,gx_DHA_2,PdataB_3)) is false.

--------------------------------------------------------------
Verification summary:

Query event(A_1(GUIDA_4,CA_2,ChallengeA_2,gx_DHA_2,GUIDB_4,CB_2,ChallengeB_2,gy_DHB_2,SharedSecret_2)) ==> event(B_0(GUIDB_4,CB_2,ChallengeB_2,gy_DHB_2,GUIDA_4,CA_2,ChallengeA_2,gx_DHA_2)) && event(A_0(GUIDA_4,CA_2,ChallengeA_2,gx_DHA_2,PdataB_3)) is false.

--------------------------------------------------------------

