Linear part:
dh_exp(dh_pub(g,x),y) = dh_exp(dh_pub(g,y),x)
Completing equations...
Completed equations:
dh_exp(dh_pub(g,x),y) = dh_exp(dh_pub(g,y),x)
Convergent part: No equation.
Process 0 (that is, the initial process):
{1}let PK_CI: PK_t = pk(SK_CI) in
{2}out(RTPS_Ch, PK_CI);
{3}let PK_Perm: PK_t = pk(SK_Perm) in
{4}out(RTPS_Ch, PK_Perm);
{5}new GUIDA: GUID_t;
{6}new PrivKA: SK_t;
{7}let sn: GUID_t = GUIDA in
{8}let Pk: PK_t = pk(PrivKA) in
{9}let CertA: Cert_t = sign_cert(sn,Pk,SN_CI,SK_CI) in
{10}new DGA: DomainGovernance_t;
{11}new PPA: ParticipantPermission_t;
{12}new QoSA: Qos_t;
{13}let sn_1: GUID_t = GUIDA in
{14}let DG: DomainGovernance_t = DGA in
{15}let PP: ParticipantPermission_t = PPA in
{16}let PermA: PermDoc_t = sign_perm(sn_1,DG,PP,SK_Perm) in
{17}let DHAlgoA: Algo_t = make_algo(ID_G,DH_RSA) in
{18}new GUIDB: GUID_t;
{19}new PrivKB: SK_t;
{20}let sn_2: GUID_t = GUIDB in
{21}let Pk_1: PK_t = pk(PrivKB) in
{22}let CertB: Cert_t = sign_cert(sn_2,Pk_1,SN_CI,SK_CI) in
{23}new DGB: DomainGovernance_t;
{24}new PPB: ParticipantPermission_t;
{25}new QosB: Qos_t;
{26}let sn_3: GUID_t = GUIDB in
{27}let DG_1: DomainGovernance_t = DGB in
{28}let PP_1: ParticipantPermission_t = PPB in
{29}let PermB: PermDoc_t = sign_perm(sn_3,DG_1,PP_1,SK_Perm) in
{30}let DHAlgoB: Algo_t = make_algo(ID_G,DH_RSA) in
{31}new Topic_bd: TopicID_t;
(
    {32}out(RTPS_Ch, SK_CI)
) | (
    {33}!
    {34}let GUIDA_1: GUID_t = GUIDA in
    {35}let PrivK_A: SK_t = PrivKA in
    {36}let HashAlgoA: Hash_alg_t = SHA256 in
    {37}let QoSA_1: Qos_t = QoSA in
    {38}let AeadAlgoA: Aead_alg_t = AES_GCM_128 in
    {39}let Topic_bd_1: TopicID_t = Topic_bd in
    {40}let PdataA: Pdata_t = participant_data(GUIDA_1,Topic_bd_1,QoSA_1,discoveryRegister) in
    {41}out(Discovery_ch, (GUIDA_1,PdataA));
    {42}in(Discovery_ch, (PdataB: Pdata_t,=discoveredParticipant,=PdataA));
    {43}event A_discover(PdataB);
    {44}let make_algo(g: group_t,algoName: AlgoName_t) = DHAlgoA in
    {45}new ChallengeA: bitstring;
    {46}new s[]: Seed_t;
    {47}let gx: element_t = dh_pub(g,dh_k(s)) in
    {48}let (x: bitstring,gx_DHA: element_t) = (dh_k(s),gx) in
    {49}let CA: Clist_t = make_C_list(CertA,PermA,PdataA,DHAlgoA,HashAlgoA) in
    {50}let hash_CA: bitstring = hash(HashAlgoA,CA) in
    {51}event A_0(GUIDA_1,CA,ChallengeA,gx_DHA,PdataB);
    {52}out(RTPS_Ch, (CA,hash_CA,ChallengeA,gx_DHA));
    {53}in(RTPS_Ch, (CB: Clist_t,hash_CB: bitstring,=ChallengeA,ChallengeB: bitstring,gy_DHB: element_t,=hash_CA,=gx_DHA,sigB: Sig_t));
    {54}let make_C_list(CertB_1: Cert_t,PermB_1: PermDoc_t,=PdataB,=DHAlgoA,=HashAlgoA) = CB in
    {55}let (GUIDB_1: GUID_t,PkB: PK_t,=SN_CI) = check_cert(CertB_1,PK_CI) in
    {56}if verify(PkB,(hash(HashAlgoA,CB),ChallengeB,gy_DHB,ChallengeA,gx_DHA,hash_CA),sigB) then
    {57}event endAtoB(GUIDB_1,CertB_1,ChallengeA);
    {58}let gxy_SharedSecret: element_t = dh_exp(gy_DHB,x) in
    {59}let SharedSecret: bitstring = gxy_SharedSecret in
    {60}let sigA: Sig_t = sign(PrivK_A,(hash_CA,ChallengeA,gx_DHA,ChallengeB,gy_DHB,hash_CB)) in
    {61}event beginBtoA(GUIDA_1,CertA,ChallengeB);
    {62}event A_1(GUIDA_1,CA,ChallengeA,gx_DHA,GUIDB_1,CB,ChallengeB,gy_DHB,SharedSecret);
    {63}out(RTPS_Ch, (hash_CA,hash(HashAlgoA,CB),gx_DHA,gy_DHB,ChallengeA,ChallengeB,sigA));
    {64}in(Discovery_ch, (PermB_x: PermDoc_t,=TopicDiscovered,Topic: TopicID_t,=PdataB));
    {65}if (PermB_x = PermB_1) then
    {66}let (=GUIDB_1,DGB_1: DomainGovernance_t,PPB_1: ParticipantPermission_t) = check_perm(PermB_1,PK_Perm) in
    {67}event PERM_CHECK(GUIDB_1,PermB_1,Topic);
    {68}out(RTPS_Ch, (GUIDA_1,PermissionChecked,GUIDB_1,Topic));
    {69}let KeyMaterial: KeyMaterial_t = KDF(SharedSecret,ChallengeA,ChallengeB) in
    {70}let CryptoToken: CryptoToken_t = encCryptoToken(KeyMaterial,DHAlgoA,HashAlgoA,AeadAlgoA) in
    {71}event A_2(GUIDA_1,CA,ChallengeA,gx_DHA,GUIDB_1,CB,ChallengeB,gy_DHB,SharedSecret,KeyMaterial);
    {72}out(RTPS_Ch, CryptoToken);
    {73}in(RTPS_Ch, (cryptoHeader: CryptoHeader_t,encryptedApplicationData: bitstring));
    {74}let makeCryptoHeader(sessionID: bitstring,IV: bitstring) = cryptoHeader in
    {75}let sessionKey: bitstring = hmac(HashAlgoA,KeyMaterial,(sessionID,KeyMaterial)) in
    {76}let (applicationData: bitstring,=secretData) = aead_dec(AeadAlgoA,sessionKey,IV,cryptoHeader,encryptedApplicationData) in
    {77}event A_3(GUIDB_1,GUIDA_1,applicationData,cryptoHeader,sessionKey);
    {78}event ENC_COMMUNICATION(GUIDA_1,CA,ChallengeA,gx_DHA,GUIDB_1,CB,ChallengeB,gy_DHB,SharedSecret,KeyMaterial,cryptoHeader,sessionKey);
    {79}new sessionID_new: bitstring;
    {80}new IV_new: bitstring;
    {81}let cryptoHeader_new: CryptoHeader_t = makeCryptoHeader(sessionID_new,IV_new) in
    {82}let sessionKey_new: bitstring = hmac(HashAlgoA,KeyMaterial,(sessionID_new,KeyMaterial)) in
    {83}new applicationData_new: bitstring;
    {84}event KEY_UPDATE_begin(GUIDA_1,GUIDB_1,cryptoHeader_new,sessionKey_new,applicationData_new);
    {85}out(RTPS_Ch, (cryptoHeader_new,aead_enc(AeadAlgoA,sessionKey_new,IV,cryptoHeader_new,applicationData_new)));
    {86}out(RTPS_Ch, finishA)
) | (
    {87}!
    {88}let GUIDB_2: GUID_t = GUIDB in
    {89}let PrivK_B: SK_t = PrivKB in
    {90}let HashAlgoB: Hash_alg_t = SHA256 in
    {91}let QosB_1: Qos_t = QosB in
    {92}let AeadAlgoB: Aead_alg_t = AES_GCM_128 in
    {93}let Topic_bd_2: TopicID_t = Topic_bd in
    {94}let PdataB_1: Pdata_t = participant_data(GUIDB_2,Topic_bd_2,QosB_1,discoveryRegister) in
    {95}event B_discover(PdataB_1);
    {96}out(Discovery_ch, (GUIDB_2,PdataB_1));
    {97}in(RTPS_Ch, (CA_1: Clist_t,hash_CA_1: bitstring,ChallengeA_1: bitstring,gx_DHA_1: element_t));
    {98}let make_C_list(CertA_1: Cert_t,PermA_1: PermDoc_t,PdataA_1: Pdata_t,=DHAlgoB,=HashAlgoB) = CA_1 in
    {99}let make_algo(g_1: group_t,algoName_1: AlgoName_t) = DHAlgoB in
    {100}let (GUIDA_2: GUID_t,PkA: PK_t,=SN_CI) = check_cert(CertA_1,PK_CI) in
    {101}if (hash(HashAlgoB,CA_1) = hash_CA_1) then
    {102}new ChallengeB_1: bitstring;
    {103}new s_1[]: Seed_t;
    {104}let gx_1: element_t = dh_pub(g_1,dh_k(s_1)) in
    {105}let (y: bitstring,gy_DHB_1: element_t) = (dh_k(s_1),gx_1) in
    {106}let CB_1: Clist_t = make_C_list(CertB,PermB,PdataB_1,DHAlgoB,HashAlgoB) in
    {107}let hash_CB_1: bitstring = hash(HashAlgoB,CB_1) in
    {108}let sigB_1: Sig_t = sign(PrivK_B,(hash_CB_1,ChallengeB_1,gy_DHB_1,ChallengeA_1,gx_DHA_1,hash_CA_1)) in
    {109}event beginAtoB(GUIDB_2,CertB,ChallengeA_1);
    {110}event B_0(GUIDB_2,CB_1,ChallengeB_1,gy_DHB_1,GUIDA_2,CA_1,ChallengeA_1,gx_DHA_1);
    {111}out(RTPS_Ch, (CB_1,hash_CB_1,ChallengeA_1,ChallengeB_1,gy_DHB_1,hash_CA_1,gx_DHA_1,sigB_1));
    {112}in(RTPS_Ch, (=hash_CA_1,=hash_CB_1,=gx_DHA_1,=gy_DHB_1,=ChallengeA_1,=ChallengeB_1,sigA_1: Sig_t));
    {113}if verify(PkA,(hash_CA_1,ChallengeA_1,gx_DHA_1,ChallengeB_1,gy_DHB_1,hash_CB_1),sigA_1) then
    {114}event endBtoA(GUIDA_2,CertA_1,ChallengeB_1);
    {115}let gxy_SharedSecret_1: element_t = dh_exp(gx_DHA_1,y) in
    {116}let SharedSecret_1: bitstring = gxy_SharedSecret_1 in
    {117}event B_1(GUIDB_2,CB_1,ChallengeB_1,gy_DHB_1,GUIDA_2,CA_1,ChallengeA_1,gx_DHA_1,SharedSecret_1);
    {118}new Topic_1: TopicID_t;
    {119}event TOPIC_CRT_REQ(GUIDB_2,PermB,Topic_1);
    {120}out(Discovery_ch, (PermB,TopicCreateReq,Topic_1,PdataB_1));
    {121}in(RTPS_Ch, (=GUIDA_2,=PermissionChecked,=GUIDB_2,=Topic_1));
    {122}let KeyMaterial_1: KeyMaterial_t = KDF(SharedSecret_1,ChallengeA_1,ChallengeB_1) in
    {123}in(RTPS_Ch, CryptoToken_1: CryptoToken_t);
    {124}if decCryptoToken(CryptoToken_1,KeyMaterial_1,DHAlgoB,HashAlgoB,AeadAlgoB) then
    {125}new sessionID_1: bitstring;
    {126}new IV_1: bitstring;
    {127}let cryptoHeader_1: CryptoHeader_t = makeCryptoHeader(sessionID_1,IV_1) in
    {128}let sessionKey_1: bitstring = hmac(HashAlgoB,KeyMaterial_1,(sessionID_1,KeyMaterial_1)) in
    {129}event B_2(GUIDB_2,CB_1,ChallengeB_1,gy_DHB_1,GUIDA_2,CA_1,ChallengeA_1,gx_DHA_1,SharedSecret_1,KeyMaterial_1,cryptoHeader_1,sessionKey_1);
    {130}new applicationData_1: bitstring;
    {131}event B_3(GUIDB_2,GUIDA_2,applicationData_1,cryptoHeader_1,sessionKey_1);
    {132}out(RTPS_Ch, (cryptoHeader_1,aead_enc(AeadAlgoB,sessionKey_1,IV_1,cryptoHeader_1,(applicationData_1,secretData))));
    {133}in(RTPS_Ch, (cryptoHeader_n: CryptoHeader_t,encryptedApplicationData_1: bitstring));
    {134}let makeCryptoHeader(sessionID_new_1: bitstring,IV_new_1: bitstring) = cryptoHeader_n in
    {135}if (sessionID_new_1 ≠ sessionID_1) then
    {136}let sessionKey_new_1: bitstring = hmac(HashAlgoB,KeyMaterial_1,(sessionID_new_1,KeyMaterial_1)) in
    {137}let applicationData_new_1: bitstring = aead_dec(AeadAlgoB,sessionKey_new_1,IV_1,cryptoHeader_n,encryptedApplicationData_1) in
        {138}event KEY_UPDATE_end(GUIDA_2,GUIDB_2,cryptoHeader_n,sessionKey_new_1,applicationData_new_1);
        {139}out(RTPS_Ch, finishB)
    else
        {140}out(RTPS_Ch, finishB)
) | (
    {141}!
    {142}let Topic_bd_3: TopicID_t = Topic_bd in
    {143}in(Discovery_ch, (GUIDB_3: GUID_t,PdataB_2: Pdata_t));
    {144}let participant_data(=GUIDB_3,=Topic_bd_3,QosB_2: Qos_t,=discoveryRegister) = PdataB_2 in
    {145}in(Discovery_ch, (GUIDA_3: GUID_t,PdataA_2: Pdata_t));
    {146}let participant_data(=GUIDA_3,=Topic_bd_3,QosA: Qos_t,=discoveryRegister) = PdataA_2 in
    {147}event DISCOVERY(GUIDB_3,PdataB_2,GUIDA_3,PdataA_2);
    {148}out(Discovery_ch, (PdataB_2,discoveredParticipant,PdataA_2));
    {149}in(Discovery_ch, (PermB_2: PermDoc_t,=TopicCreateReq,Topic_2: TopicID_t,=PdataB_2));
    {150}event TOPIC_DISCOVERED(GUIDB_3,PermB_2,Topic_2);
    {151}out(Discovery_ch, (PermB_2,TopicDiscovered,Topic_2,PdataB_2));
    {152}out(RTPS_Ch, finishDiscovery)
)

--  Process 1 (that is, process 0, with let moved downwards):
{1}let PK_CI: PK_t = pk(SK_CI) in
{2}out(RTPS_Ch, PK_CI);
{3}let PK_Perm: PK_t = pk(SK_Perm) in
{4}out(RTPS_Ch, PK_Perm);
{5}new GUIDA: GUID_t;
{6}new PrivKA: SK_t;
{10}new DGA: DomainGovernance_t;
{11}new PPA: ParticipantPermission_t;
{12}new QoSA: Qos_t;
{18}new GUIDB: GUID_t;
{19}new PrivKB: SK_t;
{23}new DGB: DomainGovernance_t;
{24}new PPB: ParticipantPermission_t;
{25}new QosB: Qos_t;
{31}new Topic_bd: TopicID_t;
(
    {32}out(RTPS_Ch, SK_CI)
) | (
    {33}!
    {39}let Topic_bd_1: TopicID_t = Topic_bd in
    {37}let QoSA_1: Qos_t = QoSA in
    {34}let GUIDA_1: GUID_t = GUIDA in
    {40}let PdataA: Pdata_t = participant_data(GUIDA_1,Topic_bd_1,QoSA_1,discoveryRegister) in
    {41}out(Discovery_ch, (GUIDA_1,PdataA));
    {42}in(Discovery_ch, (PdataB: Pdata_t,=discoveredParticipant,=PdataA));
    {43}event A_discover(PdataB);
    {17}let DHAlgoA: Algo_t = make_algo(ID_G,DH_RSA) in
    {44}let make_algo(g: group_t,algoName: AlgoName_t) = DHAlgoA in
    {45}new ChallengeA: bitstring;
    {46}new s[]: Seed_t;
    {47}let gx: element_t = dh_pub(g,dh_k(s)) in
    {48}let (x: bitstring,gx_DHA: element_t) = (dh_k(s),gx) in
    {36}let HashAlgoA: Hash_alg_t = SHA256 in
    {15}let PP: ParticipantPermission_t = PPA in
    {14}let DG: DomainGovernance_t = DGA in
    {13}let sn_1: GUID_t = GUIDA in
    {16}let PermA: PermDoc_t = sign_perm(sn_1,DG,PP,SK_Perm) in
    {8}let Pk: PK_t = pk(PrivKA) in
    {7}let sn: GUID_t = GUIDA in
    {9}let CertA: Cert_t = sign_cert(sn,Pk,SN_CI,SK_CI) in
    {49}let CA: Clist_t = make_C_list(CertA,PermA,PdataA,DHAlgoA,HashAlgoA) in
    {51}event A_0(GUIDA_1,CA,ChallengeA,gx_DHA,PdataB);
    {50}let hash_CA: bitstring = hash(HashAlgoA,CA) in
    {52}out(RTPS_Ch, (CA,hash_CA,ChallengeA,gx_DHA));
    {53}in(RTPS_Ch, (CB: Clist_t,hash_CB: bitstring,=ChallengeA,ChallengeB: bitstring,gy_DHB: element_t,=hash_CA,=gx_DHA,sigB: Sig_t));
    {54}let make_C_list(CertB_1: Cert_t,PermB_1: PermDoc_t,=PdataB,=DHAlgoA,=HashAlgoA) = CB in
    {55}let (GUIDB_1: GUID_t,PkB: PK_t,=SN_CI) = check_cert(CertB_1,PK_CI) in
    {56}if verify(PkB,(hash(HashAlgoA,CB),ChallengeB,gy_DHB,ChallengeA,gx_DHA,hash_CA),sigB) then
    {57}event endAtoB(GUIDB_1,CertB_1,ChallengeA);
    {61}event beginBtoA(GUIDA_1,CertA,ChallengeB);
    {58}let gxy_SharedSecret: element_t = dh_exp(gy_DHB,x) in
    {59}let SharedSecret: bitstring = gxy_SharedSecret in
    {62}event A_1(GUIDA_1,CA,ChallengeA,gx_DHA,GUIDB_1,CB,ChallengeB,gy_DHB,SharedSecret);
    {35}let PrivK_A: SK_t = PrivKA in
    {60}let sigA: Sig_t = sign(PrivK_A,(hash_CA,ChallengeA,gx_DHA,ChallengeB,gy_DHB,hash_CB)) in
    {63}out(RTPS_Ch, (hash_CA,hash(HashAlgoA,CB),gx_DHA,gy_DHB,ChallengeA,ChallengeB,sigA));
    {64}in(Discovery_ch, (PermB_x: PermDoc_t,=TopicDiscovered,Topic: TopicID_t,=PdataB));
    {65}if (PermB_x = PermB_1) then
    {66}let (=GUIDB_1,DGB_1: DomainGovernance_t,PPB_1: ParticipantPermission_t) = check_perm(PermB_1,PK_Perm) in
    {67}event PERM_CHECK(GUIDB_1,PermB_1,Topic);
    {68}out(RTPS_Ch, (GUIDA_1,PermissionChecked,GUIDB_1,Topic));
    {69}let KeyMaterial: KeyMaterial_t = KDF(SharedSecret,ChallengeA,ChallengeB) in
    {71}event A_2(GUIDA_1,CA,ChallengeA,gx_DHA,GUIDB_1,CB,ChallengeB,gy_DHB,SharedSecret,KeyMaterial);
    {38}let AeadAlgoA: Aead_alg_t = AES_GCM_128 in
    {70}let CryptoToken: CryptoToken_t = encCryptoToken(KeyMaterial,DHAlgoA,HashAlgoA,AeadAlgoA) in
    {72}out(RTPS_Ch, CryptoToken);
    {73}in(RTPS_Ch, (cryptoHeader: CryptoHeader_t,encryptedApplicationData: bitstring));
    {74}let makeCryptoHeader(sessionID: bitstring,IV: bitstring) = cryptoHeader in
    {75}let sessionKey: bitstring = hmac(HashAlgoA,KeyMaterial,(sessionID,KeyMaterial)) in
    {76}let (applicationData: bitstring,=secretData) = aead_dec(AeadAlgoA,sessionKey,IV,cryptoHeader,encryptedApplicationData) in
    {77}event A_3(GUIDB_1,GUIDA_1,applicationData,cryptoHeader,sessionKey);
    {78}event ENC_COMMUNICATION(GUIDA_1,CA,ChallengeA,gx_DHA,GUIDB_1,CB,ChallengeB,gy_DHB,SharedSecret,KeyMaterial,cryptoHeader,sessionKey);
    {79}new sessionID_new: bitstring;
    {80}new IV_new: bitstring;
    {83}new applicationData_new: bitstring;
    {82}let sessionKey_new: bitstring = hmac(HashAlgoA,KeyMaterial,(sessionID_new,KeyMaterial)) in
    {81}let cryptoHeader_new: CryptoHeader_t = makeCryptoHeader(sessionID_new,IV_new) in
    {84}event KEY_UPDATE_begin(GUIDA_1,GUIDB_1,cryptoHeader_new,sessionKey_new,applicationData_new);
    {85}out(RTPS_Ch, (cryptoHeader_new,aead_enc(AeadAlgoA,sessionKey_new,IV,cryptoHeader_new,applicationData_new)));
    {86}out(RTPS_Ch, finishA)
) | (
    {87}!
    {93}let Topic_bd_2: TopicID_t = Topic_bd in
    {91}let QosB_1: Qos_t = QosB in
    {88}let GUIDB_2: GUID_t = GUIDB in
    {94}let PdataB_1: Pdata_t = participant_data(GUIDB_2,Topic_bd_2,QosB_1,discoveryRegister) in
    {95}event B_discover(PdataB_1);
    {96}out(Discovery_ch, (GUIDB_2,PdataB_1));
    {97}in(RTPS_Ch, (CA_1: Clist_t,hash_CA_1: bitstring,ChallengeA_1: bitstring,gx_DHA_1: element_t));
    {90}let HashAlgoB: Hash_alg_t = SHA256 in
    {30}let DHAlgoB: Algo_t = make_algo(ID_G,DH_RSA) in
    {98}let make_C_list(CertA_1: Cert_t,PermA_1: PermDoc_t,PdataA_1: Pdata_t,=DHAlgoB,=HashAlgoB) = CA_1 in
    {99}let make_algo(g_1: group_t,algoName_1: AlgoName_t) = DHAlgoB in
    {100}let (GUIDA_2: GUID_t,PkA: PK_t,=SN_CI) = check_cert(CertA_1,PK_CI) in
    {101}if (hash(HashAlgoB,CA_1) = hash_CA_1) then
    {102}new ChallengeB_1: bitstring;
    {103}new s_1[]: Seed_t;
    {104}let gx_1: element_t = dh_pub(g_1,dh_k(s_1)) in
    {105}let (y: bitstring,gy_DHB_1: element_t) = (dh_k(s_1),gx_1) in
    {21}let Pk_1: PK_t = pk(PrivKB) in
    {20}let sn_2: GUID_t = GUIDB in
    {22}let CertB: Cert_t = sign_cert(sn_2,Pk_1,SN_CI,SK_CI) in
    {109}event beginAtoB(GUIDB_2,CertB,ChallengeA_1);
    {28}let PP_1: ParticipantPermission_t = PPB in
    {27}let DG_1: DomainGovernance_t = DGB in
    {26}let sn_3: GUID_t = GUIDB in
    {29}let PermB: PermDoc_t = sign_perm(sn_3,DG_1,PP_1,SK_Perm) in
    {106}let CB_1: Clist_t = make_C_list(CertB,PermB,PdataB_1,DHAlgoB,HashAlgoB) in
    {110}event B_0(GUIDB_2,CB_1,ChallengeB_1,gy_DHB_1,GUIDA_2,CA_1,ChallengeA_1,gx_DHA_1);
    {107}let hash_CB_1: bitstring = hash(HashAlgoB,CB_1) in
    {89}let PrivK_B: SK_t = PrivKB in
    {108}let sigB_1: Sig_t = sign(PrivK_B,(hash_CB_1,ChallengeB_1,gy_DHB_1,ChallengeA_1,gx_DHA_1,hash_CA_1)) in
    {111}out(RTPS_Ch, (CB_1,hash_CB_1,ChallengeA_1,ChallengeB_1,gy_DHB_1,hash_CA_1,gx_DHA_1,sigB_1));
    {112}in(RTPS_Ch, (=hash_CA_1,=hash_CB_1,=gx_DHA_1,=gy_DHB_1,=ChallengeA_1,=ChallengeB_1,sigA_1: Sig_t));
    {113}if verify(PkA,(hash_CA_1,ChallengeA_1,gx_DHA_1,ChallengeB_1,gy_DHB_1,hash_CB_1),sigA_1) then
    {114}event endBtoA(GUIDA_2,CertA_1,ChallengeB_1);
    {115}let gxy_SharedSecret_1: element_t = dh_exp(gx_DHA_1,y) in
    {116}let SharedSecret_1: bitstring = gxy_SharedSecret_1 in
    {117}event B_1(GUIDB_2,CB_1,ChallengeB_1,gy_DHB_1,GUIDA_2,CA_1,ChallengeA_1,gx_DHA_1,SharedSecret_1);
    {118}new Topic_1: TopicID_t;
    {119}event TOPIC_CRT_REQ(GUIDB_2,PermB,Topic_1);
    {120}out(Discovery_ch, (PermB,TopicCreateReq,Topic_1,PdataB_1));
    {121}in(RTPS_Ch, (=GUIDA_2,=PermissionChecked,=GUIDB_2,=Topic_1));
    {123}in(RTPS_Ch, CryptoToken_1: CryptoToken_t);
    {122}let KeyMaterial_1: KeyMaterial_t = KDF(SharedSecret_1,ChallengeA_1,ChallengeB_1) in
    {92}let AeadAlgoB: Aead_alg_t = AES_GCM_128 in
    {124}if decCryptoToken(CryptoToken_1,KeyMaterial_1,DHAlgoB,HashAlgoB,AeadAlgoB) then
    {125}new sessionID_1: bitstring;
    {126}new IV_1: bitstring;
    {128}let sessionKey_1: bitstring = hmac(HashAlgoB,KeyMaterial_1,(sessionID_1,KeyMaterial_1)) in
    {127}let cryptoHeader_1: CryptoHeader_t = makeCryptoHeader(sessionID_1,IV_1) in
    {129}event B_2(GUIDB_2,CB_1,ChallengeB_1,gy_DHB_1,GUIDA_2,CA_1,ChallengeA_1,gx_DHA_1,SharedSecret_1,KeyMaterial_1,cryptoHeader_1,sessionKey_1);
    {130}new applicationData_1: bitstring;
    {131}event B_3(GUIDB_2,GUIDA_2,applicationData_1,cryptoHeader_1,sessionKey_1);
    {132}out(RTPS_Ch, (cryptoHeader_1,aead_enc(AeadAlgoB,sessionKey_1,IV_1,cryptoHeader_1,(applicationData_1,secretData))));
    {133}in(RTPS_Ch, (cryptoHeader_n: CryptoHeader_t,encryptedApplicationData_1: bitstring));
    {134}let makeCryptoHeader(sessionID_new_1: bitstring,IV_new_1: bitstring) = cryptoHeader_n in
    {135}if (sessionID_new_1 ≠ sessionID_1) then
    {136}let sessionKey_new_1: bitstring = hmac(HashAlgoB,KeyMaterial_1,(sessionID_new_1,KeyMaterial_1)) in
    {137}let applicationData_new_1: bitstring = aead_dec(AeadAlgoB,sessionKey_new_1,IV_1,cryptoHeader_n,encryptedApplicationData_1) in
        {138}event KEY_UPDATE_end(GUIDA_2,GUIDB_2,cryptoHeader_n,sessionKey_new_1,applicationData_new_1);
        {139}out(RTPS_Ch, finishB)
    else
        {140}out(RTPS_Ch, finishB)
) | (
    {141}!
    {143}in(Discovery_ch, (GUIDB_3: GUID_t,PdataB_2: Pdata_t));
    {142}let Topic_bd_3: TopicID_t = Topic_bd in
    {144}let participant_data(=GUIDB_3,=Topic_bd_3,QosB_2: Qos_t,=discoveryRegister) = PdataB_2 in
    {145}in(Discovery_ch, (GUIDA_3: GUID_t,PdataA_2: Pdata_t));
    {146}let participant_data(=GUIDA_3,=Topic_bd_3,QosA: Qos_t,=discoveryRegister) = PdataA_2 in
    {147}event DISCOVERY(GUIDB_3,PdataB_2,GUIDA_3,PdataA_2);
    {148}out(Discovery_ch, (PdataB_2,discoveredParticipant,PdataA_2));
    {149}in(Discovery_ch, (PermB_2: PermDoc_t,=TopicCreateReq,Topic_2: TopicID_t,=PdataB_2));
    {150}event TOPIC_DISCOVERED(GUIDB_3,PermB_2,Topic_2);
    {151}out(Discovery_ch, (PermB_2,TopicDiscovered,Topic_2,PdataB_2));
    {152}out(RTPS_Ch, finishDiscovery)
)

-- Query event(B_1(GUIDB_4,CB_2,ChallengeB_2,gy_DHB_2,GUIDA_4,CA_2,ChallengeA_2,gx_DHA_2,SharedSecret_2)) ==> event(A_1(GUIDA_4,CA_2,ChallengeA_2,gx_DHA_2,GUIDB_4,CB_2,ChallengeB_2,gy_DHB_2,SharedSecret_2)) in process 1.
Translating the process into Horn clauses...
Completing...
Termination warning: Selecting an hypothesis matching the conclusion.
In case of non-termination, try a noselect declaration implying the following one:
   noselect PkA_1:PK_t, GUIDA_4:GUID_t; attacker(sign_cert(GUIDA_4,PkA_1,SN_CI,SK_CI)).
200 rules inserted. Base: 171 rules (55 with conclusion selected). Queue: 28 rules.
Termination warning: Selecting an hypothesis matching the conclusion.
In case of non-termination, try a noselect declaration implying the following one:
   noselect PdataA_3:Pdata_t, PermA_2:PermDoc_t, PkA_1:PK_t, GUIDA_4:GUID_t; attacker(hash(SHA256,make_C_list(sign_cert(GUIDA_4,PkA_1,SN_CI,SK_CI),PermA_2,PdataA_3,make_algo(ID_G,DH_RSA),SHA256))).
Termination warning: Selecting an hypothesis matching the conclusion.
In case of non-termination, try a noselect declaration implying the following one:
   noselect PdataA_3:Pdata_t, PermA_2:PermDoc_t; attacker(hash(SHA256,make_C_list(sign_cert(GUIDB[],pk(PrivKB[]),SN_CI,SK_CI),PermA_2,PdataA_3,make_algo(ID_G,DH_RSA),SHA256))).
400 rules inserted. Base: 243 rules (76 with conclusion selected). Queue: 47 rules.
600 rules inserted. Base: 306 rules (76 with conclusion selected). Queue: 95 rules.
800 rules inserted. Base: 406 rules (76 with conclusion selected). Queue: 142 rules.
1000 rules inserted. Base: 516 rules (80 with conclusion selected). Queue: 61 rules.
1200 rules inserted. Base: 593 rules (93 with conclusion selected). Queue: 124 rules.
1400 rules inserted. Base: 743 rules (93 with conclusion selected). Queue: 158 rules.
1600 rules inserted. Base: 812 rules (97 with conclusion selected). Queue: 188 rules.
1800 rules inserted. Base: 826 rules (97 with conclusion selected). Queue: 184 rules.
2000 rules inserted. Base: 838 rules (97 with conclusion selected). Queue: 196 rules.
2200 rules inserted. Base: 838 rules (97 with conclusion selected). Queue: 196 rules.
2400 rules inserted. Base: 892 rules (97 with conclusion selected). Queue: 213 rules.
2600 rules inserted. Base: 969 rules (103 with conclusion selected). Queue: 230 rules.
2800 rules inserted. Base: 1031 rules (105 with conclusion selected). Queue: 204 rules.
3000 rules inserted. Base: 1113 rules (105 with conclusion selected). Queue: 145 rules.
3200 rules inserted. Base: 1170 rules (105 with conclusion selected). Queue: 120 rules.
3400 rules inserted. Base: 1213 rules (111 with conclusion selected). Queue: 133 rules.
3600 rules inserted. Base: 1156 rules (117 with conclusion selected). Queue: 194 rules.
3800 rules inserted. Base: 1173 rules (127 with conclusion selected). Queue: 211 rules.
4000 rules inserted. Base: 1212 rules (130 with conclusion selected). Queue: 206 rules.
4200 rules inserted. Base: 1251 rules (136 with conclusion selected). Queue: 228 rules.
4400 rules inserted. Base: 1264 rules (140 with conclusion selected). Queue: 244 rules.
4600 rules inserted. Base: 1318 rules (144 with conclusion selected). Queue: 224 rules.
4800 rules inserted. Base: 1372 rules (144 with conclusion selected). Queue: 230 rules.
5000 rules inserted. Base: 1370 rules (144 with conclusion selected). Queue: 265 rules.
5200 rules inserted. Base: 1374 rules (144 with conclusion selected). Queue: 291 rules.
5400 rules inserted. Base: 1406 rules (144 with conclusion selected). Queue: 339 rules.
5600 rules inserted. Base: 1403 rules (144 with conclusion selected). Queue: 339 rules.
5800 rules inserted. Base: 1375 rules (144 with conclusion selected). Queue: 353 rules.
6000 rules inserted. Base: 1394 rules (146 with conclusion selected). Queue: 452 rules.
6200 rules inserted. Base: 1386 rules (146 with conclusion selected). Queue: 443 rules.
6400 rules inserted. Base: 1519 rules (146 with conclusion selected). Queue: 367 rules.
6600 rules inserted. Base: 1577 rules (146 with conclusion selected). Queue: 412 rules.
6800 rules inserted. Base: 1646 rules (146 with conclusion selected). Queue: 303 rules.
7000 rules inserted. Base: 1746 rules (147 with conclusion selected). Queue: 235 rules.
7200 rules inserted. Base: 1813 rules (147 with conclusion selected). Queue: 108 rules.
7400 rules inserted. Base: 1787 rules (156 with conclusion selected). Queue: 98 rules.
7600 rules inserted. Base: 1753 rules (179 with conclusion selected). Queue: 129 rules.
7800 rules inserted. Base: 1794 rules (199 with conclusion selected). Queue: 97 rules.
8000 rules inserted. Base: 1819 rules (197 with conclusion selected). Queue: 106 rules.
8200 rules inserted. Base: 1829 rules (197 with conclusion selected). Queue: 154 rules.
8400 rules inserted. Base: 1852 rules (198 with conclusion selected). Queue: 154 rules.
8600 rules inserted. Base: 1915 rules (201 with conclusion selected). Queue: 176 rules.
8800 rules inserted. Base: 1962 rules (201 with conclusion selected). Queue: 193 rules.
9000 rules inserted. Base: 1978 rules (201 with conclusion selected). Queue: 178 rules.
9200 rules inserted. Base: 2004 rules (201 with conclusion selected). Queue: 92 rules.
9400 rules inserted. Base: 1995 rules (201 with conclusion selected). Queue: 68 rules.
9600 rules inserted. Base: 2021 rules (217 with conclusion selected). Queue: 23 rules.
9800 rules inserted. Base: 2048 rules (225 with conclusion selected). Queue: 22 rules.
Starting query event(B_1(GUIDB_4,CB_2,ChallengeB_2,gy_DHB_2,GUIDA_4,CA_2,ChallengeA_2,gx_DHA_2,SharedSecret_2)) ==> event(A_1(GUIDA_4,CA_2,ChallengeA_2,gx_DHA_2,GUIDB_4,CB_2,ChallengeB_2,gy_DHB_2,SharedSecret_2))
goal reachable: attacker(GUIDA_4) && attacker(key) && attacker(PermA_2) && attacker(PdataA_3) && attacker(ChallengeA_2) && attacker(gx_DHA_2) -> event(B_1(GUIDB[],make_C_list(sign_cert(GUIDB[],pk(PrivKB[]),SN_CI,SK_CI),sign_perm(GUIDB[],DGB[],PPB[],SK_Perm),participant_data(GUIDB[],Topic_bd[],QosB[],discoveryRegister),make_algo(ID_G,DH_RSA),SHA256),ChallengeB_2,dh_pub(ID_G,dh_k(s_2)),GUIDA_4,make_C_list(sign_cert(GUIDA_4,pk(key),SN_CI,SK_CI),PermA_2,PdataA_3,make_algo(ID_G,DH_RSA),SHA256),ChallengeA_2,gx_DHA_2,dh_exp(gx_DHA_2,dh_k(s_2))))
Abbreviations:
ChallengeB_2 = ChallengeB_1[gx_DHA_1 = gx_DHA_2,ChallengeA_1 = ChallengeA_2,hash_CA_1 = hash(SHA256,make_C_list(sign_cert(GUIDA_4,pk(key),SN_CI,SK_CI),PermA_2,PdataA_3,make_algo(ID_G,DH_RSA),SHA256)),CA_1 = make_C_list(sign_cert(GUIDA_4,pk(key),SN_CI,SK_CI),PermA_2,PdataA_3,make_algo(ID_G,DH_RSA),SHA256),!1 = @sid]
s_2 = s_1[!1 = @sid]

Derivation:
Abbreviations:
ChallengeB_2 = ChallengeB_1[gx_DHA_1 = gx_DHA_2,ChallengeA_1 = ChallengeA_2,hash_CA_1 = hash(SHA256,make_C_list(sign_cert(GUIDA_4,pk(key),SN_CI,SK_CI),PermA_2,PdataA_3,make_algo(ID_G,DH_RSA),SHA256)),CA_1 = make_C_list(sign_cert(GUIDA_4,pk(key),SN_CI,SK_CI),PermA_2,PdataA_3,make_algo(ID_G,DH_RSA),SHA256),!1 = @sid]
s_2 = s_1[!1 = @sid]
ChallengeB_3 = ChallengeB_1[gx_DHA_1 = gx_DHA_3,ChallengeA_1 = ChallengeA_3,hash_CA_1 = hash(SHA256,make_C_list(sign_cert(GUIDA_5,PkA_1,SN_CI,SK_CI),PermA_3,PdataA_4,make_algo(ID_G,DH_RSA),SHA256)),CA_1 = make_C_list(sign_cert(GUIDA_5,PkA_1,SN_CI,SK_CI),PermA_3,PdataA_4,make_algo(ID_G,DH_RSA),SHA256),!1 = @sid]
ChallengeB_4 = ChallengeB_1[gx_DHA_1 = gx_DHA_4,ChallengeA_1 = ChallengeA_4,hash_CA_1 = hash(SHA256,make_C_list(sign_cert(GUIDA_6,PkA_2,SN_CI,SK_CI),PermA_4,PdataA_5,make_algo(ID_G,DH_RSA),SHA256)),CA_1 = make_C_list(sign_cert(GUIDA_6,PkA_2,SN_CI,SK_CI),PermA_4,PdataA_5,make_algo(ID_G,DH_RSA),SHA256),!1 = @sid_1]
s_3 = s_1[!1 = @sid_1]

1. We assume as hypothesis that
attacker(gx_DHA_2).

2. We assume as hypothesis that
attacker(ChallengeA_2).

3. Using the function SHA256 the attacker may obtain SHA256.
attacker(SHA256).

4. Using the function DH_RSA the attacker may obtain DH_RSA.
attacker(DH_RSA).

5. Using the function ID_G the attacker may obtain ID_G.
attacker(ID_G).

6. By 5, the attacker may know ID_G.
By 4, the attacker may know DH_RSA.
Using the function make_algo the attacker may obtain make_algo(ID_G,DH_RSA).
attacker(make_algo(ID_G,DH_RSA)).

7. We assume as hypothesis that
attacker(PdataA_3).

8. We assume as hypothesis that
attacker(PermA_2).

9. The message SK_CI may be sent to the attacker at output {32}.
attacker(SK_CI).

10. Using the function SN_CI the attacker may obtain SN_CI.
attacker(SN_CI).

11. We assume as hypothesis that
attacker(key).

12. By 11, the attacker may know key.
Using the function pk the attacker may obtain pk(key).
attacker(pk(key)).

13. We assume as hypothesis that
attacker(GUIDA_4).

14. By 13, the attacker may know GUIDA_4.
By 12, the attacker may know pk(key).
By 10, the attacker may know SN_CI.
By 9, the attacker may know SK_CI.
Using the function sign_cert the attacker may obtain sign_cert(GUIDA_4,pk(key),SN_CI,SK_CI).
attacker(sign_cert(GUIDA_4,pk(key),SN_CI,SK_CI)).

15. By 14, the attacker may know sign_cert(GUIDA_4,pk(key),SN_CI,SK_CI).
By 8, the attacker may know PermA_2.
By 7, the attacker may know PdataA_3.
By 6, the attacker may know make_algo(ID_G,DH_RSA).
By 3, the attacker may know SHA256.
Using the function make_C_list the attacker may obtain make_C_list(sign_cert(GUIDA_4,pk(key),SN_CI,SK_CI),PermA_2,PdataA_3,make_algo(ID_G,DH_RSA),SHA256).
attacker(make_C_list(sign_cert(GUIDA_4,pk(key),SN_CI,SK_CI),PermA_2,PdataA_3,make_algo(ID_G,DH_RSA),SHA256)).

16. By 3, the attacker may know SHA256.
By 15, the attacker may know make_C_list(sign_cert(GUIDA_4,pk(key),SN_CI,SK_CI),PermA_2,PdataA_3,make_algo(ID_G,DH_RSA),SHA256).
Using the function hash the attacker may obtain hash(SHA256,make_C_list(sign_cert(GUIDA_4,pk(key),SN_CI,SK_CI),PermA_2,PdataA_3,make_algo(ID_G,DH_RSA),SHA256)).
attacker(hash(SHA256,make_C_list(sign_cert(GUIDA_4,pk(key),SN_CI,SK_CI),PermA_2,PdataA_3,make_algo(ID_G,DH_RSA),SHA256))).

17. By 15, the attacker may know make_C_list(sign_cert(GUIDA_4,pk(key),SN_CI,SK_CI),PermA_2,PdataA_3,make_algo(ID_G,DH_RSA),SHA256).
By 16, the attacker may know hash(SHA256,make_C_list(sign_cert(GUIDA_4,pk(key),SN_CI,SK_CI),PermA_2,PdataA_3,make_algo(ID_G,DH_RSA),SHA256)).
By 2, the attacker may know ChallengeA_2.
By 1, the attacker may know gx_DHA_2.
Using the function 4-tuple the attacker may obtain (make_C_list(sign_cert(GUIDA_4,pk(key),SN_CI,SK_CI),PermA_2,PdataA_3,make_algo(ID_G,DH_RSA),SHA256),hash(SHA256,make_C_list(sign_cert(GUIDA_4,pk(key),SN_CI,SK_CI),PermA_2,PdataA_3,make_algo(ID_G,DH_RSA),SHA256)),ChallengeA_2,gx_DHA_2).
attacker((make_C_list(sign_cert(GUIDA_4,pk(key),SN_CI,SK_CI),PermA_2,PdataA_3,make_algo(ID_G,DH_RSA),SHA256),hash(SHA256,make_C_list(sign_cert(GUIDA_4,pk(key),SN_CI,SK_CI),PermA_2,PdataA_3,make_algo(ID_G,DH_RSA),SHA256)),ChallengeA_2,gx_DHA_2)).

18. Using the function discoveryRegister the attacker may obtain discoveryRegister.
attacker(discoveryRegister).

19. The message (GUIDB[],participant_data(GUIDB[],Topic_bd[],QosB[],discoveryRegister)) may be sent to the attacker at output {96}.
attacker((GUIDB[],participant_data(GUIDB[],Topic_bd[],QosB[],discoveryRegister))).

20. By 19, the attacker may know (GUIDB[],participant_data(GUIDB[],Topic_bd[],QosB[],discoveryRegister)).
Using the function 2-proj-2-tuple the attacker may obtain participant_data(GUIDB[],Topic_bd[],QosB[],discoveryRegister).
attacker(participant_data(GUIDB[],Topic_bd[],QosB[],discoveryRegister)).

21. By 20, the attacker may know participant_data(GUIDB[],Topic_bd[],QosB[],discoveryRegister).
Using the function 3-proj-participant_data the attacker may obtain QosB[].
attacker(QosB[]).

22. The message (GUIDA[],participant_data(GUIDA[],Topic_bd[],QoSA[],discoveryRegister)) may be sent to the attacker at output {41}.
attacker((GUIDA[],participant_data(GUIDA[],Topic_bd[],QoSA[],discoveryRegister))).

23. By 22, the attacker may know (GUIDA[],participant_data(GUIDA[],Topic_bd[],QoSA[],discoveryRegister)).
Using the function 2-proj-2-tuple the attacker may obtain participant_data(GUIDA[],Topic_bd[],QoSA[],discoveryRegister).
attacker(participant_data(GUIDA[],Topic_bd[],QoSA[],discoveryRegister)).

24. By 23, the attacker may know participant_data(GUIDA[],Topic_bd[],QoSA[],discoveryRegister).
Using the function 2-proj-participant_data the attacker may obtain Topic_bd[].
attacker(Topic_bd[]).

25. By 19, the attacker may know (GUIDB[],participant_data(GUIDB[],Topic_bd[],QosB[],discoveryRegister)).
Using the function 1-proj-2-tuple the attacker may obtain GUIDB[].
attacker(GUIDB[]).

26. By 25, the attacker may know GUIDB[].
By 24, the attacker may know Topic_bd[].
By 21, the attacker may know QosB[].
By 18, the attacker may know discoveryRegister.
Using the function participant_data the attacker may obtain participant_data(GUIDB[],Topic_bd[],QosB[],discoveryRegister).
attacker(participant_data(GUIDB[],Topic_bd[],QosB[],discoveryRegister)).

27. The attacker has some term gx_DHA_4.
attacker(gx_DHA_4).

28. The attacker has some term ChallengeA_4.
attacker(ChallengeA_4).

29. The attacker has some term PdataA_5.
attacker(PdataA_5).

30. The attacker has some term PermA_4.
attacker(PermA_4).

31. The attacker has some term PkA_2.
attacker(PkA_2).

32. The attacker has some term GUIDA_6.
attacker(GUIDA_6).

33. By 32, the attacker may know GUIDA_6.
By 31, the attacker may know PkA_2.
By 10, the attacker may know SN_CI.
By 9, the attacker may know SK_CI.
Using the function sign_cert the attacker may obtain sign_cert(GUIDA_6,PkA_2,SN_CI,SK_CI).
attacker(sign_cert(GUIDA_6,PkA_2,SN_CI,SK_CI)).

34. By 33, the attacker may know sign_cert(GUIDA_6,PkA_2,SN_CI,SK_CI).
By 30, the attacker may know PermA_4.
By 29, the attacker may know PdataA_5.
By 6, the attacker may know make_algo(ID_G,DH_RSA).
By 3, the attacker may know SHA256.
Using the function make_C_list the attacker may obtain make_C_list(sign_cert(GUIDA_6,PkA_2,SN_CI,SK_CI),PermA_4,PdataA_5,make_algo(ID_G,DH_RSA),SHA256).
attacker(make_C_list(sign_cert(GUIDA_6,PkA_2,SN_CI,SK_CI),PermA_4,PdataA_5,make_algo(ID_G,DH_RSA),SHA256)).

35. By 3, the attacker may know SHA256.
By 34, the attacker may know make_C_list(sign_cert(GUIDA_6,PkA_2,SN_CI,SK_CI),PermA_4,PdataA_5,make_algo(ID_G,DH_RSA),SHA256).
Using the function hash the attacker may obtain hash(SHA256,make_C_list(sign_cert(GUIDA_6,PkA_2,SN_CI,SK_CI),PermA_4,PdataA_5,make_algo(ID_G,DH_RSA),SHA256)).
attacker(hash(SHA256,make_C_list(sign_cert(GUIDA_6,PkA_2,SN_CI,SK_CI),PermA_4,PdataA_5,make_algo(ID_G,DH_RSA),SHA256))).

36. By 34, the attacker may know make_C_list(sign_cert(GUIDA_6,PkA_2,SN_CI,SK_CI),PermA_4,PdataA_5,make_algo(ID_G,DH_RSA),SHA256).
By 35, the attacker may know hash(SHA256,make_C_list(sign_cert(GUIDA_6,PkA_2,SN_CI,SK_CI),PermA_4,PdataA_5,make_algo(ID_G,DH_RSA),SHA256)).
By 28, the attacker may know ChallengeA_4.
By 27, the attacker may know gx_DHA_4.
Using the function 4-tuple the attacker may obtain (make_C_list(sign_cert(GUIDA_6,PkA_2,SN_CI,SK_CI),PermA_4,PdataA_5,make_algo(ID_G,DH_RSA),SHA256),hash(SHA256,make_C_list(sign_cert(GUIDA_6,PkA_2,SN_CI,SK_CI),PermA_4,PdataA_5,make_algo(ID_G,DH_RSA),SHA256)),ChallengeA_4,gx_DHA_4).
attacker((make_C_list(sign_cert(GUIDA_6,PkA_2,SN_CI,SK_CI),PermA_4,PdataA_5,make_algo(ID_G,DH_RSA),SHA256),hash(SHA256,make_C_list(sign_cert(GUIDA_6,PkA_2,SN_CI,SK_CI),PermA_4,PdataA_5,make_algo(ID_G,DH_RSA),SHA256)),ChallengeA_4,gx_DHA_4)).

37. The message (make_C_list(sign_cert(GUIDA_6,PkA_2,SN_CI,SK_CI),PermA_4,PdataA_5,make_algo(ID_G,DH_RSA),SHA256),hash(SHA256,make_C_list(sign_cert(GUIDA_6,PkA_2,SN_CI,SK_CI),PermA_4,PdataA_5,make_algo(ID_G,DH_RSA),SHA256)),ChallengeA_4,gx_DHA_4) that the attacker may have by 36 may be received at input {97}.
So the message (make_C_list(sign_cert(GUIDB[],pk(PrivKB[]),SN_CI,SK_CI),sign_perm(GUIDB[],DGB[],PPB[],SK_Perm),participant_data(GUIDB[],Topic_bd[],QosB[],discoveryRegister),make_algo(ID_G,DH_RSA),SHA256),hash(SHA256,make_C_list(sign_cert(GUIDB[],pk(PrivKB[]),SN_CI,SK_CI),sign_perm(GUIDB[],DGB[],PPB[],SK_Perm),participant_data(GUIDB[],Topic_bd[],QosB[],discoveryRegister),make_algo(ID_G,DH_RSA),SHA256)),ChallengeA_4,ChallengeB_4,dh_pub(ID_G,dh_k(s_3)),hash(SHA256,make_C_list(sign_cert(GUIDA_6,PkA_2,SN_CI,SK_CI),PermA_4,PdataA_5,make_algo(ID_G,DH_RSA),SHA256)),gx_DHA_4,sign(PrivKB[],(hash(SHA256,make_C_list(sign_cert(GUIDB[],pk(PrivKB[]),SN_CI,SK_CI),sign_perm(GUIDB[],DGB[],PPB[],SK_Perm),participant_data(GUIDB[],Topic_bd[],QosB[],discoveryRegister),make_algo(ID_G,DH_RSA),SHA256)),ChallengeB_4,dh_pub(ID_G,dh_k(s_3)),ChallengeA_4,gx_DHA_4,hash(SHA256,make_C_list(sign_cert(GUIDA_6,PkA_2,SN_CI,SK_CI),PermA_4,PdataA_5,make_algo(ID_G,DH_RSA),SHA256))))) may be sent to the attacker at output {111}.
attacker((make_C_list(sign_cert(GUIDB[],pk(PrivKB[]),SN_CI,SK_CI),sign_perm(GUIDB[],DGB[],PPB[],SK_Perm),participant_data(GUIDB[],Topic_bd[],QosB[],discoveryRegister),make_algo(ID_G,DH_RSA),SHA256),hash(SHA256,make_C_list(sign_cert(GUIDB[],pk(PrivKB[]),SN_CI,SK_CI),sign_perm(GUIDB[],DGB[],PPB[],SK_Perm),participant_data(GUIDB[],Topic_bd[],QosB[],discoveryRegister),make_algo(ID_G,DH_RSA),SHA256)),ChallengeA_4,ChallengeB_4,dh_pub(ID_G,dh_k(s_3)),hash(SHA256,make_C_list(sign_cert(GUIDA_6,PkA_2,SN_CI,SK_CI),PermA_4,PdataA_5,make_algo(ID_G,DH_RSA),SHA256)),gx_DHA_4,sign(PrivKB[],(hash(SHA256,make_C_list(sign_cert(GUIDB[],pk(PrivKB[]),SN_CI,SK_CI),sign_perm(GUIDB[],DGB[],PPB[],SK_Perm),participant_data(GUIDB[],Topic_bd[],QosB[],discoveryRegister),make_algo(ID_G,DH_RSA),SHA256)),ChallengeB_4,dh_pub(ID_G,dh_k(s_3)),ChallengeA_4,gx_DHA_4,hash(SHA256,make_C_list(sign_cert(GUIDA_6,PkA_2,SN_CI,SK_CI),PermA_4,PdataA_5,make_algo(ID_G,DH_RSA),SHA256)))))).

38. By 37, the attacker may know (make_C_list(sign_cert(GUIDB[],pk(PrivKB[]),SN_CI,SK_CI),sign_perm(GUIDB[],DGB[],PPB[],SK_Perm),participant_data(GUIDB[],Topic_bd[],QosB[],discoveryRegister),make_algo(ID_G,DH_RSA),SHA256),hash(SHA256,make_C_list(sign_cert(GUIDB[],pk(PrivKB[]),SN_CI,SK_CI),sign_perm(GUIDB[],DGB[],PPB[],SK_Perm),participant_data(GUIDB[],Topic_bd[],QosB[],discoveryRegister),make_algo(ID_G,DH_RSA),SHA256)),ChallengeA_4,ChallengeB_4,dh_pub(ID_G,dh_k(s_3)),hash(SHA256,make_C_list(sign_cert(GUIDA_6,PkA_2,SN_CI,SK_CI),PermA_4,PdataA_5,make_algo(ID_G,DH_RSA),SHA256)),gx_DHA_4,sign(PrivKB[],(hash(SHA256,make_C_list(sign_cert(GUIDB[],pk(PrivKB[]),SN_CI,SK_CI),sign_perm(GUIDB[],DGB[],PPB[],SK_Perm),participant_data(GUIDB[],Topic_bd[],QosB[],discoveryRegister),make_algo(ID_G,DH_RSA),SHA256)),ChallengeB_4,dh_pub(ID_G,dh_k(s_3)),ChallengeA_4,gx_DHA_4,hash(SHA256,make_C_list(sign_cert(GUIDA_6,PkA_2,SN_CI,SK_CI),PermA_4,PdataA_5,make_algo(ID_G,DH_RSA),SHA256))))).
Using the function 1-proj-8-tuple the attacker may obtain make_C_list(sign_cert(GUIDB[],pk(PrivKB[]),SN_CI,SK_CI),sign_perm(GUIDB[],DGB[],PPB[],SK_Perm),participant_data(GUIDB[],Topic_bd[],QosB[],discoveryRegister),make_algo(ID_G,DH_RSA),SHA256).
attacker(make_C_list(sign_cert(GUIDB[],pk(PrivKB[]),SN_CI,SK_CI),sign_perm(GUIDB[],DGB[],PPB[],SK_Perm),participant_data(GUIDB[],Topic_bd[],QosB[],discoveryRegister),make_algo(ID_G,DH_RSA),SHA256)).

39. By 38, the attacker may know make_C_list(sign_cert(GUIDB[],pk(PrivKB[]),SN_CI,SK_CI),sign_perm(GUIDB[],DGB[],PPB[],SK_Perm),participant_data(GUIDB[],Topic_bd[],QosB[],discoveryRegister),make_algo(ID_G,DH_RSA),SHA256).
Using the function 2-proj-make_C_list the attacker may obtain sign_perm(GUIDB[],DGB[],PPB[],SK_Perm).
attacker(sign_perm(GUIDB[],DGB[],PPB[],SK_Perm)).

40. By 38, the attacker may know make_C_list(sign_cert(GUIDB[],pk(PrivKB[]),SN_CI,SK_CI),sign_perm(GUIDB[],DGB[],PPB[],SK_Perm),participant_data(GUIDB[],Topic_bd[],QosB[],discoveryRegister),make_algo(ID_G,DH_RSA),SHA256).
Using the function 1-proj-make_C_list the attacker may obtain sign_cert(GUIDB[],pk(PrivKB[]),SN_CI,SK_CI).
attacker(sign_cert(GUIDB[],pk(PrivKB[]),SN_CI,SK_CI)).

41. By 40, the attacker may know sign_cert(GUIDB[],pk(PrivKB[]),SN_CI,SK_CI).
By 39, the attacker may know sign_perm(GUIDB[],DGB[],PPB[],SK_Perm).
By 26, the attacker may know participant_data(GUIDB[],Topic_bd[],QosB[],discoveryRegister).
By 6, the attacker may know make_algo(ID_G,DH_RSA).
By 3, the attacker may know SHA256.
Using the function make_C_list the attacker may obtain make_C_list(sign_cert(GUIDB[],pk(PrivKB[]),SN_CI,SK_CI),sign_perm(GUIDB[],DGB[],PPB[],SK_Perm),participant_data(GUIDB[],Topic_bd[],QosB[],discoveryRegister),make_algo(ID_G,DH_RSA),SHA256).
attacker(make_C_list(sign_cert(GUIDB[],pk(PrivKB[]),SN_CI,SK_CI),sign_perm(GUIDB[],DGB[],PPB[],SK_Perm),participant_data(GUIDB[],Topic_bd[],QosB[],discoveryRegister),make_algo(ID_G,DH_RSA),SHA256)).

42. By 3, the attacker may know SHA256.
By 41, the attacker may know make_C_list(sign_cert(GUIDB[],pk(PrivKB[]),SN_CI,SK_CI),sign_perm(GUIDB[],DGB[],PPB[],SK_Perm),participant_data(GUIDB[],Topic_bd[],QosB[],discoveryRegister),make_algo(ID_G,DH_RSA),SHA256).
Using the function hash the attacker may obtain hash(SHA256,make_C_list(sign_cert(GUIDB[],pk(PrivKB[]),SN_CI,SK_CI),sign_perm(GUIDB[],DGB[],PPB[],SK_Perm),participant_data(GUIDB[],Topic_bd[],QosB[],discoveryRegister),make_algo(ID_G,DH_RSA),SHA256)).
attacker(hash(SHA256,make_C_list(sign_cert(GUIDB[],pk(PrivKB[]),SN_CI,SK_CI),sign_perm(GUIDB[],DGB[],PPB[],SK_Perm),participant_data(GUIDB[],Topic_bd[],QosB[],discoveryRegister),make_algo(ID_G,DH_RSA),SHA256))).

43. The attacker has some term gx_DHA_3.
attacker(gx_DHA_3).

44. The attacker has some term ChallengeA_3.
attacker(ChallengeA_3).

45. The attacker has some term PdataA_4.
attacker(PdataA_4).

46. The attacker has some term PermA_3.
attacker(PermA_3).

47. The attacker has some term PkA_1.
attacker(PkA_1).

48. The attacker has some term GUIDA_5.
attacker(GUIDA_5).

49. By 48, the attacker may know GUIDA_5.
By 47, the attacker may know PkA_1.
By 10, the attacker may know SN_CI.
By 9, the attacker may know SK_CI.
Using the function sign_cert the attacker may obtain sign_cert(GUIDA_5,PkA_1,SN_CI,SK_CI).
attacker(sign_cert(GUIDA_5,PkA_1,SN_CI,SK_CI)).

50. By 49, the attacker may know sign_cert(GUIDA_5,PkA_1,SN_CI,SK_CI).
By 46, the attacker may know PermA_3.
By 45, the attacker may know PdataA_4.
By 6, the attacker may know make_algo(ID_G,DH_RSA).
By 3, the attacker may know SHA256.
Using the function make_C_list the attacker may obtain make_C_list(sign_cert(GUIDA_5,PkA_1,SN_CI,SK_CI),PermA_3,PdataA_4,make_algo(ID_G,DH_RSA),SHA256).
attacker(make_C_list(sign_cert(GUIDA_5,PkA_1,SN_CI,SK_CI),PermA_3,PdataA_4,make_algo(ID_G,DH_RSA),SHA256)).

51. By 3, the attacker may know SHA256.
By 50, the attacker may know make_C_list(sign_cert(GUIDA_5,PkA_1,SN_CI,SK_CI),PermA_3,PdataA_4,make_algo(ID_G,DH_RSA),SHA256).
Using the function hash the attacker may obtain hash(SHA256,make_C_list(sign_cert(GUIDA_5,PkA_1,SN_CI,SK_CI),PermA_3,PdataA_4,make_algo(ID_G,DH_RSA),SHA256)).
attacker(hash(SHA256,make_C_list(sign_cert(GUIDA_5,PkA_1,SN_CI,SK_CI),PermA_3,PdataA_4,make_algo(ID_G,DH_RSA),SHA256))).

52. By 50, the attacker may know make_C_list(sign_cert(GUIDA_5,PkA_1,SN_CI,SK_CI),PermA_3,PdataA_4,make_algo(ID_G,DH_RSA),SHA256).
By 51, the attacker may know hash(SHA256,make_C_list(sign_cert(GUIDA_5,PkA_1,SN_CI,SK_CI),PermA_3,PdataA_4,make_algo(ID_G,DH_RSA),SHA256)).
By 44, the attacker may know ChallengeA_3.
By 43, the attacker may know gx_DHA_3.
Using the function 4-tuple the attacker may obtain (make_C_list(sign_cert(GUIDA_5,PkA_1,SN_CI,SK_CI),PermA_3,PdataA_4,make_algo(ID_G,DH_RSA),SHA256),hash(SHA256,make_C_list(sign_cert(GUIDA_5,PkA_1,SN_CI,SK_CI),PermA_3,PdataA_4,make_algo(ID_G,DH_RSA),SHA256)),ChallengeA_3,gx_DHA_3).
attacker((make_C_list(sign_cert(GUIDA_5,PkA_1,SN_CI,SK_CI),PermA_3,PdataA_4,make_algo(ID_G,DH_RSA),SHA256),hash(SHA256,make_C_list(sign_cert(GUIDA_5,PkA_1,SN_CI,SK_CI),PermA_3,PdataA_4,make_algo(ID_G,DH_RSA),SHA256)),ChallengeA_3,gx_DHA_3)).

53. The message (make_C_list(sign_cert(GUIDA_5,PkA_1,SN_CI,SK_CI),PermA_3,PdataA_4,make_algo(ID_G,DH_RSA),SHA256),hash(SHA256,make_C_list(sign_cert(GUIDA_5,PkA_1,SN_CI,SK_CI),PermA_3,PdataA_4,make_algo(ID_G,DH_RSA),SHA256)),ChallengeA_3,gx_DHA_3) that the attacker may have by 52 may be received at input {97}.
So the message (make_C_list(sign_cert(GUIDB[],pk(PrivKB[]),SN_CI,SK_CI),sign_perm(GUIDB[],DGB[],PPB[],SK_Perm),participant_data(GUIDB[],Topic_bd[],QosB[],discoveryRegister),make_algo(ID_G,DH_RSA),SHA256),hash(SHA256,make_C_list(sign_cert(GUIDB[],pk(PrivKB[]),SN_CI,SK_CI),sign_perm(GUIDB[],DGB[],PPB[],SK_Perm),participant_data(GUIDB[],Topic_bd[],QosB[],discoveryRegister),make_algo(ID_G,DH_RSA),SHA256)),ChallengeA_3,ChallengeB_3,dh_pub(ID_G,dh_k(s_2)),hash(SHA256,make_C_list(sign_cert(GUIDA_5,PkA_1,SN_CI,SK_CI),PermA_3,PdataA_4,make_algo(ID_G,DH_RSA),SHA256)),gx_DHA_3,sign(PrivKB[],(hash(SHA256,make_C_list(sign_cert(GUIDB[],pk(PrivKB[]),SN_CI,SK_CI),sign_perm(GUIDB[],DGB[],PPB[],SK_Perm),participant_data(GUIDB[],Topic_bd[],QosB[],discoveryRegister),make_algo(ID_G,DH_RSA),SHA256)),ChallengeB_3,dh_pub(ID_G,dh_k(s_2)),ChallengeA_3,gx_DHA_3,hash(SHA256,make_C_list(sign_cert(GUIDA_5,PkA_1,SN_CI,SK_CI),PermA_3,PdataA_4,make_algo(ID_G,DH_RSA),SHA256))))) may be sent to the attacker at output {111}.
attacker((make_C_list(sign_cert(GUIDB[],pk(PrivKB[]),SN_CI,SK_CI),sign_perm(GUIDB[],DGB[],PPB[],SK_Perm),participant_data(GUIDB[],Topic_bd[],QosB[],discoveryRegister),make_algo(ID_G,DH_RSA),SHA256),hash(SHA256,make_C_list(sign_cert(GUIDB[],pk(PrivKB[]),SN_CI,SK_CI),sign_perm(GUIDB[],DGB[],PPB[],SK_Perm),participant_data(GUIDB[],Topic_bd[],QosB[],discoveryRegister),make_algo(ID_G,DH_RSA),SHA256)),ChallengeA_3,ChallengeB_3,dh_pub(ID_G,dh_k(s_2)),hash(SHA256,make_C_list(sign_cert(GUIDA_5,PkA_1,SN_CI,SK_CI),PermA_3,PdataA_4,make_algo(ID_G,DH_RSA),SHA256)),gx_DHA_3,sign(PrivKB[],(hash(SHA256,make_C_list(sign_cert(GUIDB[],pk(PrivKB[]),SN_CI,SK_CI),sign_perm(GUIDB[],DGB[],PPB[],SK_Perm),participant_data(GUIDB[],Topic_bd[],QosB[],discoveryRegister),make_algo(ID_G,DH_RSA),SHA256)),ChallengeB_3,dh_pub(ID_G,dh_k(s_2)),ChallengeA_3,gx_DHA_3,hash(SHA256,make_C_list(sign_cert(GUIDA_5,PkA_1,SN_CI,SK_CI),PermA_3,PdataA_4,make_algo(ID_G,DH_RSA),SHA256)))))).

54. By 53, the attacker may know (make_C_list(sign_cert(GUIDB[],pk(PrivKB[]),SN_CI,SK_CI),sign_perm(GUIDB[],DGB[],PPB[],SK_Perm),participant_data(GUIDB[],Topic_bd[],QosB[],discoveryRegister),make_algo(ID_G,DH_RSA),SHA256),hash(SHA256,make_C_list(sign_cert(GUIDB[],pk(PrivKB[]),SN_CI,SK_CI),sign_perm(GUIDB[],DGB[],PPB[],SK_Perm),participant_data(GUIDB[],Topic_bd[],QosB[],discoveryRegister),make_algo(ID_G,DH_RSA),SHA256)),ChallengeA_3,ChallengeB_3,dh_pub(ID_G,dh_k(s_2)),hash(SHA256,make_C_list(sign_cert(GUIDA_5,PkA_1,SN_CI,SK_CI),PermA_3,PdataA_4,make_algo(ID_G,DH_RSA),SHA256)),gx_DHA_3,sign(PrivKB[],(hash(SHA256,make_C_list(sign_cert(GUIDB[],pk(PrivKB[]),SN_CI,SK_CI),sign_perm(GUIDB[],DGB[],PPB[],SK_Perm),participant_data(GUIDB[],Topic_bd[],QosB[],discoveryRegister),make_algo(ID_G,DH_RSA),SHA256)),ChallengeB_3,dh_pub(ID_G,dh_k(s_2)),ChallengeA_3,gx_DHA_3,hash(SHA256,make_C_list(sign_cert(GUIDA_5,PkA_1,SN_CI,SK_CI),PermA_3,PdataA_4,make_algo(ID_G,DH_RSA),SHA256))))).
Using the function 5-proj-8-tuple the attacker may obtain dh_pub(ID_G,dh_k(s_2)).
attacker(dh_pub(ID_G,dh_k(s_2))).

55. The message (make_C_list(sign_cert(GUIDA_4,pk(key),SN_CI,SK_CI),PermA_2,PdataA_3,make_algo(ID_G,DH_RSA),SHA256),hash(SHA256,make_C_list(sign_cert(GUIDA_4,pk(key),SN_CI,SK_CI),PermA_2,PdataA_3,make_algo(ID_G,DH_RSA),SHA256)),ChallengeA_2,gx_DHA_2) that the attacker may have by 17 may be received at input {97}.
So the message (make_C_list(sign_cert(GUIDB[],pk(PrivKB[]),SN_CI,SK_CI),sign_perm(GUIDB[],DGB[],PPB[],SK_Perm),participant_data(GUIDB[],Topic_bd[],QosB[],discoveryRegister),make_algo(ID_G,DH_RSA),SHA256),hash(SHA256,make_C_list(sign_cert(GUIDB[],pk(PrivKB[]),SN_CI,SK_CI),sign_perm(GUIDB[],DGB[],PPB[],SK_Perm),participant_data(GUIDB[],Topic_bd[],QosB[],discoveryRegister),make_algo(ID_G,DH_RSA),SHA256)),ChallengeA_2,ChallengeB_2,dh_pub(ID_G,dh_k(s_2)),hash(SHA256,make_C_list(sign_cert(GUIDA_4,pk(key),SN_CI,SK_CI),PermA_2,PdataA_3,make_algo(ID_G,DH_RSA),SHA256)),gx_DHA_2,sign(PrivKB[],(hash(SHA256,make_C_list(sign_cert(GUIDB[],pk(PrivKB[]),SN_CI,SK_CI),sign_perm(GUIDB[],DGB[],PPB[],SK_Perm),participant_data(GUIDB[],Topic_bd[],QosB[],discoveryRegister),make_algo(ID_G,DH_RSA),SHA256)),ChallengeB_2,dh_pub(ID_G,dh_k(s_2)),ChallengeA_2,gx_DHA_2,hash(SHA256,make_C_list(sign_cert(GUIDA_4,pk(key),SN_CI,SK_CI),PermA_2,PdataA_3,make_algo(ID_G,DH_RSA),SHA256))))) may be sent to the attacker at output {111}.
attacker((make_C_list(sign_cert(GUIDB[],pk(PrivKB[]),SN_CI,SK_CI),sign_perm(GUIDB[],DGB[],PPB[],SK_Perm),participant_data(GUIDB[],Topic_bd[],QosB[],discoveryRegister),make_algo(ID_G,DH_RSA),SHA256),hash(SHA256,make_C_list(sign_cert(GUIDB[],pk(PrivKB[]),SN_CI,SK_CI),sign_perm(GUIDB[],DGB[],PPB[],SK_Perm),participant_data(GUIDB[],Topic_bd[],QosB[],discoveryRegister),make_algo(ID_G,DH_RSA),SHA256)),ChallengeA_2,ChallengeB_2,dh_pub(ID_G,dh_k(s_2)),hash(SHA256,make_C_list(sign_cert(GUIDA_4,pk(key),SN_CI,SK_CI),PermA_2,PdataA_3,make_algo(ID_G,DH_RSA),SHA256)),gx_DHA_2,sign(PrivKB[],(hash(SHA256,make_C_list(sign_cert(GUIDB[],pk(PrivKB[]),SN_CI,SK_CI),sign_perm(GUIDB[],DGB[],PPB[],SK_Perm),participant_data(GUIDB[],Topic_bd[],QosB[],discoveryRegister),make_algo(ID_G,DH_RSA),SHA256)),ChallengeB_2,dh_pub(ID_G,dh_k(s_2)),ChallengeA_2,gx_DHA_2,hash(SHA256,make_C_list(sign_cert(GUIDA_4,pk(key),SN_CI,SK_CI),PermA_2,PdataA_3,make_algo(ID_G,DH_RSA),SHA256)))))).

56. By 55, the attacker may know (make_C_list(sign_cert(GUIDB[],pk(PrivKB[]),SN_CI,SK_CI),sign_perm(GUIDB[],DGB[],PPB[],SK_Perm),participant_data(GUIDB[],Topic_bd[],QosB[],discoveryRegister),make_algo(ID_G,DH_RSA),SHA256),hash(SHA256,make_C_list(sign_cert(GUIDB[],pk(PrivKB[]),SN_CI,SK_CI),sign_perm(GUIDB[],DGB[],PPB[],SK_Perm),participant_data(GUIDB[],Topic_bd[],QosB[],discoveryRegister),make_algo(ID_G,DH_RSA),SHA256)),ChallengeA_2,ChallengeB_2,dh_pub(ID_G,dh_k(s_2)),hash(SHA256,make_C_list(sign_cert(GUIDA_4,pk(key),SN_CI,SK_CI),PermA_2,PdataA_3,make_algo(ID_G,DH_RSA),SHA256)),gx_DHA_2,sign(PrivKB[],(hash(SHA256,make_C_list(sign_cert(GUIDB[],pk(PrivKB[]),SN_CI,SK_CI),sign_perm(GUIDB[],DGB[],PPB[],SK_Perm),participant_data(GUIDB[],Topic_bd[],QosB[],discoveryRegister),make_algo(ID_G,DH_RSA),SHA256)),ChallengeB_2,dh_pub(ID_G,dh_k(s_2)),ChallengeA_2,gx_DHA_2,hash(SHA256,make_C_list(sign_cert(GUIDA_4,pk(key),SN_CI,SK_CI),PermA_2,PdataA_3,make_algo(ID_G,DH_RSA),SHA256))))).
Using the function 4-proj-8-tuple the attacker may obtain ChallengeB_2.
attacker(ChallengeB_2).

57. By 16, the attacker may know hash(SHA256,make_C_list(sign_cert(GUIDA_4,pk(key),SN_CI,SK_CI),PermA_2,PdataA_3,make_algo(ID_G,DH_RSA),SHA256)).
By 2, the attacker may know ChallengeA_2.
By 1, the attacker may know gx_DHA_2.
By 56, the attacker may know ChallengeB_2.
By 54, the attacker may know dh_pub(ID_G,dh_k(s_2)).
By 42, the attacker may know hash(SHA256,make_C_list(sign_cert(GUIDB[],pk(PrivKB[]),SN_CI,SK_CI),sign_perm(GUIDB[],DGB[],PPB[],SK_Perm),participant_data(GUIDB[],Topic_bd[],QosB[],discoveryRegister),make_algo(ID_G,DH_RSA),SHA256)).
Using the function 6-tuple the attacker may obtain (hash(SHA256,make_C_list(sign_cert(GUIDA_4,pk(key),SN_CI,SK_CI),PermA_2,PdataA_3,make_algo(ID_G,DH_RSA),SHA256)),ChallengeA_2,gx_DHA_2,ChallengeB_2,dh_pub(ID_G,dh_k(s_2)),hash(SHA256,make_C_list(sign_cert(GUIDB[],pk(PrivKB[]),SN_CI,SK_CI),sign_perm(GUIDB[],DGB[],PPB[],SK_Perm),participant_data(GUIDB[],Topic_bd[],QosB[],discoveryRegister),make_algo(ID_G,DH_RSA),SHA256))).
attacker((hash(SHA256,make_C_list(sign_cert(GUIDA_4,pk(key),SN_CI,SK_CI),PermA_2,PdataA_3,make_algo(ID_G,DH_RSA),SHA256)),ChallengeA_2,gx_DHA_2,ChallengeB_2,dh_pub(ID_G,dh_k(s_2)),hash(SHA256,make_C_list(sign_cert(GUIDB[],pk(PrivKB[]),SN_CI,SK_CI),sign_perm(GUIDB[],DGB[],PPB[],SK_Perm),participant_data(GUIDB[],Topic_bd[],QosB[],discoveryRegister),make_algo(ID_G,DH_RSA),SHA256)))).

58. By 11, the attacker may know key.
By 57, the attacker may know (hash(SHA256,make_C_list(sign_cert(GUIDA_4,pk(key),SN_CI,SK_CI),PermA_2,PdataA_3,make_algo(ID_G,DH_RSA),SHA256)),ChallengeA_2,gx_DHA_2,ChallengeB_2,dh_pub(ID_G,dh_k(s_2)),hash(SHA256,make_C_list(sign_cert(GUIDB[],pk(PrivKB[]),SN_CI,SK_CI),sign_perm(GUIDB[],DGB[],PPB[],SK_Perm),participant_data(GUIDB[],Topic_bd[],QosB[],discoveryRegister),make_algo(ID_G,DH_RSA),SHA256))).
Using the function sign the attacker may obtain sign(key,(hash(SHA256,make_C_list(sign_cert(GUIDA_4,pk(key),SN_CI,SK_CI),PermA_2,PdataA_3,make_algo(ID_G,DH_RSA),SHA256)),ChallengeA_2,gx_DHA_2,ChallengeB_2,dh_pub(ID_G,dh_k(s_2)),hash(SHA256,make_C_list(sign_cert(GUIDB[],pk(PrivKB[]),SN_CI,SK_CI),sign_perm(GUIDB[],DGB[],PPB[],SK_Perm),participant_data(GUIDB[],Topic_bd[],QosB[],discoveryRegister),make_algo(ID_G,DH_RSA),SHA256)))).
attacker(sign(key,(hash(SHA256,make_C_list(sign_cert(GUIDA_4,pk(key),SN_CI,SK_CI),PermA_2,PdataA_3,make_algo(ID_G,DH_RSA),SHA256)),ChallengeA_2,gx_DHA_2,ChallengeB_2,dh_pub(ID_G,dh_k(s_2)),hash(SHA256,make_C_list(sign_cert(GUIDB[],pk(PrivKB[]),SN_CI,SK_CI),sign_perm(GUIDB[],DGB[],PPB[],SK_Perm),participant_data(GUIDB[],Topic_bd[],QosB[],discoveryRegister),make_algo(ID_G,DH_RSA),SHA256))))).

59. By 16, the attacker may know hash(SHA256,make_C_list(sign_cert(GUIDA_4,pk(key),SN_CI,SK_CI),PermA_2,PdataA_3,make_algo(ID_G,DH_RSA),SHA256)).
By 42, the attacker may know hash(SHA256,make_C_list(sign_cert(GUIDB[],pk(PrivKB[]),SN_CI,SK_CI),sign_perm(GUIDB[],DGB[],PPB[],SK_Perm),participant_data(GUIDB[],Topic_bd[],QosB[],discoveryRegister),make_algo(ID_G,DH_RSA),SHA256)).
By 1, the attacker may know gx_DHA_2.
By 54, the attacker may know dh_pub(ID_G,dh_k(s_2)).
By 2, the attacker may know ChallengeA_2.
By 56, the attacker may know ChallengeB_2.
By 58, the attacker may know sign(key,(hash(SHA256,make_C_list(sign_cert(GUIDA_4,pk(key),SN_CI,SK_CI),PermA_2,PdataA_3,make_algo(ID_G,DH_RSA),SHA256)),ChallengeA_2,gx_DHA_2,ChallengeB_2,dh_pub(ID_G,dh_k(s_2)),hash(SHA256,make_C_list(sign_cert(GUIDB[],pk(PrivKB[]),SN_CI,SK_CI),sign_perm(GUIDB[],DGB[],PPB[],SK_Perm),participant_data(GUIDB[],Topic_bd[],QosB[],discoveryRegister),make_algo(ID_G,DH_RSA),SHA256)))).
Using the function 7-tuple the attacker may obtain (hash(SHA256,make_C_list(sign_cert(GUIDA_4,pk(key),SN_CI,SK_CI),PermA_2,PdataA_3,make_algo(ID_G,DH_RSA),SHA256)),hash(SHA256,make_C_list(sign_cert(GUIDB[],pk(PrivKB[]),SN_CI,SK_CI),sign_perm(GUIDB[],DGB[],PPB[],SK_Perm),participant_data(GUIDB[],Topic_bd[],QosB[],discoveryRegister),make_algo(ID_G,DH_RSA),SHA256)),gx_DHA_2,dh_pub(ID_G,dh_k(s_2)),ChallengeA_2,ChallengeB_2,sign(key,(hash(SHA256,make_C_list(sign_cert(GUIDA_4,pk(key),SN_CI,SK_CI),PermA_2,PdataA_3,make_algo(ID_G,DH_RSA),SHA256)),ChallengeA_2,gx_DHA_2,ChallengeB_2,dh_pub(ID_G,dh_k(s_2)),hash(SHA256,make_C_list(sign_cert(GUIDB[],pk(PrivKB[]),SN_CI,SK_CI),sign_perm(GUIDB[],DGB[],PPB[],SK_Perm),participant_data(GUIDB[],Topic_bd[],QosB[],discoveryRegister),make_algo(ID_G,DH_RSA),SHA256))))).
attacker((hash(SHA256,make_C_list(sign_cert(GUIDA_4,pk(key),SN_CI,SK_CI),PermA_2,PdataA_3,make_algo(ID_G,DH_RSA),SHA256)),hash(SHA256,make_C_list(sign_cert(GUIDB[],pk(PrivKB[]),SN_CI,SK_CI),sign_perm(GUIDB[],DGB[],PPB[],SK_Perm),participant_data(GUIDB[],Topic_bd[],QosB[],discoveryRegister),make_algo(ID_G,DH_RSA),SHA256)),gx_DHA_2,dh_pub(ID_G,dh_k(s_2)),ChallengeA_2,ChallengeB_2,sign(key,(hash(SHA256,make_C_list(sign_cert(GUIDA_4,pk(key),SN_CI,SK_CI),PermA_2,PdataA_3,make_algo(ID_G,DH_RSA),SHA256)),ChallengeA_2,gx_DHA_2,ChallengeB_2,dh_pub(ID_G,dh_k(s_2)),hash(SHA256,make_C_list(sign_cert(GUIDB[],pk(PrivKB[]),SN_CI,SK_CI),sign_perm(GUIDB[],DGB[],PPB[],SK_Perm),participant_data(GUIDB[],Topic_bd[],QosB[],discoveryRegister),make_algo(ID_G,DH_RSA),SHA256)))))).

60. The message (make_C_list(sign_cert(GUIDA_4,pk(key),SN_CI,SK_CI),PermA_2,PdataA_3,make_algo(ID_G,DH_RSA),SHA256),hash(SHA256,make_C_list(sign_cert(GUIDA_4,pk(key),SN_CI,SK_CI),PermA_2,PdataA_3,make_algo(ID_G,DH_RSA),SHA256)),ChallengeA_2,gx_DHA_2) that the attacker may have by 17 may be received at input {97}.
The message (hash(SHA256,make_C_list(sign_cert(GUIDA_4,pk(key),SN_CI,SK_CI),PermA_2,PdataA_3,make_algo(ID_G,DH_RSA),SHA256)),hash(SHA256,make_C_list(sign_cert(GUIDB[],pk(PrivKB[]),SN_CI,SK_CI),sign_perm(GUIDB[],DGB[],PPB[],SK_Perm),participant_data(GUIDB[],Topic_bd[],QosB[],discoveryRegister),make_algo(ID_G,DH_RSA),SHA256)),gx_DHA_2,dh_pub(ID_G,dh_k(s_2)),ChallengeA_2,ChallengeB_2,sign(key,(hash(SHA256,make_C_list(sign_cert(GUIDA_4,pk(key),SN_CI,SK_CI),PermA_2,PdataA_3,make_algo(ID_G,DH_RSA),SHA256)),ChallengeA_2,gx_DHA_2,ChallengeB_2,dh_pub(ID_G,dh_k(s_2)),hash(SHA256,make_C_list(sign_cert(GUIDB[],pk(PrivKB[]),SN_CI,SK_CI),sign_perm(GUIDB[],DGB[],PPB[],SK_Perm),participant_data(GUIDB[],Topic_bd[],QosB[],discoveryRegister),make_algo(ID_G,DH_RSA),SHA256))))) that the attacker may have by 59 may be received at input {112}.
So event B_1(GUIDB[],make_C_list(sign_cert(GUIDB[],pk(PrivKB[]),SN_CI,SK_CI),sign_perm(GUIDB[],DGB[],PPB[],SK_Perm),participant_data(GUIDB[],Topic_bd[],QosB[],discoveryRegister),make_algo(ID_G,DH_RSA),SHA256),ChallengeB_2,dh_pub(ID_G,dh_k(s_2)),GUIDA_4,make_C_list(sign_cert(GUIDA_4,pk(key),SN_CI,SK_CI),PermA_2,PdataA_3,make_algo(ID_G,DH_RSA),SHA256),ChallengeA_2,gx_DHA_2,dh_exp(gx_DHA_2,dh_k(s_2))) may be executed at {117}.
event(B_1(GUIDB[],make_C_list(sign_cert(GUIDB[],pk(PrivKB[]),SN_CI,SK_CI),sign_perm(GUIDB[],DGB[],PPB[],SK_Perm),participant_data(GUIDB[],Topic_bd[],QosB[],discoveryRegister),make_algo(ID_G,DH_RSA),SHA256),ChallengeB_2,dh_pub(ID_G,dh_k(s_2)),GUIDA_4,make_C_list(sign_cert(GUIDA_4,pk(key),SN_CI,SK_CI),PermA_2,PdataA_3,make_algo(ID_G,DH_RSA),SHA256),ChallengeA_2,gx_DHA_2,dh_exp(gx_DHA_2,dh_k(s_2)))).

61. By 60, event(B_1(GUIDB[],make_C_list(sign_cert(GUIDB[],pk(PrivKB[]),SN_CI,SK_CI),sign_perm(GUIDB[],DGB[],PPB[],SK_Perm),participant_data(GUIDB[],Topic_bd[],QosB[],discoveryRegister),make_algo(ID_G,DH_RSA),SHA256),ChallengeB_2,dh_pub(ID_G,dh_k(s_2)),GUIDA_4,make_C_list(sign_cert(GUIDA_4,pk(key),SN_CI,SK_CI),PermA_2,PdataA_3,make_algo(ID_G,DH_RSA),SHA256),ChallengeA_2,gx_DHA_2,dh_exp(gx_DHA_2,dh_k(s_2)))).
The goal is reached, represented in the following fact:
event(B_1(GUIDB[],make_C_list(sign_cert(GUIDB[],pk(PrivKB[]),SN_CI,SK_CI),sign_perm(GUIDB[],DGB[],PPB[],SK_Perm),participant_data(GUIDB[],Topic_bd[],QosB[],discoveryRegister),make_algo(ID_G,DH_RSA),SHA256),ChallengeB_2,dh_pub(ID_G,dh_k(s_2)),GUIDA_4,make_C_list(sign_cert(GUIDA_4,pk(key),SN_CI,SK_CI),PermA_2,PdataA_3,make_algo(ID_G,DH_RSA),SHA256),ChallengeA_2,gx_DHA_2,dh_exp(gx_DHA_2,dh_k(s_2)))).


Unified gx_DHA_3 with gx_DHA_2
Unified ChallengeA_3 with ChallengeA_2
Unified PdataA_4 with PdataA_3
Unified PermA_3 with PermA_2
Unified PkA_1 with pk(key)
Unified GUIDA_5 with GUIDA_4
The clause after UnifyDerivationPrecise is
attacker(gx_DHA_2) && attacker(ChallengeA_2) && attacker(PdataA_3) && attacker(PermA_2) && attacker(GUIDA_4) && attacker(key) -> event(B_1(GUIDB[],make_C_list(sign_cert(GUIDB[],pk(PrivKB[]),SN_CI,SK_CI),sign_perm(GUIDB[],DGB[],PPB[],SK_Perm),participant_data(GUIDB[],Topic_bd[],QosB[],discoveryRegister),make_algo(ID_G,DH_RSA),SHA256),ChallengeB_1[gx_DHA_1 = gx_DHA_2,ChallengeA_1 = ChallengeA_2,hash_CA_1 = hash(SHA256,make_C_list(sign_cert(GUIDA_4,pk(key),SN_CI,SK_CI),PermA_2,PdataA_3,make_algo(ID_G,DH_RSA),SHA256)),CA_1 = make_C_list(sign_cert(GUIDA_4,pk(key),SN_CI,SK_CI),PermA_2,PdataA_3,make_algo(ID_G,DH_RSA),SHA256),!1 = @sid],dh_pub(ID_G,dh_k(s_1[!1 = @sid])),GUIDA_4,make_C_list(sign_cert(GUIDA_4,pk(key),SN_CI,SK_CI),PermA_2,PdataA_3,make_algo(ID_G,DH_RSA),SHA256),ChallengeA_2,gx_DHA_2,dh_exp(gx_DHA_2,dh_k(s_1[!1 = @sid]))))
This clause still contradicts the query.
A more detailed output of the traces is available with
  set traceDisplay = long.

out(RTPS_Ch, ~M) with ~M = pk(SK_CI) at {2}

out(RTPS_Ch, ~M_1) with ~M_1 = pk(SK_Perm) at {4}

new GUIDA: GUID_t creating GUIDA_7 at {5}

new PrivKA: SK_t creating PrivKA_1 at {6}

new DGA: DomainGovernance_t creating DGA_1 at {10}

new PPA: ParticipantPermission_t creating PPA_1 at {11}

new QoSA: Qos_t creating QoSA_2 at {12}

new GUIDB: GUID_t creating GUIDB_4 at {18}

new PrivKB: SK_t creating PrivKB_1 at {19}

new DGB: DomainGovernance_t creating DGB_2 at {23}

new PPB: ParticipantPermission_t creating PPB_2 at {24}

new QosB: Qos_t creating QosB_3 at {25}

new Topic_bd: TopicID_t creating Topic_bd_4 at {31}

event B_discover(participant_data(GUIDB_4,Topic_bd_4,QosB_3,discoveryRegister)) at {95} in copy a

out(Discovery_ch, (~M_2,participant_data(~M_3,~M_4,~M_5,~M_6))) with ~M_2 = GUIDB_4, ~M_3 = GUIDB_4, ~M_4 = Topic_bd_4, ~M_5 = QosB_3, ~M_6 = discoveryRegister at {96} in copy a

event B_discover(participant_data(GUIDB_4,Topic_bd_4,QosB_3,discoveryRegister)) at {95} in copy a_1

out(Discovery_ch, (~M_7,participant_data(~M_8,~M_9,~M_10,~M_11))) with ~M_7 = GUIDB_4, ~M_8 = GUIDB_4, ~M_9 = Topic_bd_4, ~M_10 = QosB_3, ~M_11 = discoveryRegister at {96} in copy a_1

event B_discover(participant_data(GUIDB_4,Topic_bd_4,QosB_3,discoveryRegister)) at {95} in copy a_2

out(Discovery_ch, (~M_12,participant_data(~M_13,~M_14,~M_15,~M_16))) with ~M_12 = GUIDB_4, ~M_13 = GUIDB_4, ~M_14 = Topic_bd_4, ~M_15 = QosB_3, ~M_16 = discoveryRegister at {96} in copy a_2

out(Discovery_ch, (~M_17,participant_data(~M_18,~M_19,~M_20,~M_21))) with ~M_17 = GUIDA_7, ~M_18 = GUIDA_7, ~M_19 = Topic_bd_4, ~M_20 = QoSA_2, ~M_21 = discoveryRegister at {41} in copy a_3

out(RTPS_Ch, ~M_22) with ~M_22 = SK_CI at {32}

in(RTPS_Ch, (make_C_list(sign_cert(a_4,a_5,SN_CI,~M_22),a_6,a_7,make_algo(ID_G,DH_RSA),SHA256),hash(SHA256,make_C_list(sign_cert(a_4,a_5,SN_CI,~M_22),a_6,a_7,make_algo(ID_G,DH_RSA),SHA256)),a_8,a_9)) with sign_cert(a_4,a_5,SN_CI,~M_22) = sign_cert(a_4,a_5,SN_CI,SK_CI), hash(SHA256,make_C_list(sign_cert(a_4,a_5,SN_CI,~M_22),a_6,a_7,make_algo(ID_G,DH_RSA),SHA256)) = hash(SHA256,make_C_list(sign_cert(a_4,a_5,SN_CI,SK_CI),a_6,a_7,make_algo(ID_G,DH_RSA),SHA256)) at {97} in copy a_2

new ChallengeB_1: bitstring creating ChallengeB_5 at {102} in copy a_2

new s_1: Seed_t creating s_4 at {103} in copy a_2

event beginAtoB(GUIDB_4,sign_cert(GUIDB_4,pk(PrivKB_1),SN_CI,SK_CI),a_8) at {109} in copy a_2

event B_0(GUIDB_4,make_C_list(sign_cert(GUIDB_4,pk(PrivKB_1),SN_CI,SK_CI),sign_perm(GUIDB_4,DGB_2,PPB_2,SK_Perm),participant_data(GUIDB_4,Topic_bd_4,QosB_3,discoveryRegister),make_algo(ID_G,DH_RSA),SHA256),ChallengeB_5,dh_pub(ID_G,dh_k(s_4)),a_4,make_C_list(sign_cert(a_4,a_5,SN_CI,SK_CI),a_6,a_7,make_algo(ID_G,DH_RSA),SHA256),a_8,a_9) at {110} in copy a_2

out(RTPS_Ch, (make_C_list(~M_23,~M_24,participant_data(~M_25,~M_26,~M_27,~M_28),make_algo(~M_29,~M_30),~M_31),~M_32,~M_33,~M_34,~M_35,~M_36,~M_37,~M_38)) with ~M_23 = sign_cert(GUIDB_4,pk(PrivKB_1),SN_CI,SK_CI), ~M_24 = sign_perm(GUIDB_4,DGB_2,PPB_2,SK_Perm), ~M_25 = GUIDB_4, ~M_26 = Topic_bd_4, ~M_27 = QosB_3, ~M_28 = discoveryRegister, ~M_29 = ID_G, ~M_30 = DH_RSA, ~M_31 = SHA256, ~M_32 = hash(SHA256,make_C_list(sign_cert(GUIDB_4,pk(PrivKB_1),SN_CI,SK_CI),sign_perm(GUIDB_4,DGB_2,PPB_2,SK_Perm),participant_data(GUIDB_4,Topic_bd_4,QosB_3,discoveryRegister),make_algo(ID_G,DH_RSA),SHA256)), ~M_33 = a_8, ~M_34 = ChallengeB_5, ~M_35 = dh_pub(ID_G,dh_k(s_4)), ~M_36 = hash(SHA256,make_C_list(sign_cert(a_4,a_5,SN_CI,SK_CI),a_6,a_7,make_algo(ID_G,DH_RSA),SHA256)), ~M_37 = a_9, ~M_38 = sign(PrivKB_1,(hash(SHA256,make_C_list(sign_cert(GUIDB_4,pk(PrivKB_1),SN_CI,SK_CI),sign_perm(GUIDB_4,DGB_2,PPB_2,SK_Perm),participant_data(GUIDB_4,Topic_bd_4,QosB_3,discoveryRegister),make_algo(ID_G,DH_RSA),SHA256)),ChallengeB_5,dh_pub(ID_G,dh_k(s_4)),a_8,a_9,hash(SHA256,make_C_list(sign_cert(a_4,a_5,SN_CI,SK_CI),a_6,a_7,make_algo(ID_G,DH_RSA),SHA256)))) at {111} in copy a_2

in(RTPS_Ch, (make_C_list(sign_cert(a_10,pk(a_11),SN_CI,~M_22),a_12,a_13,make_algo(ID_G,DH_RSA),SHA256),hash(SHA256,make_C_list(sign_cert(a_10,pk(a_11),SN_CI,~M_22),a_12,a_13,make_algo(ID_G,DH_RSA),SHA256)),a_14,a_15)) with sign_cert(a_10,pk(a_11),SN_CI,~M_22) = sign_cert(a_10,pk(a_11),SN_CI,SK_CI), hash(SHA256,make_C_list(sign_cert(a_10,pk(a_11),SN_CI,~M_22),a_12,a_13,make_algo(ID_G,DH_RSA),SHA256)) = hash(SHA256,make_C_list(sign_cert(a_10,pk(a_11),SN_CI,SK_CI),a_12,a_13,make_algo(ID_G,DH_RSA),SHA256)) at {97} in copy a

new ChallengeB_1: bitstring creating ChallengeB_6 at {102} in copy a

new s_1: Seed_t creating s_5 at {103} in copy a

event beginAtoB(GUIDB_4,sign_cert(GUIDB_4,pk(PrivKB_1),SN_CI,SK_CI),a_14) at {109} in copy a

event B_0(GUIDB_4,make_C_list(sign_cert(GUIDB_4,pk(PrivKB_1),SN_CI,SK_CI),sign_perm(GUIDB_4,DGB_2,PPB_2,SK_Perm),participant_data(GUIDB_4,Topic_bd_4,QosB_3,discoveryRegister),make_algo(ID_G,DH_RSA),SHA256),ChallengeB_6,dh_pub(ID_G,dh_k(s_5)),a_10,make_C_list(sign_cert(a_10,pk(a_11),SN_CI,SK_CI),a_12,a_13,make_algo(ID_G,DH_RSA),SHA256),a_14,a_15) at {110} in copy a

out(RTPS_Ch, (make_C_list(~M_39,~M_40,participant_data(~M_41,~M_42,~M_43,~M_44),make_algo(~M_45,~M_46),~M_47),~M_48,~M_49,~M_50,~M_51,~M_52,~M_53,~M_54)) with ~M_39 = sign_cert(GUIDB_4,pk(PrivKB_1),SN_CI,SK_CI), ~M_40 = sign_perm(GUIDB_4,DGB_2,PPB_2,SK_Perm), ~M_41 = GUIDB_4, ~M_42 = Topic_bd_4, ~M_43 = QosB_3, ~M_44 = discoveryRegister, ~M_45 = ID_G, ~M_46 = DH_RSA, ~M_47 = SHA256, ~M_48 = hash(SHA256,make_C_list(sign_cert(GUIDB_4,pk(PrivKB_1),SN_CI,SK_CI),sign_perm(GUIDB_4,DGB_2,PPB_2,SK_Perm),participant_data(GUIDB_4,Topic_bd_4,QosB_3,discoveryRegister),make_algo(ID_G,DH_RSA),SHA256)), ~M_49 = a_14, ~M_50 = ChallengeB_6, ~M_51 = dh_pub(ID_G,dh_k(s_5)), ~M_52 = hash(SHA256,make_C_list(sign_cert(a_10,pk(a_11),SN_CI,SK_CI),a_12,a_13,make_algo(ID_G,DH_RSA),SHA256)), ~M_53 = a_15, ~M_54 = sign(PrivKB_1,(hash(SHA256,make_C_list(sign_cert(GUIDB_4,pk(PrivKB_1),SN_CI,SK_CI),sign_perm(GUIDB_4,DGB_2,PPB_2,SK_Perm),participant_data(GUIDB_4,Topic_bd_4,QosB_3,discoveryRegister),make_algo(ID_G,DH_RSA),SHA256)),ChallengeB_6,dh_pub(ID_G,dh_k(s_5)),a_14,a_15,hash(SHA256,make_C_list(sign_cert(a_10,pk(a_11),SN_CI,SK_CI),a_12,a_13,make_algo(ID_G,DH_RSA),SHA256)))) at {111} in copy a

in(RTPS_Ch, (hash(SHA256,make_C_list(sign_cert(a_10,pk(a_11),SN_CI,~M_22),a_12,a_13,make_algo(ID_G,DH_RSA),SHA256)),hash(SHA256,make_C_list(~M_23,~M_24,participant_data(~M_2,~M_4,~M_5,discoveryRegister),make_algo(ID_G,DH_RSA),SHA256)),a_15,~M_51,a_14,~M_50,sign(a_11,(hash(SHA256,make_C_list(sign_cert(a_10,pk(a_11),SN_CI,~M_22),a_12,a_13,make_algo(ID_G,DH_RSA),SHA256)),a_14,a_15,~M_50,~M_51,hash(SHA256,make_C_list(~M_23,~M_24,participant_data(~M_2,~M_4,~M_5,discoveryRegister),make_algo(ID_G,DH_RSA),SHA256)))))) with hash(SHA256,make_C_list(sign_cert(a_10,pk(a_11),SN_CI,~M_22),a_12,a_13,make_algo(ID_G,DH_RSA),SHA256)) = hash(SHA256,make_C_list(sign_cert(a_10,pk(a_11),SN_CI,SK_CI),a_12,a_13,make_algo(ID_G,DH_RSA),SHA256)), hash(SHA256,make_C_list(~M_23,~M_24,participant_data(~M_2,~M_4,~M_5,discoveryRegister),make_algo(ID_G,DH_RSA),SHA256)) = hash(SHA256,make_C_list(sign_cert(GUIDB_4,pk(PrivKB_1),SN_CI,SK_CI),sign_perm(GUIDB_4,DGB_2,PPB_2,SK_Perm),participant_data(GUIDB_4,Topic_bd_4,QosB_3,discoveryRegister),make_algo(ID_G,DH_RSA),SHA256)), ~M_51 = dh_pub(ID_G,dh_k(s_5)), ~M_50 = ChallengeB_6, sign(a_11,(hash(SHA256,make_C_list(sign_cert(a_10,pk(a_11),SN_CI,~M_22),a_12,a_13,make_algo(ID_G,DH_RSA),SHA256)),a_14,a_15,~M_50,~M_51,hash(SHA256,make_C_list(~M_23,~M_24,participant_data(~M_2,~M_4,~M_5,discoveryRegister),make_algo(ID_G,DH_RSA),SHA256)))) = sign(a_11,(hash(SHA256,make_C_list(sign_cert(a_10,pk(a_11),SN_CI,SK_CI),a_12,a_13,make_algo(ID_G,DH_RSA),SHA256)),a_14,a_15,ChallengeB_6,dh_pub(ID_G,dh_k(s_5)),hash(SHA256,make_C_list(sign_cert(GUIDB_4,pk(PrivKB_1),SN_CI,SK_CI),sign_perm(GUIDB_4,DGB_2,PPB_2,SK_Perm),participant_data(GUIDB_4,Topic_bd_4,QosB_3,discoveryRegister),make_algo(ID_G,DH_RSA),SHA256)))) at {112} in copy a

event endBtoA(a_10,sign_cert(a_10,pk(a_11),SN_CI,SK_CI),ChallengeB_6) at {114} in copy a

event B_1(GUIDB_4,make_C_list(sign_cert(GUIDB_4,pk(PrivKB_1),SN_CI,SK_CI),sign_perm(GUIDB_4,DGB_2,PPB_2,SK_Perm),participant_data(GUIDB_4,Topic_bd_4,QosB_3,discoveryRegister),make_algo(ID_G,DH_RSA),SHA256),ChallengeB_6,dh_pub(ID_G,dh_k(s_5)),a_10,make_C_list(sign_cert(a_10,pk(a_11),SN_CI,SK_CI),a_12,a_13,make_algo(ID_G,DH_RSA),SHA256),a_14,a_15,dh_exp(a_15,dh_k(s_5))) at {117} in copy a (goal)

The event B_1(GUIDB_4,make_C_list(sign_cert(GUIDB_4,pk(PrivKB_1),SN_CI,SK_CI),sign_perm(GUIDB_4,DGB_2,PPB_2,SK_Perm),participant_data(GUIDB_4,Topic_bd_4,QosB_3,discoveryRegister),make_algo(ID_G,DH_RSA),SHA256),ChallengeB_6,dh_pub(ID_G,dh_k(s_5)),a_10,make_C_list(sign_cert(a_10,pk(a_11),SN_CI,SK_CI),a_12,a_13,make_algo(ID_G,DH_RSA),SHA256),a_14,a_15,dh_exp(a_15,dh_k(s_5))) is executed at {117} in copy a.
A trace has been found.
RESULT event(B_1(GUIDB_4,CB_2,ChallengeB_2,gy_DHB_2,GUIDA_4,CA_2,ChallengeA_2,gx_DHA_2,SharedSecret_2)) ==> event(A_1(GUIDA_4,CA_2,ChallengeA_2,gx_DHA_2,GUIDB_4,CB_2,ChallengeB_2,gy_DHB_2,SharedSecret_2)) is false.

--------------------------------------------------------------
Verification summary:

Query event(B_1(GUIDB_4,CB_2,ChallengeB_2,gy_DHB_2,GUIDA_4,CA_2,ChallengeA_2,gx_DHA_2,SharedSecret_2)) ==> event(A_1(GUIDA_4,CA_2,ChallengeA_2,gx_DHA_2,GUIDB_4,CB_2,ChallengeB_2,gy_DHB_2,SharedSecret_2)) is false.

--------------------------------------------------------------

