Linear part:
dh_exp(dh_pub(g,x),y) = dh_exp(dh_pub(g,y),x)
Completing equations...
Completed equations:
dh_exp(dh_pub(g,x),y) = dh_exp(dh_pub(g,y),x)
Convergent part: No equation.
Process 0 (that is, the initial process):
{1}let PK_CI: PK_t = pk(SK_CI) in
{2}out(RTPS_Ch, PK_CI);
{3}let PK_Perm: PK_t = pk(SK_Perm) in
{4}out(RTPS_Ch, PK_Perm);
{5}new GUIDA: GUID_t;
{6}new PrivKA: SK_t;
{7}let sn: GUID_t = GUIDA in
{8}let Pk: PK_t = pk(PrivKA) in
{9}let CertA: Cert_t = sign_cert(sn,Pk,SN_CI,SK_CI) in
{10}new DGA: DomainGovernance_t;
{11}new PPA: ParticipantPermission_t;
{12}new QoSA: Qos_t;
{13}let sn_1: GUID_t = GUIDA in
{14}let DG: DomainGovernance_t = DGA in
{15}let PP: ParticipantPermission_t = PPA in
{16}let PermA: PermDoc_t = sign_perm(sn_1,DG,PP,SK_Perm) in
{17}let DHAlgoA: Algo_t = make_algo(ID_G,DH_RSA) in
{18}new GUIDB: GUID_t;
{19}new PrivKB: SK_t;
{20}let sn_2: GUID_t = GUIDB in
{21}let Pk_1: PK_t = pk(PrivKB) in
{22}let CertB: Cert_t = sign_cert(sn_2,Pk_1,SN_CI,SK_CI) in
{23}new DGB: DomainGovernance_t;
{24}new PPB: ParticipantPermission_t;
{25}new QosB: Qos_t;
{26}let sn_3: GUID_t = GUIDB in
{27}let DG_1: DomainGovernance_t = DGB in
{28}let PP_1: ParticipantPermission_t = PPB in
{29}let PermB: PermDoc_t = sign_perm(sn_3,DG_1,PP_1,SK_Perm) in
{30}let DHAlgoB: Algo_t = make_algo(ID_G,DH_RSA) in
{31}new Topic_bd: TopicID_t;
(
    {32}new GUID: GUID_t;
    {33}new PrivK: SK_t;
    {34}let sn_4: GUID_t = GUID in
    {35}let Pk_2: PK_t = pk(PrivK) in
    {36}let Cert: Cert_t = sign_cert(sn_4,Pk_2,SN_CI,SK_CI) in
    {37}new DG_2: DomainGovernance_t;
    {38}new PP_2: ParticipantPermission_t;
    {39}new Qos: Qos_t;
    {40}let sn_5: GUID_t = GUID in
    {41}let DG_3: DomainGovernance_t = DG_2 in
    {42}let PP_3: ParticipantPermission_t = PP_2 in
    {43}let Perm: PermDoc_t = sign_perm(sn_5,DG_3,PP_3,SK_Perm) in
    {44}let DHAlgo: Algo_t = make_algo(ID_G,DH_RSA) in
    {45}out(RTPS_Ch, (GUID,PrivK,Cert,Perm,DHAlgo))
) | (
    {46}!
    {47}let GUIDA_1: GUID_t = GUIDA in
    {48}let PrivK_A: SK_t = PrivKA in
    {49}let HashAlgoA: Hash_alg_t = SHA256 in
    {50}let QoSA_1: Qos_t = QoSA in
    {51}let AeadAlgoA: Aead_alg_t = AES_GCM_128 in
    {52}let Topic_bd_1: TopicID_t = Topic_bd in
    {53}let PdataA: Pdata_t = participant_data(GUIDA_1,Topic_bd_1,QoSA_1,discoveryRegister) in
    {54}out(Discovery_ch, (GUIDA_1,PdataA));
    {55}in(Discovery_ch, (PdataB: Pdata_t,=discoveredParticipant,=PdataA));
    {56}event A_discover(PdataB);
    {57}let make_algo(g: group_t,algoName: AlgoName_t) = DHAlgoA in
    {58}new ChallengeA: bitstring;
    {59}new s[]: Seed_t;
    {60}let gx: element_t = dh_pub(g,dh_k(s)) in
    {61}let (x: bitstring,gx_DHA: element_t) = (dh_k(s),gx) in
    {62}let CA: Clist_t = make_C_list(CertA,PermA,PdataA,DHAlgoA,HashAlgoA) in
    {63}let hash_CA: bitstring = hash(HashAlgoA,CA) in
    {64}event A_0(GUIDA_1,CA,ChallengeA,gx_DHA,PdataB);
    {65}out(RTPS_Ch, (CA,hash_CA,ChallengeA,gx_DHA));
    {66}in(RTPS_Ch, (CB: Clist_t,hash_CB: bitstring,=ChallengeA,ChallengeB: bitstring,gy_DHB: element_t,=hash_CA,=gx_DHA,sigB: Sig_t));
    {67}let make_C_list(CertB_1: Cert_t,PermB_1: PermDoc_t,=PdataB,=DHAlgoA,=HashAlgoA) = CB in
    {68}let (GUIDB_1: GUID_t,PkB: PK_t,=SN_CI) = check_cert(CertB_1,PK_CI) in
    {69}if verify(PkB,(hash(HashAlgoA,CB),ChallengeB,gy_DHB,ChallengeA,gx_DHA,hash_CA),sigB) then
    {70}event endAtoB(GUIDB_1,CertB_1,ChallengeA);
    {71}let gxy_SharedSecret: element_t = dh_exp(gy_DHB,x) in
    {72}let SharedSecret: bitstring = gxy_SharedSecret in
    {73}let sigA: Sig_t = sign(PrivK_A,(hash_CA,ChallengeA,gx_DHA,ChallengeB,gy_DHB,hash_CB)) in
    {74}event beginBtoA(GUIDA_1,CertA,ChallengeB);
    {75}event A_1(GUIDA_1,CA,ChallengeA,gx_DHA,GUIDB_1,CB,ChallengeB,gy_DHB,SharedSecret);
    {76}out(RTPS_Ch, (hash_CA,hash(HashAlgoA,CB),gx_DHA,gy_DHB,ChallengeA,ChallengeB,sigA));
    {77}in(Discovery_ch, (PermB_x: PermDoc_t,=TopicDiscovered,Topic: TopicID_t,=PdataB));
    {78}if (PermB_x = PermB_1) then
    {79}let (=GUIDB_1,DGB_1: DomainGovernance_t,PPB_1: ParticipantPermission_t) = check_perm(PermB_1,PK_Perm) in
    {80}event PERM_CHECK(GUIDB_1,PermB_1,Topic);
    {81}out(RTPS_Ch, (GUIDA_1,PermissionChecked,GUIDB_1,Topic));
    {82}let KeyMaterial: KeyMaterial_t = KDF(SharedSecret,ChallengeA,ChallengeB) in
    {83}let CryptoToken: CryptoToken_t = encCryptoToken(KeyMaterial,DHAlgoA,HashAlgoA,AeadAlgoA) in
    {84}event A_2(GUIDA_1,CA,ChallengeA,gx_DHA,GUIDB_1,CB,ChallengeB,gy_DHB,SharedSecret,KeyMaterial);
    {85}out(RTPS_Ch, CryptoToken);
    {86}in(RTPS_Ch, (cryptoHeader: CryptoHeader_t,applicationData_x: bitstring,applicationDataMAC: bitstring));
    {87}let makeCryptoHeader(sessionID: bitstring,IV: bitstring) = cryptoHeader in
    {88}let sessionKey: bitstring = hmac(HashAlgoA,KeyMaterial,(sessionID,KeyMaterial)) in
    {89}if aead_mac_check(AeadAlgoA,sessionKey,IV,cryptoHeader,applicationData_x,applicationDataMAC) then
    {90}event A_3(GUIDB_1,GUIDA_1,applicationData_x,cryptoHeader,sessionKey);
    {91}event ENC_COMMUNICATION(GUIDA_1,CA,ChallengeA,gx_DHA,GUIDB_1,CB,ChallengeB,gy_DHB,SharedSecret,KeyMaterial,cryptoHeader,sessionKey);
    {92}new sessionID_new: bitstring;
    {93}new IV_new: bitstring;
    {94}let cryptoHeader_new: CryptoHeader_t = makeCryptoHeader(sessionID_new,IV_new) in
    {95}let sessionKey_new: bitstring = hmac(HashAlgoA,KeyMaterial,(sessionID_new,KeyMaterial)) in
    {96}new applicationData_new: bitstring;
    {97}event KEY_UPDATE_begin(GUIDA_1,GUIDB_1,cryptoHeader_new,sessionKey_new,applicationData_new);
    {98}out(RTPS_Ch, (cryptoHeader_new,applicationData_new,aead_mac(AeadAlgoA,sessionKey_new,IV,cryptoHeader_new,applicationData_new)));
    {99}out(RTPS_Ch, finishA)
) | (
    {100}!
    {101}let GUIDB_2: GUID_t = GUIDB in
    {102}let PrivK_B: SK_t = PrivKB in
    {103}let HashAlgoB: Hash_alg_t = SHA256 in
    {104}let QosB_1: Qos_t = QosB in
    {105}let AeadAlgoB: Aead_alg_t = AES_GCM_128 in
    {106}let Topic_bd_2: TopicID_t = Topic_bd in
    {107}let PdataB_1: Pdata_t = participant_data(GUIDB_2,Topic_bd_2,QosB_1,discoveryRegister) in
    {108}event B_discover(PdataB_1);
    {109}out(Discovery_ch, (GUIDB_2,PdataB_1));
    {110}in(RTPS_Ch, (CA_1: Clist_t,hash_CA_1: bitstring,ChallengeA_1: bitstring,gx_DHA_1: element_t));
    {111}let make_C_list(CertA_1: Cert_t,PermA_1: PermDoc_t,PdataA_1: Pdata_t,=DHAlgoB,=HashAlgoB) = CA_1 in
    {112}let make_algo(g_1: group_t,algoName_1: AlgoName_t) = DHAlgoB in
    {113}let (GUIDA_2: GUID_t,PkA: PK_t,=SN_CI) = check_cert(CertA_1,PK_CI) in
    {114}if (hash(HashAlgoB,CA_1) = hash_CA_1) then
    {115}new ChallengeB_1: bitstring;
    {116}new s_1[]: Seed_t;
    {117}let gx_1: element_t = dh_pub(g_1,dh_k(s_1)) in
    {118}let (y: bitstring,gy_DHB_1: element_t) = (dh_k(s_1),gx_1) in
    {119}let CB_1: Clist_t = make_C_list(CertB,PermB,PdataB_1,DHAlgoB,HashAlgoB) in
    {120}let hash_CB_1: bitstring = hash(HashAlgoB,CB_1) in
    {121}let sigB_1: Sig_t = sign(PrivK_B,(hash_CB_1,ChallengeB_1,gy_DHB_1,ChallengeA_1,gx_DHA_1,hash_CA_1)) in
    {122}event beginAtoB(GUIDB_2,CertB,ChallengeA_1);
    {123}event B_0(GUIDB_2,CB_1,ChallengeB_1,gy_DHB_1,GUIDA_2,CA_1,ChallengeA_1,gx_DHA_1);
    {124}out(RTPS_Ch, (CB_1,hash_CB_1,ChallengeA_1,ChallengeB_1,gy_DHB_1,hash_CA_1,gx_DHA_1,sigB_1));
    {125}in(RTPS_Ch, (=hash_CA_1,=hash_CB_1,=gx_DHA_1,=gy_DHB_1,=ChallengeA_1,=ChallengeB_1,sigA_1: Sig_t));
    {126}if verify(PkA,(hash_CA_1,ChallengeA_1,gx_DHA_1,ChallengeB_1,gy_DHB_1,hash_CB_1),sigA_1) then
    {127}event endBtoA(GUIDA_2,CertA_1,ChallengeB_1);
    {128}let gxy_SharedSecret_1: element_t = dh_exp(gx_DHA_1,y) in
    {129}let SharedSecret_1: bitstring = gxy_SharedSecret_1 in
    {130}event B_1(GUIDB_2,CB_1,ChallengeB_1,gy_DHB_1,GUIDA_2,CA_1,ChallengeA_1,gx_DHA_1,SharedSecret_1);
    {131}new Topic_1: TopicID_t;
    {132}event TOPIC_CRT_REQ(GUIDB_2,PermB,Topic_1);
    {133}out(Discovery_ch, (PermB,TopicCreateReq,Topic_1,PdataB_1));
    {134}in(RTPS_Ch, (=GUIDA_2,=PermissionChecked,=GUIDB_2,=Topic_1));
    {135}let KeyMaterial_1: KeyMaterial_t = KDF(SharedSecret_1,ChallengeA_1,ChallengeB_1) in
    {136}in(RTPS_Ch, CryptoToken_1: CryptoToken_t);
    {137}if decCryptoToken(CryptoToken_1,KeyMaterial_1,DHAlgoB,HashAlgoB,AeadAlgoB) then
    {138}new sessionID_1: bitstring;
    {139}new IV_1: bitstring;
    {140}let cryptoHeader_1: CryptoHeader_t = makeCryptoHeader(sessionID_1,IV_1) in
    {141}let sessionKey_1: bitstring = hmac(HashAlgoB,KeyMaterial_1,(sessionID_1,KeyMaterial_1)) in
    {142}event B_2(GUIDB_2,CB_1,ChallengeB_1,gy_DHB_1,GUIDA_2,CA_1,ChallengeA_1,gx_DHA_1,SharedSecret_1,KeyMaterial_1,cryptoHeader_1,sessionKey_1);
    {143}new applicationData_MAC: bitstring;
    {144}event B_3(GUIDB_2,GUIDA_2,applicationData_MAC,cryptoHeader_1,sessionKey_1);
    {145}out(RTPS_Ch, (cryptoHeader_1,(applicationData_MAC,secretData),aead_mac(AeadAlgoB,sessionKey_1,IV_1,cryptoHeader_1,(applicationData_MAC,secretData))));
    {146}in(RTPS_Ch, (cryptoHeader_n: CryptoHeader_t,applicationData_x_new: bitstring,applicationDataMAC_new: bitstring));
    {147}let makeCryptoHeader(sessionID_new_1: bitstring,IV_new_1: bitstring) = cryptoHeader_n in
    {148}if (sessionID_new_1 ≠ sessionID_1) then
    {149}let sessionKey_new_1: bitstring = hmac(HashAlgoB,KeyMaterial_1,(sessionID_new_1,KeyMaterial_1)) in
    {150}if aead_mac_check(AeadAlgoB,sessionKey_new_1,IV_new_1,cryptoHeader_n,applicationData_x_new,applicationDataMAC_new) then
        {151}event KEY_UPDATE_end(GUIDA_2,GUIDB_2,cryptoHeader_n,sessionKey_new_1,applicationData_x_new);
        {152}out(RTPS_Ch, finishB)
    else
        {153}out(RTPS_Ch, finishB)
) | (
    {154}!
    {155}let Topic_bd_3: TopicID_t = Topic_bd in
    {156}in(Discovery_ch, (GUIDB_3: GUID_t,PdataB_2: Pdata_t));
    {157}let participant_data(=GUIDB_3,=Topic_bd_3,QosB_2: Qos_t,=discoveryRegister) = PdataB_2 in
    {158}in(Discovery_ch, (GUIDA_3: GUID_t,PdataA_2: Pdata_t));
    {159}let participant_data(=GUIDA_3,=Topic_bd_3,QosA: Qos_t,=discoveryRegister) = PdataA_2 in
    {160}event DISCOVERY(GUIDB_3,PdataB_2,GUIDA_3,PdataA_2);
    {161}out(Discovery_ch, (PdataB_2,discoveredParticipant,PdataA_2));
    {162}in(Discovery_ch, (PermB_2: PermDoc_t,=TopicCreateReq,Topic_2: TopicID_t,=PdataB_2));
    {163}event TOPIC_DISCOVERED(GUIDB_3,PermB_2,Topic_2);
    {164}out(Discovery_ch, (PermB_2,TopicDiscovered,Topic_2,PdataB_2));
    {165}out(RTPS_Ch, finishDiscovery)
)

--  Process 1 (that is, process 0, with let moved downwards):
{1}let PK_CI: PK_t = pk(SK_CI) in
{2}out(RTPS_Ch, PK_CI);
{3}let PK_Perm: PK_t = pk(SK_Perm) in
{4}out(RTPS_Ch, PK_Perm);
{5}new GUIDA: GUID_t;
{6}new PrivKA: SK_t;
{10}new DGA: DomainGovernance_t;
{11}new PPA: ParticipantPermission_t;
{12}new QoSA: Qos_t;
{18}new GUIDB: GUID_t;
{19}new PrivKB: SK_t;
{23}new DGB: DomainGovernance_t;
{24}new PPB: ParticipantPermission_t;
{25}new QosB: Qos_t;
{31}new Topic_bd: TopicID_t;
(
    {32}new GUID: GUID_t;
    {33}new PrivK: SK_t;
    {37}new DG_2: DomainGovernance_t;
    {38}new PP_2: ParticipantPermission_t;
    {39}new Qos: Qos_t;
    {44}let DHAlgo: Algo_t = make_algo(ID_G,DH_RSA) in
    {42}let PP_3: ParticipantPermission_t = PP_2 in
    {41}let DG_3: DomainGovernance_t = DG_2 in
    {40}let sn_5: GUID_t = GUID in
    {43}let Perm: PermDoc_t = sign_perm(sn_5,DG_3,PP_3,SK_Perm) in
    {35}let Pk_2: PK_t = pk(PrivK) in
    {34}let sn_4: GUID_t = GUID in
    {36}let Cert: Cert_t = sign_cert(sn_4,Pk_2,SN_CI,SK_CI) in
    {45}out(RTPS_Ch, (GUID,PrivK,Cert,Perm,DHAlgo))
) | (
    {46}!
    {52}let Topic_bd_1: TopicID_t = Topic_bd in
    {50}let QoSA_1: Qos_t = QoSA in
    {47}let GUIDA_1: GUID_t = GUIDA in
    {53}let PdataA: Pdata_t = participant_data(GUIDA_1,Topic_bd_1,QoSA_1,discoveryRegister) in
    {54}out(Discovery_ch, (GUIDA_1,PdataA));
    {55}in(Discovery_ch, (PdataB: Pdata_t,=discoveredParticipant,=PdataA));
    {56}event A_discover(PdataB);
    {17}let DHAlgoA: Algo_t = make_algo(ID_G,DH_RSA) in
    {57}let make_algo(g: group_t,algoName: AlgoName_t) = DHAlgoA in
    {58}new ChallengeA: bitstring;
    {59}new s[]: Seed_t;
    {60}let gx: element_t = dh_pub(g,dh_k(s)) in
    {61}let (x: bitstring,gx_DHA: element_t) = (dh_k(s),gx) in
    {49}let HashAlgoA: Hash_alg_t = SHA256 in
    {15}let PP: ParticipantPermission_t = PPA in
    {14}let DG: DomainGovernance_t = DGA in
    {13}let sn_1: GUID_t = GUIDA in
    {16}let PermA: PermDoc_t = sign_perm(sn_1,DG,PP,SK_Perm) in
    {8}let Pk: PK_t = pk(PrivKA) in
    {7}let sn: GUID_t = GUIDA in
    {9}let CertA: Cert_t = sign_cert(sn,Pk,SN_CI,SK_CI) in
    {62}let CA: Clist_t = make_C_list(CertA,PermA,PdataA,DHAlgoA,HashAlgoA) in
    {64}event A_0(GUIDA_1,CA,ChallengeA,gx_DHA,PdataB);
    {63}let hash_CA: bitstring = hash(HashAlgoA,CA) in
    {65}out(RTPS_Ch, (CA,hash_CA,ChallengeA,gx_DHA));
    {66}in(RTPS_Ch, (CB: Clist_t,hash_CB: bitstring,=ChallengeA,ChallengeB: bitstring,gy_DHB: element_t,=hash_CA,=gx_DHA,sigB: Sig_t));
    {67}let make_C_list(CertB_1: Cert_t,PermB_1: PermDoc_t,=PdataB,=DHAlgoA,=HashAlgoA) = CB in
    {68}let (GUIDB_1: GUID_t,PkB: PK_t,=SN_CI) = check_cert(CertB_1,PK_CI) in
    {69}if verify(PkB,(hash(HashAlgoA,CB),ChallengeB,gy_DHB,ChallengeA,gx_DHA,hash_CA),sigB) then
    {70}event endAtoB(GUIDB_1,CertB_1,ChallengeA);
    {74}event beginBtoA(GUIDA_1,CertA,ChallengeB);
    {71}let gxy_SharedSecret: element_t = dh_exp(gy_DHB,x) in
    {72}let SharedSecret: bitstring = gxy_SharedSecret in
    {75}event A_1(GUIDA_1,CA,ChallengeA,gx_DHA,GUIDB_1,CB,ChallengeB,gy_DHB,SharedSecret);
    {48}let PrivK_A: SK_t = PrivKA in
    {73}let sigA: Sig_t = sign(PrivK_A,(hash_CA,ChallengeA,gx_DHA,ChallengeB,gy_DHB,hash_CB)) in
    {76}out(RTPS_Ch, (hash_CA,hash(HashAlgoA,CB),gx_DHA,gy_DHB,ChallengeA,ChallengeB,sigA));
    {77}in(Discovery_ch, (PermB_x: PermDoc_t,=TopicDiscovered,Topic: TopicID_t,=PdataB));
    {78}if (PermB_x = PermB_1) then
    {79}let (=GUIDB_1,DGB_1: DomainGovernance_t,PPB_1: ParticipantPermission_t) = check_perm(PermB_1,PK_Perm) in
    {80}event PERM_CHECK(GUIDB_1,PermB_1,Topic);
    {81}out(RTPS_Ch, (GUIDA_1,PermissionChecked,GUIDB_1,Topic));
    {82}let KeyMaterial: KeyMaterial_t = KDF(SharedSecret,ChallengeA,ChallengeB) in
    {84}event A_2(GUIDA_1,CA,ChallengeA,gx_DHA,GUIDB_1,CB,ChallengeB,gy_DHB,SharedSecret,KeyMaterial);
    {51}let AeadAlgoA: Aead_alg_t = AES_GCM_128 in
    {83}let CryptoToken: CryptoToken_t = encCryptoToken(KeyMaterial,DHAlgoA,HashAlgoA,AeadAlgoA) in
    {85}out(RTPS_Ch, CryptoToken);
    {86}in(RTPS_Ch, (cryptoHeader: CryptoHeader_t,applicationData_x: bitstring,applicationDataMAC: bitstring));
    {87}let makeCryptoHeader(sessionID: bitstring,IV: bitstring) = cryptoHeader in
    {88}let sessionKey: bitstring = hmac(HashAlgoA,KeyMaterial,(sessionID,KeyMaterial)) in
    {89}if aead_mac_check(AeadAlgoA,sessionKey,IV,cryptoHeader,applicationData_x,applicationDataMAC) then
    {90}event A_3(GUIDB_1,GUIDA_1,applicationData_x,cryptoHeader,sessionKey);
    {91}event ENC_COMMUNICATION(GUIDA_1,CA,ChallengeA,gx_DHA,GUIDB_1,CB,ChallengeB,gy_DHB,SharedSecret,KeyMaterial,cryptoHeader,sessionKey);
    {92}new sessionID_new: bitstring;
    {93}new IV_new: bitstring;
    {96}new applicationData_new: bitstring;
    {95}let sessionKey_new: bitstring = hmac(HashAlgoA,KeyMaterial,(sessionID_new,KeyMaterial)) in
    {94}let cryptoHeader_new: CryptoHeader_t = makeCryptoHeader(sessionID_new,IV_new) in
    {97}event KEY_UPDATE_begin(GUIDA_1,GUIDB_1,cryptoHeader_new,sessionKey_new,applicationData_new);
    {98}out(RTPS_Ch, (cryptoHeader_new,applicationData_new,aead_mac(AeadAlgoA,sessionKey_new,IV,cryptoHeader_new,applicationData_new)));
    {99}out(RTPS_Ch, finishA)
) | (
    {100}!
    {106}let Topic_bd_2: TopicID_t = Topic_bd in
    {104}let QosB_1: Qos_t = QosB in
    {101}let GUIDB_2: GUID_t = GUIDB in
    {107}let PdataB_1: Pdata_t = participant_data(GUIDB_2,Topic_bd_2,QosB_1,discoveryRegister) in
    {108}event B_discover(PdataB_1);
    {109}out(Discovery_ch, (GUIDB_2,PdataB_1));
    {110}in(RTPS_Ch, (CA_1: Clist_t,hash_CA_1: bitstring,ChallengeA_1: bitstring,gx_DHA_1: element_t));
    {103}let HashAlgoB: Hash_alg_t = SHA256 in
    {30}let DHAlgoB: Algo_t = make_algo(ID_G,DH_RSA) in
    {111}let make_C_list(CertA_1: Cert_t,PermA_1: PermDoc_t,PdataA_1: Pdata_t,=DHAlgoB,=HashAlgoB) = CA_1 in
    {112}let make_algo(g_1: group_t,algoName_1: AlgoName_t) = DHAlgoB in
    {113}let (GUIDA_2: GUID_t,PkA: PK_t,=SN_CI) = check_cert(CertA_1,PK_CI) in
    {114}if (hash(HashAlgoB,CA_1) = hash_CA_1) then
    {115}new ChallengeB_1: bitstring;
    {116}new s_1[]: Seed_t;
    {117}let gx_1: element_t = dh_pub(g_1,dh_k(s_1)) in
    {118}let (y: bitstring,gy_DHB_1: element_t) = (dh_k(s_1),gx_1) in
    {21}let Pk_1: PK_t = pk(PrivKB) in
    {20}let sn_2: GUID_t = GUIDB in
    {22}let CertB: Cert_t = sign_cert(sn_2,Pk_1,SN_CI,SK_CI) in
    {122}event beginAtoB(GUIDB_2,CertB,ChallengeA_1);
    {28}let PP_1: ParticipantPermission_t = PPB in
    {27}let DG_1: DomainGovernance_t = DGB in
    {26}let sn_3: GUID_t = GUIDB in
    {29}let PermB: PermDoc_t = sign_perm(sn_3,DG_1,PP_1,SK_Perm) in
    {119}let CB_1: Clist_t = make_C_list(CertB,PermB,PdataB_1,DHAlgoB,HashAlgoB) in
    {123}event B_0(GUIDB_2,CB_1,ChallengeB_1,gy_DHB_1,GUIDA_2,CA_1,ChallengeA_1,gx_DHA_1);
    {120}let hash_CB_1: bitstring = hash(HashAlgoB,CB_1) in
    {102}let PrivK_B: SK_t = PrivKB in
    {121}let sigB_1: Sig_t = sign(PrivK_B,(hash_CB_1,ChallengeB_1,gy_DHB_1,ChallengeA_1,gx_DHA_1,hash_CA_1)) in
    {124}out(RTPS_Ch, (CB_1,hash_CB_1,ChallengeA_1,ChallengeB_1,gy_DHB_1,hash_CA_1,gx_DHA_1,sigB_1));
    {125}in(RTPS_Ch, (=hash_CA_1,=hash_CB_1,=gx_DHA_1,=gy_DHB_1,=ChallengeA_1,=ChallengeB_1,sigA_1: Sig_t));
    {126}if verify(PkA,(hash_CA_1,ChallengeA_1,gx_DHA_1,ChallengeB_1,gy_DHB_1,hash_CB_1),sigA_1) then
    {127}event endBtoA(GUIDA_2,CertA_1,ChallengeB_1);
    {128}let gxy_SharedSecret_1: element_t = dh_exp(gx_DHA_1,y) in
    {129}let SharedSecret_1: bitstring = gxy_SharedSecret_1 in
    {130}event B_1(GUIDB_2,CB_1,ChallengeB_1,gy_DHB_1,GUIDA_2,CA_1,ChallengeA_1,gx_DHA_1,SharedSecret_1);
    {131}new Topic_1: TopicID_t;
    {132}event TOPIC_CRT_REQ(GUIDB_2,PermB,Topic_1);
    {133}out(Discovery_ch, (PermB,TopicCreateReq,Topic_1,PdataB_1));
    {134}in(RTPS_Ch, (=GUIDA_2,=PermissionChecked,=GUIDB_2,=Topic_1));
    {136}in(RTPS_Ch, CryptoToken_1: CryptoToken_t);
    {135}let KeyMaterial_1: KeyMaterial_t = KDF(SharedSecret_1,ChallengeA_1,ChallengeB_1) in
    {105}let AeadAlgoB: Aead_alg_t = AES_GCM_128 in
    {137}if decCryptoToken(CryptoToken_1,KeyMaterial_1,DHAlgoB,HashAlgoB,AeadAlgoB) then
    {138}new sessionID_1: bitstring;
    {139}new IV_1: bitstring;
    {141}let sessionKey_1: bitstring = hmac(HashAlgoB,KeyMaterial_1,(sessionID_1,KeyMaterial_1)) in
    {140}let cryptoHeader_1: CryptoHeader_t = makeCryptoHeader(sessionID_1,IV_1) in
    {142}event B_2(GUIDB_2,CB_1,ChallengeB_1,gy_DHB_1,GUIDA_2,CA_1,ChallengeA_1,gx_DHA_1,SharedSecret_1,KeyMaterial_1,cryptoHeader_1,sessionKey_1);
    {143}new applicationData_MAC: bitstring;
    {144}event B_3(GUIDB_2,GUIDA_2,applicationData_MAC,cryptoHeader_1,sessionKey_1);
    {145}out(RTPS_Ch, (cryptoHeader_1,(applicationData_MAC,secretData),aead_mac(AeadAlgoB,sessionKey_1,IV_1,cryptoHeader_1,(applicationData_MAC,secretData))));
    {146}in(RTPS_Ch, (cryptoHeader_n: CryptoHeader_t,applicationData_x_new: bitstring,applicationDataMAC_new: bitstring));
    {147}let makeCryptoHeader(sessionID_new_1: bitstring,IV_new_1: bitstring) = cryptoHeader_n in
    {148}if (sessionID_new_1 ≠ sessionID_1) then
    {149}let sessionKey_new_1: bitstring = hmac(HashAlgoB,KeyMaterial_1,(sessionID_new_1,KeyMaterial_1)) in
    {150}if aead_mac_check(AeadAlgoB,sessionKey_new_1,IV_new_1,cryptoHeader_n,applicationData_x_new,applicationDataMAC_new) then
        {151}event KEY_UPDATE_end(GUIDA_2,GUIDB_2,cryptoHeader_n,sessionKey_new_1,applicationData_x_new);
        {152}out(RTPS_Ch, finishB)
    else
        {153}out(RTPS_Ch, finishB)
) | (
    {154}!
    {156}in(Discovery_ch, (GUIDB_3: GUID_t,PdataB_2: Pdata_t));
    {155}let Topic_bd_3: TopicID_t = Topic_bd in
    {157}let participant_data(=GUIDB_3,=Topic_bd_3,QosB_2: Qos_t,=discoveryRegister) = PdataB_2 in
    {158}in(Discovery_ch, (GUIDA_3: GUID_t,PdataA_2: Pdata_t));
    {159}let participant_data(=GUIDA_3,=Topic_bd_3,QosA: Qos_t,=discoveryRegister) = PdataA_2 in
    {160}event DISCOVERY(GUIDB_3,PdataB_2,GUIDA_3,PdataA_2);
    {161}out(Discovery_ch, (PdataB_2,discoveredParticipant,PdataA_2));
    {162}in(Discovery_ch, (PermB_2: PermDoc_t,=TopicCreateReq,Topic_2: TopicID_t,=PdataB_2));
    {163}event TOPIC_DISCOVERED(GUIDB_3,PermB_2,Topic_2);
    {164}out(Discovery_ch, (PermB_2,TopicDiscovered,Topic_2,PdataB_2));
    {165}out(RTPS_Ch, finishDiscovery)
)

-- Query event(B_1(GUIDB_4,CB_2,ChallengeB_2,gy_DHB_2,GUIDA_4,CA_2,ChallengeA_2,gx_DHA_2,SharedSecret_2)) ==> event(A_1(GUIDA_4,CA_2,ChallengeA_2,gx_DHA_2,GUIDB_4,CB_2,ChallengeB_2,gy_DHB_2,SharedSecret_2)) in process 1.
Translating the process into Horn clauses...
Completing...
Termination warning: Selecting an hypothesis matching the conclusion.
In case of non-termination, try a noselect declaration implying the following one:
   noselect PkA_1:PK_t, GUIDA_4:GUID_t; attacker(sign_cert(GUIDA_4,PkA_1,SN_CI,SK_CI)).
200 rules inserted. Base: 175 rules (60 with conclusion selected). Queue: 32 rules.
400 rules inserted. Base: 263 rules (81 with conclusion selected). Queue: 51 rules.
600 rules inserted. Base: 345 rules (81 with conclusion selected). Queue: 127 rules.
800 rules inserted. Base: 402 rules (81 with conclusion selected). Queue: 164 rules.
1000 rules inserted. Base: 534 rules (82 with conclusion selected). Queue: 255 rules.
1200 rules inserted. Base: 640 rules (87 with conclusion selected). Queue: 181 rules.
1400 rules inserted. Base: 734 rules (94 with conclusion selected). Queue: 162 rules.
1600 rules inserted. Base: 837 rules (94 with conclusion selected). Queue: 122 rules.
1800 rules inserted. Base: 911 rules (94 with conclusion selected). Queue: 102 rules.
2000 rules inserted. Base: 970 rules (106 with conclusion selected). Queue: 87 rules.
2200 rules inserted. Base: 978 rules (106 with conclusion selected). Queue: 87 rules.
2400 rules inserted. Base: 1022 rules (110 with conclusion selected). Queue: 103 rules.
2600 rules inserted. Base: 1126 rules (114 with conclusion selected). Queue: 89 rules.
2800 rules inserted. Base: 1172 rules (114 with conclusion selected). Queue: 87 rules.
3000 rules inserted. Base: 1221 rules (124 with conclusion selected). Queue: 173 rules.
3200 rules inserted. Base: 1266 rules (133 with conclusion selected). Queue: 205 rules.
3400 rules inserted. Base: 1282 rules (137 with conclusion selected). Queue: 202 rules.
3600 rules inserted. Base: 1331 rules (138 with conclusion selected). Queue: 201 rules.
3800 rules inserted. Base: 1357 rules (138 with conclusion selected). Queue: 201 rules.
4000 rules inserted. Base: 1370 rules (151 with conclusion selected). Queue: 197 rules.
4200 rules inserted. Base: 1467 rules (152 with conclusion selected). Queue: 147 rules.
4400 rules inserted. Base: 1444 rules (152 with conclusion selected). Queue: 155 rules.
4600 rules inserted. Base: 1445 rules (152 with conclusion selected). Queue: 197 rules.
4800 rules inserted. Base: 1458 rules (152 with conclusion selected). Queue: 212 rules.
5000 rules inserted. Base: 1481 rules (152 with conclusion selected). Queue: 241 rules.
5200 rules inserted. Base: 1471 rules (152 with conclusion selected). Queue: 243 rules.
5400 rules inserted. Base: 1509 rules (152 with conclusion selected). Queue: 259 rules.
5600 rules inserted. Base: 1576 rules (152 with conclusion selected). Queue: 223 rules.
5800 rules inserted. Base: 1649 rules (152 with conclusion selected). Queue: 150 rules.
6000 rules inserted. Base: 1705 rules (152 with conclusion selected). Queue: 102 rules.
6200 rules inserted. Base: 1754 rules (189 with conclusion selected). Queue: 97 rules.
6400 rules inserted. Base: 1733 rules (194 with conclusion selected). Queue: 86 rules.
6600 rules inserted. Base: 1739 rules (178 with conclusion selected). Queue: 76 rules.
6800 rules inserted. Base: 1745 rules (194 with conclusion selected). Queue: 120 rules.
7000 rules inserted. Base: 1775 rules (194 with conclusion selected). Queue: 190 rules.
7200 rules inserted. Base: 1773 rules (194 with conclusion selected). Queue: 180 rules.
7400 rules inserted. Base: 1865 rules (194 with conclusion selected). Queue: 304 rules.
7600 rules inserted. Base: 1889 rules (194 with conclusion selected). Queue: 336 rules.
7800 rules inserted. Base: 1933 rules (194 with conclusion selected). Queue: 331 rules.
8000 rules inserted. Base: 1949 rules (194 with conclusion selected). Queue: 312 rules.
8200 rules inserted. Base: 2019 rules (194 with conclusion selected). Queue: 286 rules.
8400 rules inserted. Base: 2141 rules (194 with conclusion selected). Queue: 197 rules.
8600 rules inserted. Base: 2279 rules (194 with conclusion selected). Queue: 136 rules.
8800 rules inserted. Base: 2247 rules (194 with conclusion selected). Queue: 107 rules.
9000 rules inserted. Base: 2298 rules (214 with conclusion selected). Queue: 156 rules.
9200 rules inserted. Base: 2196 rules (224 with conclusion selected). Queue: 157 rules.
9400 rules inserted. Base: 2297 rules (224 with conclusion selected). Queue: 48 rules.
Starting query event(B_1(GUIDB_4,CB_2,ChallengeB_2,gy_DHB_2,GUIDA_4,CA_2,ChallengeA_2,gx_DHA_2,SharedSecret_2)) ==> event(A_1(GUIDA_4,CA_2,ChallengeA_2,gx_DHA_2,GUIDB_4,CB_2,ChallengeB_2,gy_DHB_2,SharedSecret_2))
goal reachable: attacker(PermA_2) && attacker(PdataA_3) && attacker(ChallengeA_2) && attacker(gx_DHA_2) -> event(B_1(GUIDB[],make_C_list(sign_cert(GUIDB[],pk(PrivKB[]),SN_CI,SK_CI),sign_perm(GUIDB[],DGB[],PPB[],SK_Perm),participant_data(GUIDB[],Topic_bd[],QosB[],discoveryRegister),make_algo(ID_G,DH_RSA),SHA256),ChallengeB_2,dh_pub(ID_G,dh_k(s_2)),GUID[],make_C_list(sign_cert(GUID[],pk(PrivK[]),SN_CI,SK_CI),PermA_2,PdataA_3,make_algo(ID_G,DH_RSA),SHA256),ChallengeA_2,gx_DHA_2,dh_exp(gx_DHA_2,dh_k(s_2))))
Abbreviations:
ChallengeB_2 = ChallengeB_1[gx_DHA_1 = gx_DHA_2,ChallengeA_1 = ChallengeA_2,hash_CA_1 = hash(SHA256,make_C_list(sign_cert(GUID[],pk(PrivK[]),SN_CI,SK_CI),PermA_2,PdataA_3,make_algo(ID_G,DH_RSA),SHA256)),CA_1 = make_C_list(sign_cert(GUID[],pk(PrivK[]),SN_CI,SK_CI),PermA_2,PdataA_3,make_algo(ID_G,DH_RSA),SHA256),!1 = @sid]
s_2 = s_1[!1 = @sid]

Derivation:
Abbreviations:
ChallengeB_2 = ChallengeB_1[gx_DHA_1 = gx_DHA_2,ChallengeA_1 = ChallengeA_2,hash_CA_1 = hash(SHA256,make_C_list(sign_cert(GUID[],pk(PrivK[]),SN_CI,SK_CI),PermA_2,PdataA_3,make_algo(ID_G,DH_RSA),SHA256)),CA_1 = make_C_list(sign_cert(GUID[],pk(PrivK[]),SN_CI,SK_CI),PermA_2,PdataA_3,make_algo(ID_G,DH_RSA),SHA256),!1 = @sid]
s_2 = s_1[!1 = @sid]
ChallengeB_3 = ChallengeB_1[gx_DHA_1 = gx_DHA_3,ChallengeA_1 = ChallengeA_3,hash_CA_1 = hash(SHA256,make_C_list(sign_cert(GUID[],pk(PrivK[]),SN_CI,SK_CI),PermA_3,PdataA_4,make_algo(ID_G,DH_RSA),SHA256)),CA_1 = make_C_list(sign_cert(GUID[],pk(PrivK[]),SN_CI,SK_CI),PermA_3,PdataA_4,make_algo(ID_G,DH_RSA),SHA256),!1 = @sid]
ChallengeB_4 = ChallengeB_1[gx_DHA_1 = gx_DHA_4,ChallengeA_1 = ChallengeA_4,hash_CA_1 = hash(SHA256,make_C_list(sign_cert(GUID[],pk(PrivK[]),SN_CI,SK_CI),PermA_4,PdataA_5,make_algo(ID_G,DH_RSA),SHA256)),CA_1 = make_C_list(sign_cert(GUID[],pk(PrivK[]),SN_CI,SK_CI),PermA_4,PdataA_5,make_algo(ID_G,DH_RSA),SHA256),!1 = @sid_1]
s_3 = s_1[!1 = @sid_1]

1. We assume as hypothesis that
attacker(gx_DHA_2).

2. We assume as hypothesis that
attacker(ChallengeA_2).

3. Using the function SHA256 the attacker may obtain SHA256.
attacker(SHA256).

4. Using the function DH_RSA the attacker may obtain DH_RSA.
attacker(DH_RSA).

5. Using the function ID_G the attacker may obtain ID_G.
attacker(ID_G).

6. By 5, the attacker may know ID_G.
By 4, the attacker may know DH_RSA.
Using the function make_algo the attacker may obtain make_algo(ID_G,DH_RSA).
attacker(make_algo(ID_G,DH_RSA)).

7. We assume as hypothesis that
attacker(PdataA_3).

8. We assume as hypothesis that
attacker(PermA_2).

9. The message (GUID[],PrivK[],sign_cert(GUID[],pk(PrivK[]),SN_CI,SK_CI),sign_perm(GUID[],DG_2[],PP_2[],SK_Perm),make_algo(ID_G,DH_RSA)) may be sent to the attacker at output {45}.
attacker((GUID[],PrivK[],sign_cert(GUID[],pk(PrivK[]),SN_CI,SK_CI),sign_perm(GUID[],DG_2[],PP_2[],SK_Perm),make_algo(ID_G,DH_RSA))).

10. By 9, the attacker may know (GUID[],PrivK[],sign_cert(GUID[],pk(PrivK[]),SN_CI,SK_CI),sign_perm(GUID[],DG_2[],PP_2[],SK_Perm),make_algo(ID_G,DH_RSA)).
Using the function 3-proj-5-tuple the attacker may obtain sign_cert(GUID[],pk(PrivK[]),SN_CI,SK_CI).
attacker(sign_cert(GUID[],pk(PrivK[]),SN_CI,SK_CI)).

11. By 10, the attacker may know sign_cert(GUID[],pk(PrivK[]),SN_CI,SK_CI).
By 8, the attacker may know PermA_2.
By 7, the attacker may know PdataA_3.
By 6, the attacker may know make_algo(ID_G,DH_RSA).
By 3, the attacker may know SHA256.
Using the function make_C_list the attacker may obtain make_C_list(sign_cert(GUID[],pk(PrivK[]),SN_CI,SK_CI),PermA_2,PdataA_3,make_algo(ID_G,DH_RSA),SHA256).
attacker(make_C_list(sign_cert(GUID[],pk(PrivK[]),SN_CI,SK_CI),PermA_2,PdataA_3,make_algo(ID_G,DH_RSA),SHA256)).

12. By 3, the attacker may know SHA256.
By 11, the attacker may know make_C_list(sign_cert(GUID[],pk(PrivK[]),SN_CI,SK_CI),PermA_2,PdataA_3,make_algo(ID_G,DH_RSA),SHA256).
Using the function hash the attacker may obtain hash(SHA256,make_C_list(sign_cert(GUID[],pk(PrivK[]),SN_CI,SK_CI),PermA_2,PdataA_3,make_algo(ID_G,DH_RSA),SHA256)).
attacker(hash(SHA256,make_C_list(sign_cert(GUID[],pk(PrivK[]),SN_CI,SK_CI),PermA_2,PdataA_3,make_algo(ID_G,DH_RSA),SHA256))).

13. By 11, the attacker may know make_C_list(sign_cert(GUID[],pk(PrivK[]),SN_CI,SK_CI),PermA_2,PdataA_3,make_algo(ID_G,DH_RSA),SHA256).
By 12, the attacker may know hash(SHA256,make_C_list(sign_cert(GUID[],pk(PrivK[]),SN_CI,SK_CI),PermA_2,PdataA_3,make_algo(ID_G,DH_RSA),SHA256)).
By 2, the attacker may know ChallengeA_2.
By 1, the attacker may know gx_DHA_2.
Using the function 4-tuple the attacker may obtain (make_C_list(sign_cert(GUID[],pk(PrivK[]),SN_CI,SK_CI),PermA_2,PdataA_3,make_algo(ID_G,DH_RSA),SHA256),hash(SHA256,make_C_list(sign_cert(GUID[],pk(PrivK[]),SN_CI,SK_CI),PermA_2,PdataA_3,make_algo(ID_G,DH_RSA),SHA256)),ChallengeA_2,gx_DHA_2).
attacker((make_C_list(sign_cert(GUID[],pk(PrivK[]),SN_CI,SK_CI),PermA_2,PdataA_3,make_algo(ID_G,DH_RSA),SHA256),hash(SHA256,make_C_list(sign_cert(GUID[],pk(PrivK[]),SN_CI,SK_CI),PermA_2,PdataA_3,make_algo(ID_G,DH_RSA),SHA256)),ChallengeA_2,gx_DHA_2)).

14. Using the function discoveryRegister the attacker may obtain discoveryRegister.
attacker(discoveryRegister).

15. The message (GUIDB[],participant_data(GUIDB[],Topic_bd[],QosB[],discoveryRegister)) may be sent to the attacker at output {109}.
attacker((GUIDB[],participant_data(GUIDB[],Topic_bd[],QosB[],discoveryRegister))).

16. By 15, the attacker may know (GUIDB[],participant_data(GUIDB[],Topic_bd[],QosB[],discoveryRegister)).
Using the function 2-proj-2-tuple the attacker may obtain participant_data(GUIDB[],Topic_bd[],QosB[],discoveryRegister).
attacker(participant_data(GUIDB[],Topic_bd[],QosB[],discoveryRegister)).

17. By 16, the attacker may know participant_data(GUIDB[],Topic_bd[],QosB[],discoveryRegister).
Using the function 3-proj-participant_data the attacker may obtain QosB[].
attacker(QosB[]).

18. The message (GUIDA[],participant_data(GUIDA[],Topic_bd[],QoSA[],discoveryRegister)) may be sent to the attacker at output {54}.
attacker((GUIDA[],participant_data(GUIDA[],Topic_bd[],QoSA[],discoveryRegister))).

19. By 18, the attacker may know (GUIDA[],participant_data(GUIDA[],Topic_bd[],QoSA[],discoveryRegister)).
Using the function 2-proj-2-tuple the attacker may obtain participant_data(GUIDA[],Topic_bd[],QoSA[],discoveryRegister).
attacker(participant_data(GUIDA[],Topic_bd[],QoSA[],discoveryRegister)).

20. By 19, the attacker may know participant_data(GUIDA[],Topic_bd[],QoSA[],discoveryRegister).
Using the function 2-proj-participant_data the attacker may obtain Topic_bd[].
attacker(Topic_bd[]).

21. By 15, the attacker may know (GUIDB[],participant_data(GUIDB[],Topic_bd[],QosB[],discoveryRegister)).
Using the function 1-proj-2-tuple the attacker may obtain GUIDB[].
attacker(GUIDB[]).

22. By 21, the attacker may know GUIDB[].
By 20, the attacker may know Topic_bd[].
By 17, the attacker may know QosB[].
By 14, the attacker may know discoveryRegister.
Using the function participant_data the attacker may obtain participant_data(GUIDB[],Topic_bd[],QosB[],discoveryRegister).
attacker(participant_data(GUIDB[],Topic_bd[],QosB[],discoveryRegister)).

23. The attacker has some term gx_DHA_4.
attacker(gx_DHA_4).

24. The attacker has some term ChallengeA_4.
attacker(ChallengeA_4).

25. The attacker has some term PdataA_5.
attacker(PdataA_5).

26. The attacker has some term PermA_4.
attacker(PermA_4).

27. By 10, the attacker may know sign_cert(GUID[],pk(PrivK[]),SN_CI,SK_CI).
By 26, the attacker may know PermA_4.
By 25, the attacker may know PdataA_5.
By 6, the attacker may know make_algo(ID_G,DH_RSA).
By 3, the attacker may know SHA256.
Using the function make_C_list the attacker may obtain make_C_list(sign_cert(GUID[],pk(PrivK[]),SN_CI,SK_CI),PermA_4,PdataA_5,make_algo(ID_G,DH_RSA),SHA256).
attacker(make_C_list(sign_cert(GUID[],pk(PrivK[]),SN_CI,SK_CI),PermA_4,PdataA_5,make_algo(ID_G,DH_RSA),SHA256)).

28. By 3, the attacker may know SHA256.
By 27, the attacker may know make_C_list(sign_cert(GUID[],pk(PrivK[]),SN_CI,SK_CI),PermA_4,PdataA_5,make_algo(ID_G,DH_RSA),SHA256).
Using the function hash the attacker may obtain hash(SHA256,make_C_list(sign_cert(GUID[],pk(PrivK[]),SN_CI,SK_CI),PermA_4,PdataA_5,make_algo(ID_G,DH_RSA),SHA256)).
attacker(hash(SHA256,make_C_list(sign_cert(GUID[],pk(PrivK[]),SN_CI,SK_CI),PermA_4,PdataA_5,make_algo(ID_G,DH_RSA),SHA256))).

29. By 27, the attacker may know make_C_list(sign_cert(GUID[],pk(PrivK[]),SN_CI,SK_CI),PermA_4,PdataA_5,make_algo(ID_G,DH_RSA),SHA256).
By 28, the attacker may know hash(SHA256,make_C_list(sign_cert(GUID[],pk(PrivK[]),SN_CI,SK_CI),PermA_4,PdataA_5,make_algo(ID_G,DH_RSA),SHA256)).
By 24, the attacker may know ChallengeA_4.
By 23, the attacker may know gx_DHA_4.
Using the function 4-tuple the attacker may obtain (make_C_list(sign_cert(GUID[],pk(PrivK[]),SN_CI,SK_CI),PermA_4,PdataA_5,make_algo(ID_G,DH_RSA),SHA256),hash(SHA256,make_C_list(sign_cert(GUID[],pk(PrivK[]),SN_CI,SK_CI),PermA_4,PdataA_5,make_algo(ID_G,DH_RSA),SHA256)),ChallengeA_4,gx_DHA_4).
attacker((make_C_list(sign_cert(GUID[],pk(PrivK[]),SN_CI,SK_CI),PermA_4,PdataA_5,make_algo(ID_G,DH_RSA),SHA256),hash(SHA256,make_C_list(sign_cert(GUID[],pk(PrivK[]),SN_CI,SK_CI),PermA_4,PdataA_5,make_algo(ID_G,DH_RSA),SHA256)),ChallengeA_4,gx_DHA_4)).

30. The message (make_C_list(sign_cert(GUID[],pk(PrivK[]),SN_CI,SK_CI),PermA_4,PdataA_5,make_algo(ID_G,DH_RSA),SHA256),hash(SHA256,make_C_list(sign_cert(GUID[],pk(PrivK[]),SN_CI,SK_CI),PermA_4,PdataA_5,make_algo(ID_G,DH_RSA),SHA256)),ChallengeA_4,gx_DHA_4) that the attacker may have by 29 may be received at input {110}.
So the message (make_C_list(sign_cert(GUIDB[],pk(PrivKB[]),SN_CI,SK_CI),sign_perm(GUIDB[],DGB[],PPB[],SK_Perm),participant_data(GUIDB[],Topic_bd[],QosB[],discoveryRegister),make_algo(ID_G,DH_RSA),SHA256),hash(SHA256,make_C_list(sign_cert(GUIDB[],pk(PrivKB[]),SN_CI,SK_CI),sign_perm(GUIDB[],DGB[],PPB[],SK_Perm),participant_data(GUIDB[],Topic_bd[],QosB[],discoveryRegister),make_algo(ID_G,DH_RSA),SHA256)),ChallengeA_4,ChallengeB_4,dh_pub(ID_G,dh_k(s_3)),hash(SHA256,make_C_list(sign_cert(GUID[],pk(PrivK[]),SN_CI,SK_CI),PermA_4,PdataA_5,make_algo(ID_G,DH_RSA),SHA256)),gx_DHA_4,sign(PrivKB[],(hash(SHA256,make_C_list(sign_cert(GUIDB[],pk(PrivKB[]),SN_CI,SK_CI),sign_perm(GUIDB[],DGB[],PPB[],SK_Perm),participant_data(GUIDB[],Topic_bd[],QosB[],discoveryRegister),make_algo(ID_G,DH_RSA),SHA256)),ChallengeB_4,dh_pub(ID_G,dh_k(s_3)),ChallengeA_4,gx_DHA_4,hash(SHA256,make_C_list(sign_cert(GUID[],pk(PrivK[]),SN_CI,SK_CI),PermA_4,PdataA_5,make_algo(ID_G,DH_RSA),SHA256))))) may be sent to the attacker at output {124}.
attacker((make_C_list(sign_cert(GUIDB[],pk(PrivKB[]),SN_CI,SK_CI),sign_perm(GUIDB[],DGB[],PPB[],SK_Perm),participant_data(GUIDB[],Topic_bd[],QosB[],discoveryRegister),make_algo(ID_G,DH_RSA),SHA256),hash(SHA256,make_C_list(sign_cert(GUIDB[],pk(PrivKB[]),SN_CI,SK_CI),sign_perm(GUIDB[],DGB[],PPB[],SK_Perm),participant_data(GUIDB[],Topic_bd[],QosB[],discoveryRegister),make_algo(ID_G,DH_RSA),SHA256)),ChallengeA_4,ChallengeB_4,dh_pub(ID_G,dh_k(s_3)),hash(SHA256,make_C_list(sign_cert(GUID[],pk(PrivK[]),SN_CI,SK_CI),PermA_4,PdataA_5,make_algo(ID_G,DH_RSA),SHA256)),gx_DHA_4,sign(PrivKB[],(hash(SHA256,make_C_list(sign_cert(GUIDB[],pk(PrivKB[]),SN_CI,SK_CI),sign_perm(GUIDB[],DGB[],PPB[],SK_Perm),participant_data(GUIDB[],Topic_bd[],QosB[],discoveryRegister),make_algo(ID_G,DH_RSA),SHA256)),ChallengeB_4,dh_pub(ID_G,dh_k(s_3)),ChallengeA_4,gx_DHA_4,hash(SHA256,make_C_list(sign_cert(GUID[],pk(PrivK[]),SN_CI,SK_CI),PermA_4,PdataA_5,make_algo(ID_G,DH_RSA),SHA256)))))).

31. By 30, the attacker may know (make_C_list(sign_cert(GUIDB[],pk(PrivKB[]),SN_CI,SK_CI),sign_perm(GUIDB[],DGB[],PPB[],SK_Perm),participant_data(GUIDB[],Topic_bd[],QosB[],discoveryRegister),make_algo(ID_G,DH_RSA),SHA256),hash(SHA256,make_C_list(sign_cert(GUIDB[],pk(PrivKB[]),SN_CI,SK_CI),sign_perm(GUIDB[],DGB[],PPB[],SK_Perm),participant_data(GUIDB[],Topic_bd[],QosB[],discoveryRegister),make_algo(ID_G,DH_RSA),SHA256)),ChallengeA_4,ChallengeB_4,dh_pub(ID_G,dh_k(s_3)),hash(SHA256,make_C_list(sign_cert(GUID[],pk(PrivK[]),SN_CI,SK_CI),PermA_4,PdataA_5,make_algo(ID_G,DH_RSA),SHA256)),gx_DHA_4,sign(PrivKB[],(hash(SHA256,make_C_list(sign_cert(GUIDB[],pk(PrivKB[]),SN_CI,SK_CI),sign_perm(GUIDB[],DGB[],PPB[],SK_Perm),participant_data(GUIDB[],Topic_bd[],QosB[],discoveryRegister),make_algo(ID_G,DH_RSA),SHA256)),ChallengeB_4,dh_pub(ID_G,dh_k(s_3)),ChallengeA_4,gx_DHA_4,hash(SHA256,make_C_list(sign_cert(GUID[],pk(PrivK[]),SN_CI,SK_CI),PermA_4,PdataA_5,make_algo(ID_G,DH_RSA),SHA256))))).
Using the function 1-proj-8-tuple the attacker may obtain make_C_list(sign_cert(GUIDB[],pk(PrivKB[]),SN_CI,SK_CI),sign_perm(GUIDB[],DGB[],PPB[],SK_Perm),participant_data(GUIDB[],Topic_bd[],QosB[],discoveryRegister),make_algo(ID_G,DH_RSA),SHA256).
attacker(make_C_list(sign_cert(GUIDB[],pk(PrivKB[]),SN_CI,SK_CI),sign_perm(GUIDB[],DGB[],PPB[],SK_Perm),participant_data(GUIDB[],Topic_bd[],QosB[],discoveryRegister),make_algo(ID_G,DH_RSA),SHA256)).

32. By 31, the attacker may know make_C_list(sign_cert(GUIDB[],pk(PrivKB[]),SN_CI,SK_CI),sign_perm(GUIDB[],DGB[],PPB[],SK_Perm),participant_data(GUIDB[],Topic_bd[],QosB[],discoveryRegister),make_algo(ID_G,DH_RSA),SHA256).
Using the function 2-proj-make_C_list the attacker may obtain sign_perm(GUIDB[],DGB[],PPB[],SK_Perm).
attacker(sign_perm(GUIDB[],DGB[],PPB[],SK_Perm)).

33. By 31, the attacker may know make_C_list(sign_cert(GUIDB[],pk(PrivKB[]),SN_CI,SK_CI),sign_perm(GUIDB[],DGB[],PPB[],SK_Perm),participant_data(GUIDB[],Topic_bd[],QosB[],discoveryRegister),make_algo(ID_G,DH_RSA),SHA256).
Using the function 1-proj-make_C_list the attacker may obtain sign_cert(GUIDB[],pk(PrivKB[]),SN_CI,SK_CI).
attacker(sign_cert(GUIDB[],pk(PrivKB[]),SN_CI,SK_CI)).

34. By 33, the attacker may know sign_cert(GUIDB[],pk(PrivKB[]),SN_CI,SK_CI).
By 32, the attacker may know sign_perm(GUIDB[],DGB[],PPB[],SK_Perm).
By 22, the attacker may know participant_data(GUIDB[],Topic_bd[],QosB[],discoveryRegister).
By 6, the attacker may know make_algo(ID_G,DH_RSA).
By 3, the attacker may know SHA256.
Using the function make_C_list the attacker may obtain make_C_list(sign_cert(GUIDB[],pk(PrivKB[]),SN_CI,SK_CI),sign_perm(GUIDB[],DGB[],PPB[],SK_Perm),participant_data(GUIDB[],Topic_bd[],QosB[],discoveryRegister),make_algo(ID_G,DH_RSA),SHA256).
attacker(make_C_list(sign_cert(GUIDB[],pk(PrivKB[]),SN_CI,SK_CI),sign_perm(GUIDB[],DGB[],PPB[],SK_Perm),participant_data(GUIDB[],Topic_bd[],QosB[],discoveryRegister),make_algo(ID_G,DH_RSA),SHA256)).

35. By 3, the attacker may know SHA256.
By 34, the attacker may know make_C_list(sign_cert(GUIDB[],pk(PrivKB[]),SN_CI,SK_CI),sign_perm(GUIDB[],DGB[],PPB[],SK_Perm),participant_data(GUIDB[],Topic_bd[],QosB[],discoveryRegister),make_algo(ID_G,DH_RSA),SHA256).
Using the function hash the attacker may obtain hash(SHA256,make_C_list(sign_cert(GUIDB[],pk(PrivKB[]),SN_CI,SK_CI),sign_perm(GUIDB[],DGB[],PPB[],SK_Perm),participant_data(GUIDB[],Topic_bd[],QosB[],discoveryRegister),make_algo(ID_G,DH_RSA),SHA256)).
attacker(hash(SHA256,make_C_list(sign_cert(GUIDB[],pk(PrivKB[]),SN_CI,SK_CI),sign_perm(GUIDB[],DGB[],PPB[],SK_Perm),participant_data(GUIDB[],Topic_bd[],QosB[],discoveryRegister),make_algo(ID_G,DH_RSA),SHA256))).

36. The attacker has some term gx_DHA_3.
attacker(gx_DHA_3).

37. The attacker has some term ChallengeA_3.
attacker(ChallengeA_3).

38. The attacker has some term PdataA_4.
attacker(PdataA_4).

39. The attacker has some term PermA_3.
attacker(PermA_3).

40. By 10, the attacker may know sign_cert(GUID[],pk(PrivK[]),SN_CI,SK_CI).
By 39, the attacker may know PermA_3.
By 38, the attacker may know PdataA_4.
By 6, the attacker may know make_algo(ID_G,DH_RSA).
By 3, the attacker may know SHA256.
Using the function make_C_list the attacker may obtain make_C_list(sign_cert(GUID[],pk(PrivK[]),SN_CI,SK_CI),PermA_3,PdataA_4,make_algo(ID_G,DH_RSA),SHA256).
attacker(make_C_list(sign_cert(GUID[],pk(PrivK[]),SN_CI,SK_CI),PermA_3,PdataA_4,make_algo(ID_G,DH_RSA),SHA256)).

41. By 3, the attacker may know SHA256.
By 40, the attacker may know make_C_list(sign_cert(GUID[],pk(PrivK[]),SN_CI,SK_CI),PermA_3,PdataA_4,make_algo(ID_G,DH_RSA),SHA256).
Using the function hash the attacker may obtain hash(SHA256,make_C_list(sign_cert(GUID[],pk(PrivK[]),SN_CI,SK_CI),PermA_3,PdataA_4,make_algo(ID_G,DH_RSA),SHA256)).
attacker(hash(SHA256,make_C_list(sign_cert(GUID[],pk(PrivK[]),SN_CI,SK_CI),PermA_3,PdataA_4,make_algo(ID_G,DH_RSA),SHA256))).

42. By 40, the attacker may know make_C_list(sign_cert(GUID[],pk(PrivK[]),SN_CI,SK_CI),PermA_3,PdataA_4,make_algo(ID_G,DH_RSA),SHA256).
By 41, the attacker may know hash(SHA256,make_C_list(sign_cert(GUID[],pk(PrivK[]),SN_CI,SK_CI),PermA_3,PdataA_4,make_algo(ID_G,DH_RSA),SHA256)).
By 37, the attacker may know ChallengeA_3.
By 36, the attacker may know gx_DHA_3.
Using the function 4-tuple the attacker may obtain (make_C_list(sign_cert(GUID[],pk(PrivK[]),SN_CI,SK_CI),PermA_3,PdataA_4,make_algo(ID_G,DH_RSA),SHA256),hash(SHA256,make_C_list(sign_cert(GUID[],pk(PrivK[]),SN_CI,SK_CI),PermA_3,PdataA_4,make_algo(ID_G,DH_RSA),SHA256)),ChallengeA_3,gx_DHA_3).
attacker((make_C_list(sign_cert(GUID[],pk(PrivK[]),SN_CI,SK_CI),PermA_3,PdataA_4,make_algo(ID_G,DH_RSA),SHA256),hash(SHA256,make_C_list(sign_cert(GUID[],pk(PrivK[]),SN_CI,SK_CI),PermA_3,PdataA_4,make_algo(ID_G,DH_RSA),SHA256)),ChallengeA_3,gx_DHA_3)).

43. The message (make_C_list(sign_cert(GUID[],pk(PrivK[]),SN_CI,SK_CI),PermA_3,PdataA_4,make_algo(ID_G,DH_RSA),SHA256),hash(SHA256,make_C_list(sign_cert(GUID[],pk(PrivK[]),SN_CI,SK_CI),PermA_3,PdataA_4,make_algo(ID_G,DH_RSA),SHA256)),ChallengeA_3,gx_DHA_3) that the attacker may have by 42 may be received at input {110}.
So the message (make_C_list(sign_cert(GUIDB[],pk(PrivKB[]),SN_CI,SK_CI),sign_perm(GUIDB[],DGB[],PPB[],SK_Perm),participant_data(GUIDB[],Topic_bd[],QosB[],discoveryRegister),make_algo(ID_G,DH_RSA),SHA256),hash(SHA256,make_C_list(sign_cert(GUIDB[],pk(PrivKB[]),SN_CI,SK_CI),sign_perm(GUIDB[],DGB[],PPB[],SK_Perm),participant_data(GUIDB[],Topic_bd[],QosB[],discoveryRegister),make_algo(ID_G,DH_RSA),SHA256)),ChallengeA_3,ChallengeB_3,dh_pub(ID_G,dh_k(s_2)),hash(SHA256,make_C_list(sign_cert(GUID[],pk(PrivK[]),SN_CI,SK_CI),PermA_3,PdataA_4,make_algo(ID_G,DH_RSA),SHA256)),gx_DHA_3,sign(PrivKB[],(hash(SHA256,make_C_list(sign_cert(GUIDB[],pk(PrivKB[]),SN_CI,SK_CI),sign_perm(GUIDB[],DGB[],PPB[],SK_Perm),participant_data(GUIDB[],Topic_bd[],QosB[],discoveryRegister),make_algo(ID_G,DH_RSA),SHA256)),ChallengeB_3,dh_pub(ID_G,dh_k(s_2)),ChallengeA_3,gx_DHA_3,hash(SHA256,make_C_list(sign_cert(GUID[],pk(PrivK[]),SN_CI,SK_CI),PermA_3,PdataA_4,make_algo(ID_G,DH_RSA),SHA256))))) may be sent to the attacker at output {124}.
attacker((make_C_list(sign_cert(GUIDB[],pk(PrivKB[]),SN_CI,SK_CI),sign_perm(GUIDB[],DGB[],PPB[],SK_Perm),participant_data(GUIDB[],Topic_bd[],QosB[],discoveryRegister),make_algo(ID_G,DH_RSA),SHA256),hash(SHA256,make_C_list(sign_cert(GUIDB[],pk(PrivKB[]),SN_CI,SK_CI),sign_perm(GUIDB[],DGB[],PPB[],SK_Perm),participant_data(GUIDB[],Topic_bd[],QosB[],discoveryRegister),make_algo(ID_G,DH_RSA),SHA256)),ChallengeA_3,ChallengeB_3,dh_pub(ID_G,dh_k(s_2)),hash(SHA256,make_C_list(sign_cert(GUID[],pk(PrivK[]),SN_CI,SK_CI),PermA_3,PdataA_4,make_algo(ID_G,DH_RSA),SHA256)),gx_DHA_3,sign(PrivKB[],(hash(SHA256,make_C_list(sign_cert(GUIDB[],pk(PrivKB[]),SN_CI,SK_CI),sign_perm(GUIDB[],DGB[],PPB[],SK_Perm),participant_data(GUIDB[],Topic_bd[],QosB[],discoveryRegister),make_algo(ID_G,DH_RSA),SHA256)),ChallengeB_3,dh_pub(ID_G,dh_k(s_2)),ChallengeA_3,gx_DHA_3,hash(SHA256,make_C_list(sign_cert(GUID[],pk(PrivK[]),SN_CI,SK_CI),PermA_3,PdataA_4,make_algo(ID_G,DH_RSA),SHA256)))))).

44. By 43, the attacker may know (make_C_list(sign_cert(GUIDB[],pk(PrivKB[]),SN_CI,SK_CI),sign_perm(GUIDB[],DGB[],PPB[],SK_Perm),participant_data(GUIDB[],Topic_bd[],QosB[],discoveryRegister),make_algo(ID_G,DH_RSA),SHA256),hash(SHA256,make_C_list(sign_cert(GUIDB[],pk(PrivKB[]),SN_CI,SK_CI),sign_perm(GUIDB[],DGB[],PPB[],SK_Perm),participant_data(GUIDB[],Topic_bd[],QosB[],discoveryRegister),make_algo(ID_G,DH_RSA),SHA256)),ChallengeA_3,ChallengeB_3,dh_pub(ID_G,dh_k(s_2)),hash(SHA256,make_C_list(sign_cert(GUID[],pk(PrivK[]),SN_CI,SK_CI),PermA_3,PdataA_4,make_algo(ID_G,DH_RSA),SHA256)),gx_DHA_3,sign(PrivKB[],(hash(SHA256,make_C_list(sign_cert(GUIDB[],pk(PrivKB[]),SN_CI,SK_CI),sign_perm(GUIDB[],DGB[],PPB[],SK_Perm),participant_data(GUIDB[],Topic_bd[],QosB[],discoveryRegister),make_algo(ID_G,DH_RSA),SHA256)),ChallengeB_3,dh_pub(ID_G,dh_k(s_2)),ChallengeA_3,gx_DHA_3,hash(SHA256,make_C_list(sign_cert(GUID[],pk(PrivK[]),SN_CI,SK_CI),PermA_3,PdataA_4,make_algo(ID_G,DH_RSA),SHA256))))).
Using the function 5-proj-8-tuple the attacker may obtain dh_pub(ID_G,dh_k(s_2)).
attacker(dh_pub(ID_G,dh_k(s_2))).

45. The message (make_C_list(sign_cert(GUID[],pk(PrivK[]),SN_CI,SK_CI),PermA_2,PdataA_3,make_algo(ID_G,DH_RSA),SHA256),hash(SHA256,make_C_list(sign_cert(GUID[],pk(PrivK[]),SN_CI,SK_CI),PermA_2,PdataA_3,make_algo(ID_G,DH_RSA),SHA256)),ChallengeA_2,gx_DHA_2) that the attacker may have by 13 may be received at input {110}.
So the message (make_C_list(sign_cert(GUIDB[],pk(PrivKB[]),SN_CI,SK_CI),sign_perm(GUIDB[],DGB[],PPB[],SK_Perm),participant_data(GUIDB[],Topic_bd[],QosB[],discoveryRegister),make_algo(ID_G,DH_RSA),SHA256),hash(SHA256,make_C_list(sign_cert(GUIDB[],pk(PrivKB[]),SN_CI,SK_CI),sign_perm(GUIDB[],DGB[],PPB[],SK_Perm),participant_data(GUIDB[],Topic_bd[],QosB[],discoveryRegister),make_algo(ID_G,DH_RSA),SHA256)),ChallengeA_2,ChallengeB_2,dh_pub(ID_G,dh_k(s_2)),hash(SHA256,make_C_list(sign_cert(GUID[],pk(PrivK[]),SN_CI,SK_CI),PermA_2,PdataA_3,make_algo(ID_G,DH_RSA),SHA256)),gx_DHA_2,sign(PrivKB[],(hash(SHA256,make_C_list(sign_cert(GUIDB[],pk(PrivKB[]),SN_CI,SK_CI),sign_perm(GUIDB[],DGB[],PPB[],SK_Perm),participant_data(GUIDB[],Topic_bd[],QosB[],discoveryRegister),make_algo(ID_G,DH_RSA),SHA256)),ChallengeB_2,dh_pub(ID_G,dh_k(s_2)),ChallengeA_2,gx_DHA_2,hash(SHA256,make_C_list(sign_cert(GUID[],pk(PrivK[]),SN_CI,SK_CI),PermA_2,PdataA_3,make_algo(ID_G,DH_RSA),SHA256))))) may be sent to the attacker at output {124}.
attacker((make_C_list(sign_cert(GUIDB[],pk(PrivKB[]),SN_CI,SK_CI),sign_perm(GUIDB[],DGB[],PPB[],SK_Perm),participant_data(GUIDB[],Topic_bd[],QosB[],discoveryRegister),make_algo(ID_G,DH_RSA),SHA256),hash(SHA256,make_C_list(sign_cert(GUIDB[],pk(PrivKB[]),SN_CI,SK_CI),sign_perm(GUIDB[],DGB[],PPB[],SK_Perm),participant_data(GUIDB[],Topic_bd[],QosB[],discoveryRegister),make_algo(ID_G,DH_RSA),SHA256)),ChallengeA_2,ChallengeB_2,dh_pub(ID_G,dh_k(s_2)),hash(SHA256,make_C_list(sign_cert(GUID[],pk(PrivK[]),SN_CI,SK_CI),PermA_2,PdataA_3,make_algo(ID_G,DH_RSA),SHA256)),gx_DHA_2,sign(PrivKB[],(hash(SHA256,make_C_list(sign_cert(GUIDB[],pk(PrivKB[]),SN_CI,SK_CI),sign_perm(GUIDB[],DGB[],PPB[],SK_Perm),participant_data(GUIDB[],Topic_bd[],QosB[],discoveryRegister),make_algo(ID_G,DH_RSA),SHA256)),ChallengeB_2,dh_pub(ID_G,dh_k(s_2)),ChallengeA_2,gx_DHA_2,hash(SHA256,make_C_list(sign_cert(GUID[],pk(PrivK[]),SN_CI,SK_CI),PermA_2,PdataA_3,make_algo(ID_G,DH_RSA),SHA256)))))).

46. By 45, the attacker may know (make_C_list(sign_cert(GUIDB[],pk(PrivKB[]),SN_CI,SK_CI),sign_perm(GUIDB[],DGB[],PPB[],SK_Perm),participant_data(GUIDB[],Topic_bd[],QosB[],discoveryRegister),make_algo(ID_G,DH_RSA),SHA256),hash(SHA256,make_C_list(sign_cert(GUIDB[],pk(PrivKB[]),SN_CI,SK_CI),sign_perm(GUIDB[],DGB[],PPB[],SK_Perm),participant_data(GUIDB[],Topic_bd[],QosB[],discoveryRegister),make_algo(ID_G,DH_RSA),SHA256)),ChallengeA_2,ChallengeB_2,dh_pub(ID_G,dh_k(s_2)),hash(SHA256,make_C_list(sign_cert(GUID[],pk(PrivK[]),SN_CI,SK_CI),PermA_2,PdataA_3,make_algo(ID_G,DH_RSA),SHA256)),gx_DHA_2,sign(PrivKB[],(hash(SHA256,make_C_list(sign_cert(GUIDB[],pk(PrivKB[]),SN_CI,SK_CI),sign_perm(GUIDB[],DGB[],PPB[],SK_Perm),participant_data(GUIDB[],Topic_bd[],QosB[],discoveryRegister),make_algo(ID_G,DH_RSA),SHA256)),ChallengeB_2,dh_pub(ID_G,dh_k(s_2)),ChallengeA_2,gx_DHA_2,hash(SHA256,make_C_list(sign_cert(GUID[],pk(PrivK[]),SN_CI,SK_CI),PermA_2,PdataA_3,make_algo(ID_G,DH_RSA),SHA256))))).
Using the function 4-proj-8-tuple the attacker may obtain ChallengeB_2.
attacker(ChallengeB_2).

47. By 12, the attacker may know hash(SHA256,make_C_list(sign_cert(GUID[],pk(PrivK[]),SN_CI,SK_CI),PermA_2,PdataA_3,make_algo(ID_G,DH_RSA),SHA256)).
By 2, the attacker may know ChallengeA_2.
By 1, the attacker may know gx_DHA_2.
By 46, the attacker may know ChallengeB_2.
By 44, the attacker may know dh_pub(ID_G,dh_k(s_2)).
By 35, the attacker may know hash(SHA256,make_C_list(sign_cert(GUIDB[],pk(PrivKB[]),SN_CI,SK_CI),sign_perm(GUIDB[],DGB[],PPB[],SK_Perm),participant_data(GUIDB[],Topic_bd[],QosB[],discoveryRegister),make_algo(ID_G,DH_RSA),SHA256)).
Using the function 6-tuple the attacker may obtain (hash(SHA256,make_C_list(sign_cert(GUID[],pk(PrivK[]),SN_CI,SK_CI),PermA_2,PdataA_3,make_algo(ID_G,DH_RSA),SHA256)),ChallengeA_2,gx_DHA_2,ChallengeB_2,dh_pub(ID_G,dh_k(s_2)),hash(SHA256,make_C_list(sign_cert(GUIDB[],pk(PrivKB[]),SN_CI,SK_CI),sign_perm(GUIDB[],DGB[],PPB[],SK_Perm),participant_data(GUIDB[],Topic_bd[],QosB[],discoveryRegister),make_algo(ID_G,DH_RSA),SHA256))).
attacker((hash(SHA256,make_C_list(sign_cert(GUID[],pk(PrivK[]),SN_CI,SK_CI),PermA_2,PdataA_3,make_algo(ID_G,DH_RSA),SHA256)),ChallengeA_2,gx_DHA_2,ChallengeB_2,dh_pub(ID_G,dh_k(s_2)),hash(SHA256,make_C_list(sign_cert(GUIDB[],pk(PrivKB[]),SN_CI,SK_CI),sign_perm(GUIDB[],DGB[],PPB[],SK_Perm),participant_data(GUIDB[],Topic_bd[],QosB[],discoveryRegister),make_algo(ID_G,DH_RSA),SHA256)))).

48. By 9, the attacker may know (GUID[],PrivK[],sign_cert(GUID[],pk(PrivK[]),SN_CI,SK_CI),sign_perm(GUID[],DG_2[],PP_2[],SK_Perm),make_algo(ID_G,DH_RSA)).
Using the function 2-proj-5-tuple the attacker may obtain PrivK[].
attacker(PrivK[]).

49. By 48, the attacker may know PrivK[].
By 47, the attacker may know (hash(SHA256,make_C_list(sign_cert(GUID[],pk(PrivK[]),SN_CI,SK_CI),PermA_2,PdataA_3,make_algo(ID_G,DH_RSA),SHA256)),ChallengeA_2,gx_DHA_2,ChallengeB_2,dh_pub(ID_G,dh_k(s_2)),hash(SHA256,make_C_list(sign_cert(GUIDB[],pk(PrivKB[]),SN_CI,SK_CI),sign_perm(GUIDB[],DGB[],PPB[],SK_Perm),participant_data(GUIDB[],Topic_bd[],QosB[],discoveryRegister),make_algo(ID_G,DH_RSA),SHA256))).
Using the function sign the attacker may obtain sign(PrivK[],(hash(SHA256,make_C_list(sign_cert(GUID[],pk(PrivK[]),SN_CI,SK_CI),PermA_2,PdataA_3,make_algo(ID_G,DH_RSA),SHA256)),ChallengeA_2,gx_DHA_2,ChallengeB_2,dh_pub(ID_G,dh_k(s_2)),hash(SHA256,make_C_list(sign_cert(GUIDB[],pk(PrivKB[]),SN_CI,SK_CI),sign_perm(GUIDB[],DGB[],PPB[],SK_Perm),participant_data(GUIDB[],Topic_bd[],QosB[],discoveryRegister),make_algo(ID_G,DH_RSA),SHA256)))).
attacker(sign(PrivK[],(hash(SHA256,make_C_list(sign_cert(GUID[],pk(PrivK[]),SN_CI,SK_CI),PermA_2,PdataA_3,make_algo(ID_G,DH_RSA),SHA256)),ChallengeA_2,gx_DHA_2,ChallengeB_2,dh_pub(ID_G,dh_k(s_2)),hash(SHA256,make_C_list(sign_cert(GUIDB[],pk(PrivKB[]),SN_CI,SK_CI),sign_perm(GUIDB[],DGB[],PPB[],SK_Perm),participant_data(GUIDB[],Topic_bd[],QosB[],discoveryRegister),make_algo(ID_G,DH_RSA),SHA256))))).

50. By 12, the attacker may know hash(SHA256,make_C_list(sign_cert(GUID[],pk(PrivK[]),SN_CI,SK_CI),PermA_2,PdataA_3,make_algo(ID_G,DH_RSA),SHA256)).
By 35, the attacker may know hash(SHA256,make_C_list(sign_cert(GUIDB[],pk(PrivKB[]),SN_CI,SK_CI),sign_perm(GUIDB[],DGB[],PPB[],SK_Perm),participant_data(GUIDB[],Topic_bd[],QosB[],discoveryRegister),make_algo(ID_G,DH_RSA),SHA256)).
By 1, the attacker may know gx_DHA_2.
By 44, the attacker may know dh_pub(ID_G,dh_k(s_2)).
By 2, the attacker may know ChallengeA_2.
By 46, the attacker may know ChallengeB_2.
By 49, the attacker may know sign(PrivK[],(hash(SHA256,make_C_list(sign_cert(GUID[],pk(PrivK[]),SN_CI,SK_CI),PermA_2,PdataA_3,make_algo(ID_G,DH_RSA),SHA256)),ChallengeA_2,gx_DHA_2,ChallengeB_2,dh_pub(ID_G,dh_k(s_2)),hash(SHA256,make_C_list(sign_cert(GUIDB[],pk(PrivKB[]),SN_CI,SK_CI),sign_perm(GUIDB[],DGB[],PPB[],SK_Perm),participant_data(GUIDB[],Topic_bd[],QosB[],discoveryRegister),make_algo(ID_G,DH_RSA),SHA256)))).
Using the function 7-tuple the attacker may obtain (hash(SHA256,make_C_list(sign_cert(GUID[],pk(PrivK[]),SN_CI,SK_CI),PermA_2,PdataA_3,make_algo(ID_G,DH_RSA),SHA256)),hash(SHA256,make_C_list(sign_cert(GUIDB[],pk(PrivKB[]),SN_CI,SK_CI),sign_perm(GUIDB[],DGB[],PPB[],SK_Perm),participant_data(GUIDB[],Topic_bd[],QosB[],discoveryRegister),make_algo(ID_G,DH_RSA),SHA256)),gx_DHA_2,dh_pub(ID_G,dh_k(s_2)),ChallengeA_2,ChallengeB_2,sign(PrivK[],(hash(SHA256,make_C_list(sign_cert(GUID[],pk(PrivK[]),SN_CI,SK_CI),PermA_2,PdataA_3,make_algo(ID_G,DH_RSA),SHA256)),ChallengeA_2,gx_DHA_2,ChallengeB_2,dh_pub(ID_G,dh_k(s_2)),hash(SHA256,make_C_list(sign_cert(GUIDB[],pk(PrivKB[]),SN_CI,SK_CI),sign_perm(GUIDB[],DGB[],PPB[],SK_Perm),participant_data(GUIDB[],Topic_bd[],QosB[],discoveryRegister),make_algo(ID_G,DH_RSA),SHA256))))).
attacker((hash(SHA256,make_C_list(sign_cert(GUID[],pk(PrivK[]),SN_CI,SK_CI),PermA_2,PdataA_3,make_algo(ID_G,DH_RSA),SHA256)),hash(SHA256,make_C_list(sign_cert(GUIDB[],pk(PrivKB[]),SN_CI,SK_CI),sign_perm(GUIDB[],DGB[],PPB[],SK_Perm),participant_data(GUIDB[],Topic_bd[],QosB[],discoveryRegister),make_algo(ID_G,DH_RSA),SHA256)),gx_DHA_2,dh_pub(ID_G,dh_k(s_2)),ChallengeA_2,ChallengeB_2,sign(PrivK[],(hash(SHA256,make_C_list(sign_cert(GUID[],pk(PrivK[]),SN_CI,SK_CI),PermA_2,PdataA_3,make_algo(ID_G,DH_RSA),SHA256)),ChallengeA_2,gx_DHA_2,ChallengeB_2,dh_pub(ID_G,dh_k(s_2)),hash(SHA256,make_C_list(sign_cert(GUIDB[],pk(PrivKB[]),SN_CI,SK_CI),sign_perm(GUIDB[],DGB[],PPB[],SK_Perm),participant_data(GUIDB[],Topic_bd[],QosB[],discoveryRegister),make_algo(ID_G,DH_RSA),SHA256)))))).

51. The message (make_C_list(sign_cert(GUID[],pk(PrivK[]),SN_CI,SK_CI),PermA_2,PdataA_3,make_algo(ID_G,DH_RSA),SHA256),hash(SHA256,make_C_list(sign_cert(GUID[],pk(PrivK[]),SN_CI,SK_CI),PermA_2,PdataA_3,make_algo(ID_G,DH_RSA),SHA256)),ChallengeA_2,gx_DHA_2) that the attacker may have by 13 may be received at input {110}.
The message (hash(SHA256,make_C_list(sign_cert(GUID[],pk(PrivK[]),SN_CI,SK_CI),PermA_2,PdataA_3,make_algo(ID_G,DH_RSA),SHA256)),hash(SHA256,make_C_list(sign_cert(GUIDB[],pk(PrivKB[]),SN_CI,SK_CI),sign_perm(GUIDB[],DGB[],PPB[],SK_Perm),participant_data(GUIDB[],Topic_bd[],QosB[],discoveryRegister),make_algo(ID_G,DH_RSA),SHA256)),gx_DHA_2,dh_pub(ID_G,dh_k(s_2)),ChallengeA_2,ChallengeB_2,sign(PrivK[],(hash(SHA256,make_C_list(sign_cert(GUID[],pk(PrivK[]),SN_CI,SK_CI),PermA_2,PdataA_3,make_algo(ID_G,DH_RSA),SHA256)),ChallengeA_2,gx_DHA_2,ChallengeB_2,dh_pub(ID_G,dh_k(s_2)),hash(SHA256,make_C_list(sign_cert(GUIDB[],pk(PrivKB[]),SN_CI,SK_CI),sign_perm(GUIDB[],DGB[],PPB[],SK_Perm),participant_data(GUIDB[],Topic_bd[],QosB[],discoveryRegister),make_algo(ID_G,DH_RSA),SHA256))))) that the attacker may have by 50 may be received at input {125}.
So event B_1(GUIDB[],make_C_list(sign_cert(GUIDB[],pk(PrivKB[]),SN_CI,SK_CI),sign_perm(GUIDB[],DGB[],PPB[],SK_Perm),participant_data(GUIDB[],Topic_bd[],QosB[],discoveryRegister),make_algo(ID_G,DH_RSA),SHA256),ChallengeB_2,dh_pub(ID_G,dh_k(s_2)),GUID[],make_C_list(sign_cert(GUID[],pk(PrivK[]),SN_CI,SK_CI),PermA_2,PdataA_3,make_algo(ID_G,DH_RSA),SHA256),ChallengeA_2,gx_DHA_2,dh_exp(gx_DHA_2,dh_k(s_2))) may be executed at {130}.
event(B_1(GUIDB[],make_C_list(sign_cert(GUIDB[],pk(PrivKB[]),SN_CI,SK_CI),sign_perm(GUIDB[],DGB[],PPB[],SK_Perm),participant_data(GUIDB[],Topic_bd[],QosB[],discoveryRegister),make_algo(ID_G,DH_RSA),SHA256),ChallengeB_2,dh_pub(ID_G,dh_k(s_2)),GUID[],make_C_list(sign_cert(GUID[],pk(PrivK[]),SN_CI,SK_CI),PermA_2,PdataA_3,make_algo(ID_G,DH_RSA),SHA256),ChallengeA_2,gx_DHA_2,dh_exp(gx_DHA_2,dh_k(s_2)))).

52. By 51, event(B_1(GUIDB[],make_C_list(sign_cert(GUIDB[],pk(PrivKB[]),SN_CI,SK_CI),sign_perm(GUIDB[],DGB[],PPB[],SK_Perm),participant_data(GUIDB[],Topic_bd[],QosB[],discoveryRegister),make_algo(ID_G,DH_RSA),SHA256),ChallengeB_2,dh_pub(ID_G,dh_k(s_2)),GUID[],make_C_list(sign_cert(GUID[],pk(PrivK[]),SN_CI,SK_CI),PermA_2,PdataA_3,make_algo(ID_G,DH_RSA),SHA256),ChallengeA_2,gx_DHA_2,dh_exp(gx_DHA_2,dh_k(s_2)))).
The goal is reached, represented in the following fact:
event(B_1(GUIDB[],make_C_list(sign_cert(GUIDB[],pk(PrivKB[]),SN_CI,SK_CI),sign_perm(GUIDB[],DGB[],PPB[],SK_Perm),participant_data(GUIDB[],Topic_bd[],QosB[],discoveryRegister),make_algo(ID_G,DH_RSA),SHA256),ChallengeB_2,dh_pub(ID_G,dh_k(s_2)),GUID[],make_C_list(sign_cert(GUID[],pk(PrivK[]),SN_CI,SK_CI),PermA_2,PdataA_3,make_algo(ID_G,DH_RSA),SHA256),ChallengeA_2,gx_DHA_2,dh_exp(gx_DHA_2,dh_k(s_2)))).


Unified gx_DHA_3 with gx_DHA_2
Unified ChallengeA_3 with ChallengeA_2
Unified PdataA_4 with PdataA_3
Unified PermA_3 with PermA_2
The clause after UnifyDerivationPrecise is
attacker(gx_DHA_2) && attacker(ChallengeA_2) && attacker(PdataA_3) && attacker(PermA_2) -> event(B_1(GUIDB[],make_C_list(sign_cert(GUIDB[],pk(PrivKB[]),SN_CI,SK_CI),sign_perm(GUIDB[],DGB[],PPB[],SK_Perm),participant_data(GUIDB[],Topic_bd[],QosB[],discoveryRegister),make_algo(ID_G,DH_RSA),SHA256),ChallengeB_1[gx_DHA_1 = gx_DHA_2,ChallengeA_1 = ChallengeA_2,hash_CA_1 = hash(SHA256,make_C_list(sign_cert(GUID[],pk(PrivK[]),SN_CI,SK_CI),PermA_2,PdataA_3,make_algo(ID_G,DH_RSA),SHA256)),CA_1 = make_C_list(sign_cert(GUID[],pk(PrivK[]),SN_CI,SK_CI),PermA_2,PdataA_3,make_algo(ID_G,DH_RSA),SHA256),!1 = @sid],dh_pub(ID_G,dh_k(s_1[!1 = @sid])),GUID[],make_C_list(sign_cert(GUID[],pk(PrivK[]),SN_CI,SK_CI),PermA_2,PdataA_3,make_algo(ID_G,DH_RSA),SHA256),ChallengeA_2,gx_DHA_2,dh_exp(gx_DHA_2,dh_k(s_1[!1 = @sid]))))
This clause still contradicts the query.
A more detailed output of the traces is available with
  set traceDisplay = long.

out(RTPS_Ch, ~M) with ~M = pk(SK_CI) at {2}

out(RTPS_Ch, ~M_1) with ~M_1 = pk(SK_Perm) at {4}

new GUIDA: GUID_t creating GUIDA_4 at {5}

new PrivKA: SK_t creating PrivKA_1 at {6}

new DGA: DomainGovernance_t creating DGA_1 at {10}

new PPA: ParticipantPermission_t creating PPA_1 at {11}

new QoSA: Qos_t creating QoSA_2 at {12}

new GUIDB: GUID_t creating GUIDB_4 at {18}

new PrivKB: SK_t creating PrivKB_1 at {19}

new DGB: DomainGovernance_t creating DGB_2 at {23}

new PPB: ParticipantPermission_t creating PPB_2 at {24}

new QosB: Qos_t creating QosB_3 at {25}

new Topic_bd: TopicID_t creating Topic_bd_4 at {31}

event B_discover(participant_data(GUIDB_4,Topic_bd_4,QosB_3,discoveryRegister)) at {108} in copy a

out(Discovery_ch, (~M_2,participant_data(~M_3,~M_4,~M_5,~M_6))) with ~M_2 = GUIDB_4, ~M_3 = GUIDB_4, ~M_4 = Topic_bd_4, ~M_5 = QosB_3, ~M_6 = discoveryRegister at {109} in copy a

event B_discover(participant_data(GUIDB_4,Topic_bd_4,QosB_3,discoveryRegister)) at {108} in copy a_1

out(Discovery_ch, (~M_7,participant_data(~M_8,~M_9,~M_10,~M_11))) with ~M_7 = GUIDB_4, ~M_8 = GUIDB_4, ~M_9 = Topic_bd_4, ~M_10 = QosB_3, ~M_11 = discoveryRegister at {109} in copy a_1

event B_discover(participant_data(GUIDB_4,Topic_bd_4,QosB_3,discoveryRegister)) at {108} in copy a_2

out(Discovery_ch, (~M_12,participant_data(~M_13,~M_14,~M_15,~M_16))) with ~M_12 = GUIDB_4, ~M_13 = GUIDB_4, ~M_14 = Topic_bd_4, ~M_15 = QosB_3, ~M_16 = discoveryRegister at {109} in copy a_2

out(Discovery_ch, (~M_17,participant_data(~M_18,~M_19,~M_20,~M_21))) with ~M_17 = GUIDA_4, ~M_18 = GUIDA_4, ~M_19 = Topic_bd_4, ~M_20 = QoSA_2, ~M_21 = discoveryRegister at {54} in copy a_3

new GUID: GUID_t creating GUID_1 at {32}

new PrivK: SK_t creating PrivK_1 at {33}

new DG_2: DomainGovernance_t creating DG_4 at {37}

new PP_2: ParticipantPermission_t creating PP_4 at {38}

new Qos: Qos_t creating Qos_1 at {39}

out(RTPS_Ch, (~M_22,~M_23,~M_24,~M_25,make_algo(~M_26,~M_27))) with ~M_22 = GUID_1, ~M_23 = PrivK_1, ~M_24 = sign_cert(GUID_1,pk(PrivK_1),SN_CI,SK_CI), ~M_25 = sign_perm(GUID_1,DG_4,PP_4,SK_Perm), ~M_26 = ID_G, ~M_27 = DH_RSA at {45}

in(RTPS_Ch, (make_C_list(~M_24,a_4,a_5,make_algo(ID_G,DH_RSA),SHA256),hash(SHA256,make_C_list(~M_24,a_4,a_5,make_algo(ID_G,DH_RSA),SHA256)),a_6,a_7)) with ~M_24 = sign_cert(GUID_1,pk(PrivK_1),SN_CI,SK_CI), hash(SHA256,make_C_list(~M_24,a_4,a_5,make_algo(ID_G,DH_RSA),SHA256)) = hash(SHA256,make_C_list(sign_cert(GUID_1,pk(PrivK_1),SN_CI,SK_CI),a_4,a_5,make_algo(ID_G,DH_RSA),SHA256)) at {110} in copy a_2

new ChallengeB_1: bitstring creating ChallengeB_5 at {115} in copy a_2

new s_1: Seed_t creating s_4 at {116} in copy a_2

event beginAtoB(GUIDB_4,sign_cert(GUIDB_4,pk(PrivKB_1),SN_CI,SK_CI),a_6) at {122} in copy a_2

event B_0(GUIDB_4,make_C_list(sign_cert(GUIDB_4,pk(PrivKB_1),SN_CI,SK_CI),sign_perm(GUIDB_4,DGB_2,PPB_2,SK_Perm),participant_data(GUIDB_4,Topic_bd_4,QosB_3,discoveryRegister),make_algo(ID_G,DH_RSA),SHA256),ChallengeB_5,dh_pub(ID_G,dh_k(s_4)),GUID_1,make_C_list(sign_cert(GUID_1,pk(PrivK_1),SN_CI,SK_CI),a_4,a_5,make_algo(ID_G,DH_RSA),SHA256),a_6,a_7) at {123} in copy a_2

out(RTPS_Ch, (make_C_list(~M_28,~M_29,participant_data(~M_30,~M_31,~M_32,~M_33),make_algo(~M_34,~M_35),~M_36),~M_37,~M_38,~M_39,~M_40,~M_41,~M_42,~M_43)) with ~M_28 = sign_cert(GUIDB_4,pk(PrivKB_1),SN_CI,SK_CI), ~M_29 = sign_perm(GUIDB_4,DGB_2,PPB_2,SK_Perm), ~M_30 = GUIDB_4, ~M_31 = Topic_bd_4, ~M_32 = QosB_3, ~M_33 = discoveryRegister, ~M_34 = ID_G, ~M_35 = DH_RSA, ~M_36 = SHA256, ~M_37 = hash(SHA256,make_C_list(sign_cert(GUIDB_4,pk(PrivKB_1),SN_CI,SK_CI),sign_perm(GUIDB_4,DGB_2,PPB_2,SK_Perm),participant_data(GUIDB_4,Topic_bd_4,QosB_3,discoveryRegister),make_algo(ID_G,DH_RSA),SHA256)), ~M_38 = a_6, ~M_39 = ChallengeB_5, ~M_40 = dh_pub(ID_G,dh_k(s_4)), ~M_41 = hash(SHA256,make_C_list(sign_cert(GUID_1,pk(PrivK_1),SN_CI,SK_CI),a_4,a_5,make_algo(ID_G,DH_RSA),SHA256)), ~M_42 = a_7, ~M_43 = sign(PrivKB_1,(hash(SHA256,make_C_list(sign_cert(GUIDB_4,pk(PrivKB_1),SN_CI,SK_CI),sign_perm(GUIDB_4,DGB_2,PPB_2,SK_Perm),participant_data(GUIDB_4,Topic_bd_4,QosB_3,discoveryRegister),make_algo(ID_G,DH_RSA),SHA256)),ChallengeB_5,dh_pub(ID_G,dh_k(s_4)),a_6,a_7,hash(SHA256,make_C_list(sign_cert(GUID_1,pk(PrivK_1),SN_CI,SK_CI),a_4,a_5,make_algo(ID_G,DH_RSA),SHA256)))) at {124} in copy a_2

in(RTPS_Ch, (make_C_list(~M_24,a_8,a_9,make_algo(ID_G,DH_RSA),SHA256),hash(SHA256,make_C_list(~M_24,a_8,a_9,make_algo(ID_G,DH_RSA),SHA256)),a_10,a_11)) with ~M_24 = sign_cert(GUID_1,pk(PrivK_1),SN_CI,SK_CI), hash(SHA256,make_C_list(~M_24,a_8,a_9,make_algo(ID_G,DH_RSA),SHA256)) = hash(SHA256,make_C_list(sign_cert(GUID_1,pk(PrivK_1),SN_CI,SK_CI),a_8,a_9,make_algo(ID_G,DH_RSA),SHA256)) at {110} in copy a

new ChallengeB_1: bitstring creating ChallengeB_6 at {115} in copy a

new s_1: Seed_t creating s_5 at {116} in copy a

event beginAtoB(GUIDB_4,sign_cert(GUIDB_4,pk(PrivKB_1),SN_CI,SK_CI),a_10) at {122} in copy a

event B_0(GUIDB_4,make_C_list(sign_cert(GUIDB_4,pk(PrivKB_1),SN_CI,SK_CI),sign_perm(GUIDB_4,DGB_2,PPB_2,SK_Perm),participant_data(GUIDB_4,Topic_bd_4,QosB_3,discoveryRegister),make_algo(ID_G,DH_RSA),SHA256),ChallengeB_6,dh_pub(ID_G,dh_k(s_5)),GUID_1,make_C_list(sign_cert(GUID_1,pk(PrivK_1),SN_CI,SK_CI),a_8,a_9,make_algo(ID_G,DH_RSA),SHA256),a_10,a_11) at {123} in copy a

out(RTPS_Ch, (make_C_list(~M_44,~M_45,participant_data(~M_46,~M_47,~M_48,~M_49),make_algo(~M_50,~M_51),~M_52),~M_53,~M_54,~M_55,~M_56,~M_57,~M_58,~M_59)) with ~M_44 = sign_cert(GUIDB_4,pk(PrivKB_1),SN_CI,SK_CI), ~M_45 = sign_perm(GUIDB_4,DGB_2,PPB_2,SK_Perm), ~M_46 = GUIDB_4, ~M_47 = Topic_bd_4, ~M_48 = QosB_3, ~M_49 = discoveryRegister, ~M_50 = ID_G, ~M_51 = DH_RSA, ~M_52 = SHA256, ~M_53 = hash(SHA256,make_C_list(sign_cert(GUIDB_4,pk(PrivKB_1),SN_CI,SK_CI),sign_perm(GUIDB_4,DGB_2,PPB_2,SK_Perm),participant_data(GUIDB_4,Topic_bd_4,QosB_3,discoveryRegister),make_algo(ID_G,DH_RSA),SHA256)), ~M_54 = a_10, ~M_55 = ChallengeB_6, ~M_56 = dh_pub(ID_G,dh_k(s_5)), ~M_57 = hash(SHA256,make_C_list(sign_cert(GUID_1,pk(PrivK_1),SN_CI,SK_CI),a_8,a_9,make_algo(ID_G,DH_RSA),SHA256)), ~M_58 = a_11, ~M_59 = sign(PrivKB_1,(hash(SHA256,make_C_list(sign_cert(GUIDB_4,pk(PrivKB_1),SN_CI,SK_CI),sign_perm(GUIDB_4,DGB_2,PPB_2,SK_Perm),participant_data(GUIDB_4,Topic_bd_4,QosB_3,discoveryRegister),make_algo(ID_G,DH_RSA),SHA256)),ChallengeB_6,dh_pub(ID_G,dh_k(s_5)),a_10,a_11,hash(SHA256,make_C_list(sign_cert(GUID_1,pk(PrivK_1),SN_CI,SK_CI),a_8,a_9,make_algo(ID_G,DH_RSA),SHA256)))) at {124} in copy a

in(RTPS_Ch, (hash(SHA256,make_C_list(~M_24,a_8,a_9,make_algo(ID_G,DH_RSA),SHA256)),hash(SHA256,make_C_list(~M_28,~M_29,participant_data(~M_2,~M_4,~M_5,discoveryRegister),make_algo(ID_G,DH_RSA),SHA256)),a_11,~M_56,a_10,~M_55,sign(~M_23,(hash(SHA256,make_C_list(~M_24,a_8,a_9,make_algo(ID_G,DH_RSA),SHA256)),a_10,a_11,~M_55,~M_56,hash(SHA256,make_C_list(~M_28,~M_29,participant_data(~M_2,~M_4,~M_5,discoveryRegister),make_algo(ID_G,DH_RSA),SHA256)))))) with hash(SHA256,make_C_list(~M_24,a_8,a_9,make_algo(ID_G,DH_RSA),SHA256)) = hash(SHA256,make_C_list(sign_cert(GUID_1,pk(PrivK_1),SN_CI,SK_CI),a_8,a_9,make_algo(ID_G,DH_RSA),SHA256)), hash(SHA256,make_C_list(~M_28,~M_29,participant_data(~M_2,~M_4,~M_5,discoveryRegister),make_algo(ID_G,DH_RSA),SHA256)) = hash(SHA256,make_C_list(sign_cert(GUIDB_4,pk(PrivKB_1),SN_CI,SK_CI),sign_perm(GUIDB_4,DGB_2,PPB_2,SK_Perm),participant_data(GUIDB_4,Topic_bd_4,QosB_3,discoveryRegister),make_algo(ID_G,DH_RSA),SHA256)), ~M_56 = dh_pub(ID_G,dh_k(s_5)), ~M_55 = ChallengeB_6, sign(~M_23,(hash(SHA256,make_C_list(~M_24,a_8,a_9,make_algo(ID_G,DH_RSA),SHA256)),a_10,a_11,~M_55,~M_56,hash(SHA256,make_C_list(~M_28,~M_29,participant_data(~M_2,~M_4,~M_5,discoveryRegister),make_algo(ID_G,DH_RSA),SHA256)))) = sign(PrivK_1,(hash(SHA256,make_C_list(sign_cert(GUID_1,pk(PrivK_1),SN_CI,SK_CI),a_8,a_9,make_algo(ID_G,DH_RSA),SHA256)),a_10,a_11,ChallengeB_6,dh_pub(ID_G,dh_k(s_5)),hash(SHA256,make_C_list(sign_cert(GUIDB_4,pk(PrivKB_1),SN_CI,SK_CI),sign_perm(GUIDB_4,DGB_2,PPB_2,SK_Perm),participant_data(GUIDB_4,Topic_bd_4,QosB_3,discoveryRegister),make_algo(ID_G,DH_RSA),SHA256)))) at {125} in copy a

event endBtoA(GUID_1,sign_cert(GUID_1,pk(PrivK_1),SN_CI,SK_CI),ChallengeB_6) at {127} in copy a

event B_1(GUIDB_4,make_C_list(sign_cert(GUIDB_4,pk(PrivKB_1),SN_CI,SK_CI),sign_perm(GUIDB_4,DGB_2,PPB_2,SK_Perm),participant_data(GUIDB_4,Topic_bd_4,QosB_3,discoveryRegister),make_algo(ID_G,DH_RSA),SHA256),ChallengeB_6,dh_pub(ID_G,dh_k(s_5)),GUID_1,make_C_list(sign_cert(GUID_1,pk(PrivK_1),SN_CI,SK_CI),a_8,a_9,make_algo(ID_G,DH_RSA),SHA256),a_10,a_11,dh_exp(a_11,dh_k(s_5))) at {130} in copy a (goal)

The event B_1(GUIDB_4,make_C_list(sign_cert(GUIDB_4,pk(PrivKB_1),SN_CI,SK_CI),sign_perm(GUIDB_4,DGB_2,PPB_2,SK_Perm),participant_data(GUIDB_4,Topic_bd_4,QosB_3,discoveryRegister),make_algo(ID_G,DH_RSA),SHA256),ChallengeB_6,dh_pub(ID_G,dh_k(s_5)),GUID_1,make_C_list(sign_cert(GUID_1,pk(PrivK_1),SN_CI,SK_CI),a_8,a_9,make_algo(ID_G,DH_RSA),SHA256),a_10,a_11,dh_exp(a_11,dh_k(s_5))) is executed at {130} in copy a.
A trace has been found.
RESULT event(B_1(GUIDB_4,CB_2,ChallengeB_2,gy_DHB_2,GUIDA_4,CA_2,ChallengeA_2,gx_DHA_2,SharedSecret_2)) ==> event(A_1(GUIDA_4,CA_2,ChallengeA_2,gx_DHA_2,GUIDB_4,CB_2,ChallengeB_2,gy_DHB_2,SharedSecret_2)) is false.

--------------------------------------------------------------
Verification summary:

Query event(B_1(GUIDB_4,CB_2,ChallengeB_2,gy_DHB_2,GUIDA_4,CA_2,ChallengeA_2,gx_DHA_2,SharedSecret_2)) ==> event(A_1(GUIDA_4,CA_2,ChallengeA_2,gx_DHA_2,GUIDB_4,CB_2,ChallengeB_2,gy_DHB_2,SharedSecret_2)) is false.

--------------------------------------------------------------

