Linear part:
dh_exp(dh_pub(g,x),y) = dh_exp(dh_pub(g,y),x)
Completing equations...
Completed equations:
dh_exp(dh_pub(g,x),y) = dh_exp(dh_pub(g,y),x)
Convergent part: No equation.
Process 0 (that is, the initial process):
{1}let PK_CI: PK_t = pk(SK_CI) in
{2}out(RTPS_Ch, PK_CI);
{3}let PK_Perm: PK_t = pk(SK_Perm) in
{4}out(RTPS_Ch, PK_Perm);
{5}new GUIDA: GUID_t;
{6}new PrivKA: SK_t;
{7}let sn: GUID_t = GUIDA in
{8}let Pk: PK_t = pk(PrivKA) in
{9}let CertA: Cert_t = sign_cert(sn,Pk,SN_CI,SK_CI) in
{10}new DGA: DomainGovernance_t;
{11}new PPA: ParticipantPermission_t;
{12}new QoSA: Qos_t;
{13}let sn_1: GUID_t = GUIDA in
{14}let DG: DomainGovernance_t = DGA in
{15}let PP: ParticipantPermission_t = PPA in
{16}let PermA: PermDoc_t = sign_perm(sn_1,DG,PP,SK_Perm) in
{17}let DHAlgoA: Algo_t = make_algo(ID_G,DH_RSA) in
{18}new GUIDB: GUID_t;
{19}new PrivKB: SK_t;
{20}let sn_2: GUID_t = GUIDB in
{21}let Pk_1: PK_t = pk(PrivKB) in
{22}let CertB: Cert_t = sign_cert(sn_2,Pk_1,SN_CI,SK_CI) in
{23}new DGB: DomainGovernance_t;
{24}new PPB: ParticipantPermission_t;
{25}new QosB: Qos_t;
{26}let sn_3: GUID_t = GUIDB in
{27}let DG_1: DomainGovernance_t = DGB in
{28}let PP_1: ParticipantPermission_t = PPB in
{29}let PermB: PermDoc_t = sign_perm(sn_3,DG_1,PP_1,SK_Perm) in
{30}let DHAlgoB: Algo_t = make_algo(ID_G,DH_RSA) in
{31}new Topic_bd: TopicID_t;
(
    {32}out(RTPS_Ch, SK_CI)
) | (
    {33}!
    {34}let GUIDA_1: GUID_t = GUIDA in
    {35}let PrivK_A: SK_t = PrivKA in
    {36}let HashAlgoA: Hash_alg_t = SHA256 in
    {37}let QoSA_1: Qos_t = QoSA in
    {38}let AeadAlgoA: Aead_alg_t = AES_GCM_128 in
    {39}let Topic_bd_1: TopicID_t = Topic_bd in
    {40}let PdataA: Pdata_t = participant_data(GUIDA_1,Topic_bd_1,QoSA_1,discoveryRegister) in
    {41}out(Discovery_ch, (GUIDA_1,PdataA));
    {42}in(Discovery_ch, (PdataB: Pdata_t,=discoveredParticipant,=PdataA));
    {43}event A_discover(PdataB);
    {44}let make_algo(g: group_t,algoName: AlgoName_t) = DHAlgoA in
    {45}new ChallengeA: bitstring;
    {46}new s[]: Seed_t;
    {47}let gx: element_t = dh_pub(g,dh_k(s)) in
    {48}let (x: bitstring,gx_DHA: element_t) = (dh_k(s),gx) in
    {49}let CA: Clist_t = make_C_list(CertA,PermA,PdataA,DHAlgoA,HashAlgoA) in
    {50}let hash_CA: bitstring = hash(HashAlgoA,CA) in
    {51}event A_0(GUIDA_1,CA,ChallengeA,gx_DHA,PdataB);
    {52}out(RTPS_Ch, (CA,hash_CA,ChallengeA,gx_DHA));
    {53}in(RTPS_Ch, (CB: Clist_t,hash_CB: bitstring,=ChallengeA,ChallengeB: bitstring,gy_DHB: element_t,=hash_CA,=gx_DHA,sigB: Sig_t));
    {54}let make_C_list(CertB_1: Cert_t,PermB_1: PermDoc_t,=PdataB,=DHAlgoA,=HashAlgoA) = CB in
    {55}let (GUIDB_1: GUID_t,PkB: PK_t,=SN_CI) = check_cert(CertB_1,PK_CI) in
    {56}if verify(PkB,(hash(HashAlgoA,CB),ChallengeB,gy_DHB,ChallengeA,gx_DHA,hash_CA),sigB) then
    {57}event endAtoB(GUIDB_1,CertB_1,ChallengeA);
    {58}let gxy_SharedSecret: element_t = dh_exp(gy_DHB,x) in
    {59}let SharedSecret: bitstring = gxy_SharedSecret in
    {60}let sigA: Sig_t = sign(PrivK_A,(hash_CA,ChallengeA,gx_DHA,ChallengeB,gy_DHB,hash_CB)) in
    {61}event beginBtoA(GUIDA_1,CertA,ChallengeB);
    {62}event A_1(GUIDA_1,CA,ChallengeA,gx_DHA,GUIDB_1,CB,ChallengeB,gy_DHB,SharedSecret);
    {63}out(RTPS_Ch, (hash_CA,hash(HashAlgoA,CB),gx_DHA,gy_DHB,ChallengeA,ChallengeB,sigA));
    {64}in(Discovery_ch, (PermB_x: PermDoc_t,=TopicDiscovered,Topic: TopicID_t,=PdataB));
    {65}if (PermB_x = PermB_1) then
    {66}let (=GUIDB_1,DGB_1: DomainGovernance_t,PPB_1: ParticipantPermission_t) = check_perm(PermB_1,PK_Perm) in
    {67}event PERM_CHECK(GUIDB_1,PermB_1,Topic);
    {68}out(RTPS_Ch, (GUIDA_1,PermissionChecked,GUIDB_1,Topic));
    {69}let KeyMaterial: KeyMaterial_t = KDF(SharedSecret,ChallengeA,ChallengeB) in
    {70}let CryptoToken: CryptoToken_t = encCryptoToken(KeyMaterial,DHAlgoA,HashAlgoA,AeadAlgoA) in
    {71}event A_2(GUIDA_1,CA,ChallengeA,gx_DHA,GUIDB_1,CB,ChallengeB,gy_DHB,SharedSecret,KeyMaterial);
    {72}out(RTPS_Ch, CryptoToken);
    {73}in(RTPS_Ch, (cryptoHeader: CryptoHeader_t,encryptedApplicationData: bitstring));
    {74}let makeCryptoHeader(sessionID: bitstring,IV: bitstring) = cryptoHeader in
    {75}let sessionKey: bitstring = hmac(HashAlgoA,KeyMaterial,(sessionID,KeyMaterial)) in
    {76}let (applicationData: bitstring,=secretData) = aead_dec(AeadAlgoA,sessionKey,IV,cryptoHeader,encryptedApplicationData) in
    {77}event A_3(GUIDB_1,GUIDA_1,applicationData,cryptoHeader,sessionKey);
    {78}event ENC_COMMUNICATION(GUIDA_1,CA,ChallengeA,gx_DHA,GUIDB_1,CB,ChallengeB,gy_DHB,SharedSecret,KeyMaterial,cryptoHeader,sessionKey);
    {79}new sessionID_new: bitstring;
    {80}new IV_new: bitstring;
    {81}let cryptoHeader_new: CryptoHeader_t = makeCryptoHeader(sessionID_new,IV_new) in
    {82}let sessionKey_new: bitstring = hmac(HashAlgoA,KeyMaterial,(sessionID_new,KeyMaterial)) in
    {83}new applicationData_new: bitstring;
    {84}event KEY_UPDATE_begin(GUIDA_1,GUIDB_1,cryptoHeader_new,sessionKey_new,applicationData_new);
    {85}out(RTPS_Ch, (cryptoHeader_new,aead_enc(AeadAlgoA,sessionKey_new,IV,cryptoHeader_new,applicationData_new)));
    {86}out(RTPS_Ch, finishA)
) | (
    {87}!
    {88}let GUIDB_2: GUID_t = GUIDB in
    {89}let PrivK_B: SK_t = PrivKB in
    {90}let HashAlgoB: Hash_alg_t = SHA256 in
    {91}let QosB_1: Qos_t = QosB in
    {92}let AeadAlgoB: Aead_alg_t = AES_GCM_128 in
    {93}let Topic_bd_2: TopicID_t = Topic_bd in
    {94}let PdataB_1: Pdata_t = participant_data(GUIDB_2,Topic_bd_2,QosB_1,discoveryRegister) in
    {95}event B_discover(PdataB_1);
    {96}out(Discovery_ch, (GUIDB_2,PdataB_1));
    {97}in(RTPS_Ch, (CA_1: Clist_t,hash_CA_1: bitstring,ChallengeA_1: bitstring,gx_DHA_1: element_t));
    {98}let make_C_list(CertA_1: Cert_t,PermA_1: PermDoc_t,PdataA_1: Pdata_t,=DHAlgoB,=HashAlgoB) = CA_1 in
    {99}let make_algo(g_1: group_t,algoName_1: AlgoName_t) = DHAlgoB in
    {100}let (GUIDA_2: GUID_t,PkA: PK_t,=SN_CI) = check_cert(CertA_1,PK_CI) in
    {101}if (hash(HashAlgoB,CA_1) = hash_CA_1) then
    {102}new ChallengeB_1: bitstring;
    {103}new s_1[]: Seed_t;
    {104}let gx_1: element_t = dh_pub(g_1,dh_k(s_1)) in
    {105}let (y: bitstring,gy_DHB_1: element_t) = (dh_k(s_1),gx_1) in
    {106}let CB_1: Clist_t = make_C_list(CertB,PermB,PdataB_1,DHAlgoB,HashAlgoB) in
    {107}let hash_CB_1: bitstring = hash(HashAlgoB,CB_1) in
    {108}let sigB_1: Sig_t = sign(PrivK_B,(hash_CB_1,ChallengeB_1,gy_DHB_1,ChallengeA_1,gx_DHA_1,hash_CA_1)) in
    {109}event beginAtoB(GUIDB_2,CertB,ChallengeA_1);
    {110}event B_0(GUIDB_2,CB_1,ChallengeB_1,gy_DHB_1,GUIDA_2,CA_1,ChallengeA_1,gx_DHA_1);
    {111}out(RTPS_Ch, (CB_1,hash_CB_1,ChallengeA_1,ChallengeB_1,gy_DHB_1,hash_CA_1,gx_DHA_1,sigB_1));
    {112}in(RTPS_Ch, (=hash_CA_1,=hash_CB_1,=gx_DHA_1,=gy_DHB_1,=ChallengeA_1,=ChallengeB_1,sigA_1: Sig_t));
    {113}if verify(PkA,(hash_CA_1,ChallengeA_1,gx_DHA_1,ChallengeB_1,gy_DHB_1,hash_CB_1),sigA_1) then
    {114}event endBtoA(GUIDA_2,CertA_1,ChallengeB_1);
    {115}let gxy_SharedSecret_1: element_t = dh_exp(gx_DHA_1,y) in
    {116}let SharedSecret_1: bitstring = gxy_SharedSecret_1 in
    {117}event B_1(GUIDB_2,CB_1,ChallengeB_1,gy_DHB_1,GUIDA_2,CA_1,ChallengeA_1,gx_DHA_1,SharedSecret_1);
    {118}new Topic_1: TopicID_t;
    {119}event TOPIC_CRT_REQ(GUIDB_2,PermB,Topic_1);
    {120}out(Discovery_ch, (PermB,TopicCreateReq,Topic_1,PdataB_1));
    {121}in(RTPS_Ch, (=GUIDA_2,=PermissionChecked,=GUIDB_2,=Topic_1));
    {122}let KeyMaterial_1: KeyMaterial_t = KDF(SharedSecret_1,ChallengeA_1,ChallengeB_1) in
    {123}in(RTPS_Ch, CryptoToken_1: CryptoToken_t);
    {124}if decCryptoToken(CryptoToken_1,KeyMaterial_1,DHAlgoB,HashAlgoB,AeadAlgoB) then
    {125}new sessionID_1: bitstring;
    {126}new IV_1: bitstring;
    {127}let cryptoHeader_1: CryptoHeader_t = makeCryptoHeader(sessionID_1,IV_1) in
    {128}let sessionKey_1: bitstring = hmac(HashAlgoB,KeyMaterial_1,(sessionID_1,KeyMaterial_1)) in
    {129}event B_2(GUIDB_2,CB_1,ChallengeB_1,gy_DHB_1,GUIDA_2,CA_1,ChallengeA_1,gx_DHA_1,SharedSecret_1,KeyMaterial_1,cryptoHeader_1,sessionKey_1);
    {130}new applicationData_1: bitstring;
    {131}event B_3(GUIDB_2,GUIDA_2,applicationData_1,cryptoHeader_1,sessionKey_1);
    {132}out(RTPS_Ch, (cryptoHeader_1,aead_enc(AeadAlgoB,sessionKey_1,IV_1,cryptoHeader_1,(applicationData_1,secretData))));
    {133}in(RTPS_Ch, (cryptoHeader_n: CryptoHeader_t,encryptedApplicationData_1: bitstring));
    {134}let makeCryptoHeader(sessionID_new_1: bitstring,IV_new_1: bitstring) = cryptoHeader_n in
    {135}if (sessionID_new_1 ≠ sessionID_1) then
    {136}let sessionKey_new_1: bitstring = hmac(HashAlgoB,KeyMaterial_1,(sessionID_new_1,KeyMaterial_1)) in
    {137}let applicationData_new_1: bitstring = aead_dec(AeadAlgoB,sessionKey_new_1,IV_1,cryptoHeader_n,encryptedApplicationData_1) in
        {138}event KEY_UPDATE_end(GUIDA_2,GUIDB_2,cryptoHeader_n,sessionKey_new_1,applicationData_new_1);
        {139}out(RTPS_Ch, finishB)
    else
        {140}out(RTPS_Ch, finishB)
) | (
    {141}!
    {142}let Topic_bd_3: TopicID_t = Topic_bd in
    {143}in(Discovery_ch, (GUIDB_3: GUID_t,PdataB_2: Pdata_t));
    {144}let participant_data(=GUIDB_3,=Topic_bd_3,QosB_2: Qos_t,=discoveryRegister) = PdataB_2 in
    {145}in(Discovery_ch, (GUIDA_3: GUID_t,PdataA_2: Pdata_t));
    {146}let participant_data(=GUIDA_3,=Topic_bd_3,QosA: Qos_t,=discoveryRegister) = PdataA_2 in
    {147}event DISCOVERY(GUIDB_3,PdataB_2,GUIDA_3,PdataA_2);
    {148}out(Discovery_ch, (PdataB_2,discoveredParticipant,PdataA_2));
    {149}in(Discovery_ch, (PermB_2: PermDoc_t,=TopicCreateReq,Topic_2: TopicID_t,=PdataB_2));
    {150}event TOPIC_DISCOVERED(GUIDB_3,PermB_2,Topic_2);
    {151}out(Discovery_ch, (PermB_2,TopicDiscovered,Topic_2,PdataB_2));
    {152}out(RTPS_Ch, finishDiscovery)
)

--  Process 1 (that is, process 0, with let moved downwards):
{1}let PK_CI: PK_t = pk(SK_CI) in
{2}out(RTPS_Ch, PK_CI);
{3}let PK_Perm: PK_t = pk(SK_Perm) in
{4}out(RTPS_Ch, PK_Perm);
{5}new GUIDA: GUID_t;
{6}new PrivKA: SK_t;
{10}new DGA: DomainGovernance_t;
{11}new PPA: ParticipantPermission_t;
{12}new QoSA: Qos_t;
{18}new GUIDB: GUID_t;
{19}new PrivKB: SK_t;
{23}new DGB: DomainGovernance_t;
{24}new PPB: ParticipantPermission_t;
{25}new QosB: Qos_t;
{31}new Topic_bd: TopicID_t;
(
    {32}out(RTPS_Ch, SK_CI)
) | (
    {33}!
    {39}let Topic_bd_1: TopicID_t = Topic_bd in
    {37}let QoSA_1: Qos_t = QoSA in
    {34}let GUIDA_1: GUID_t = GUIDA in
    {40}let PdataA: Pdata_t = participant_data(GUIDA_1,Topic_bd_1,QoSA_1,discoveryRegister) in
    {41}out(Discovery_ch, (GUIDA_1,PdataA));
    {42}in(Discovery_ch, (PdataB: Pdata_t,=discoveredParticipant,=PdataA));
    {43}event A_discover(PdataB);
    {17}let DHAlgoA: Algo_t = make_algo(ID_G,DH_RSA) in
    {44}let make_algo(g: group_t,algoName: AlgoName_t) = DHAlgoA in
    {45}new ChallengeA: bitstring;
    {46}new s[]: Seed_t;
    {47}let gx: element_t = dh_pub(g,dh_k(s)) in
    {48}let (x: bitstring,gx_DHA: element_t) = (dh_k(s),gx) in
    {36}let HashAlgoA: Hash_alg_t = SHA256 in
    {15}let PP: ParticipantPermission_t = PPA in
    {14}let DG: DomainGovernance_t = DGA in
    {13}let sn_1: GUID_t = GUIDA in
    {16}let PermA: PermDoc_t = sign_perm(sn_1,DG,PP,SK_Perm) in
    {8}let Pk: PK_t = pk(PrivKA) in
    {7}let sn: GUID_t = GUIDA in
    {9}let CertA: Cert_t = sign_cert(sn,Pk,SN_CI,SK_CI) in
    {49}let CA: Clist_t = make_C_list(CertA,PermA,PdataA,DHAlgoA,HashAlgoA) in
    {51}event A_0(GUIDA_1,CA,ChallengeA,gx_DHA,PdataB);
    {50}let hash_CA: bitstring = hash(HashAlgoA,CA) in
    {52}out(RTPS_Ch, (CA,hash_CA,ChallengeA,gx_DHA));
    {53}in(RTPS_Ch, (CB: Clist_t,hash_CB: bitstring,=ChallengeA,ChallengeB: bitstring,gy_DHB: element_t,=hash_CA,=gx_DHA,sigB: Sig_t));
    {54}let make_C_list(CertB_1: Cert_t,PermB_1: PermDoc_t,=PdataB,=DHAlgoA,=HashAlgoA) = CB in
    {55}let (GUIDB_1: GUID_t,PkB: PK_t,=SN_CI) = check_cert(CertB_1,PK_CI) in
    {56}if verify(PkB,(hash(HashAlgoA,CB),ChallengeB,gy_DHB,ChallengeA,gx_DHA,hash_CA),sigB) then
    {57}event endAtoB(GUIDB_1,CertB_1,ChallengeA);
    {61}event beginBtoA(GUIDA_1,CertA,ChallengeB);
    {58}let gxy_SharedSecret: element_t = dh_exp(gy_DHB,x) in
    {59}let SharedSecret: bitstring = gxy_SharedSecret in
    {62}event A_1(GUIDA_1,CA,ChallengeA,gx_DHA,GUIDB_1,CB,ChallengeB,gy_DHB,SharedSecret);
    {35}let PrivK_A: SK_t = PrivKA in
    {60}let sigA: Sig_t = sign(PrivK_A,(hash_CA,ChallengeA,gx_DHA,ChallengeB,gy_DHB,hash_CB)) in
    {63}out(RTPS_Ch, (hash_CA,hash(HashAlgoA,CB),gx_DHA,gy_DHB,ChallengeA,ChallengeB,sigA));
    {64}in(Discovery_ch, (PermB_x: PermDoc_t,=TopicDiscovered,Topic: TopicID_t,=PdataB));
    {65}if (PermB_x = PermB_1) then
    {66}let (=GUIDB_1,DGB_1: DomainGovernance_t,PPB_1: ParticipantPermission_t) = check_perm(PermB_1,PK_Perm) in
    {67}event PERM_CHECK(GUIDB_1,PermB_1,Topic);
    {68}out(RTPS_Ch, (GUIDA_1,PermissionChecked,GUIDB_1,Topic));
    {69}let KeyMaterial: KeyMaterial_t = KDF(SharedSecret,ChallengeA,ChallengeB) in
    {71}event A_2(GUIDA_1,CA,ChallengeA,gx_DHA,GUIDB_1,CB,ChallengeB,gy_DHB,SharedSecret,KeyMaterial);
    {38}let AeadAlgoA: Aead_alg_t = AES_GCM_128 in
    {70}let CryptoToken: CryptoToken_t = encCryptoToken(KeyMaterial,DHAlgoA,HashAlgoA,AeadAlgoA) in
    {72}out(RTPS_Ch, CryptoToken);
    {73}in(RTPS_Ch, (cryptoHeader: CryptoHeader_t,encryptedApplicationData: bitstring));
    {74}let makeCryptoHeader(sessionID: bitstring,IV: bitstring) = cryptoHeader in
    {75}let sessionKey: bitstring = hmac(HashAlgoA,KeyMaterial,(sessionID,KeyMaterial)) in
    {76}let (applicationData: bitstring,=secretData) = aead_dec(AeadAlgoA,sessionKey,IV,cryptoHeader,encryptedApplicationData) in
    {77}event A_3(GUIDB_1,GUIDA_1,applicationData,cryptoHeader,sessionKey);
    {78}event ENC_COMMUNICATION(GUIDA_1,CA,ChallengeA,gx_DHA,GUIDB_1,CB,ChallengeB,gy_DHB,SharedSecret,KeyMaterial,cryptoHeader,sessionKey);
    {79}new sessionID_new: bitstring;
    {80}new IV_new: bitstring;
    {83}new applicationData_new: bitstring;
    {82}let sessionKey_new: bitstring = hmac(HashAlgoA,KeyMaterial,(sessionID_new,KeyMaterial)) in
    {81}let cryptoHeader_new: CryptoHeader_t = makeCryptoHeader(sessionID_new,IV_new) in
    {84}event KEY_UPDATE_begin(GUIDA_1,GUIDB_1,cryptoHeader_new,sessionKey_new,applicationData_new);
    {85}out(RTPS_Ch, (cryptoHeader_new,aead_enc(AeadAlgoA,sessionKey_new,IV,cryptoHeader_new,applicationData_new)));
    {86}out(RTPS_Ch, finishA)
) | (
    {87}!
    {93}let Topic_bd_2: TopicID_t = Topic_bd in
    {91}let QosB_1: Qos_t = QosB in
    {88}let GUIDB_2: GUID_t = GUIDB in
    {94}let PdataB_1: Pdata_t = participant_data(GUIDB_2,Topic_bd_2,QosB_1,discoveryRegister) in
    {95}event B_discover(PdataB_1);
    {96}out(Discovery_ch, (GUIDB_2,PdataB_1));
    {97}in(RTPS_Ch, (CA_1: Clist_t,hash_CA_1: bitstring,ChallengeA_1: bitstring,gx_DHA_1: element_t));
    {90}let HashAlgoB: Hash_alg_t = SHA256 in
    {30}let DHAlgoB: Algo_t = make_algo(ID_G,DH_RSA) in
    {98}let make_C_list(CertA_1: Cert_t,PermA_1: PermDoc_t,PdataA_1: Pdata_t,=DHAlgoB,=HashAlgoB) = CA_1 in
    {99}let make_algo(g_1: group_t,algoName_1: AlgoName_t) = DHAlgoB in
    {100}let (GUIDA_2: GUID_t,PkA: PK_t,=SN_CI) = check_cert(CertA_1,PK_CI) in
    {101}if (hash(HashAlgoB,CA_1) = hash_CA_1) then
    {102}new ChallengeB_1: bitstring;
    {103}new s_1[]: Seed_t;
    {104}let gx_1: element_t = dh_pub(g_1,dh_k(s_1)) in
    {105}let (y: bitstring,gy_DHB_1: element_t) = (dh_k(s_1),gx_1) in
    {21}let Pk_1: PK_t = pk(PrivKB) in
    {20}let sn_2: GUID_t = GUIDB in
    {22}let CertB: Cert_t = sign_cert(sn_2,Pk_1,SN_CI,SK_CI) in
    {109}event beginAtoB(GUIDB_2,CertB,ChallengeA_1);
    {28}let PP_1: ParticipantPermission_t = PPB in
    {27}let DG_1: DomainGovernance_t = DGB in
    {26}let sn_3: GUID_t = GUIDB in
    {29}let PermB: PermDoc_t = sign_perm(sn_3,DG_1,PP_1,SK_Perm) in
    {106}let CB_1: Clist_t = make_C_list(CertB,PermB,PdataB_1,DHAlgoB,HashAlgoB) in
    {110}event B_0(GUIDB_2,CB_1,ChallengeB_1,gy_DHB_1,GUIDA_2,CA_1,ChallengeA_1,gx_DHA_1);
    {107}let hash_CB_1: bitstring = hash(HashAlgoB,CB_1) in
    {89}let PrivK_B: SK_t = PrivKB in
    {108}let sigB_1: Sig_t = sign(PrivK_B,(hash_CB_1,ChallengeB_1,gy_DHB_1,ChallengeA_1,gx_DHA_1,hash_CA_1)) in
    {111}out(RTPS_Ch, (CB_1,hash_CB_1,ChallengeA_1,ChallengeB_1,gy_DHB_1,hash_CA_1,gx_DHA_1,sigB_1));
    {112}in(RTPS_Ch, (=hash_CA_1,=hash_CB_1,=gx_DHA_1,=gy_DHB_1,=ChallengeA_1,=ChallengeB_1,sigA_1: Sig_t));
    {113}if verify(PkA,(hash_CA_1,ChallengeA_1,gx_DHA_1,ChallengeB_1,gy_DHB_1,hash_CB_1),sigA_1) then
    {114}event endBtoA(GUIDA_2,CertA_1,ChallengeB_1);
    {115}let gxy_SharedSecret_1: element_t = dh_exp(gx_DHA_1,y) in
    {116}let SharedSecret_1: bitstring = gxy_SharedSecret_1 in
    {117}event B_1(GUIDB_2,CB_1,ChallengeB_1,gy_DHB_1,GUIDA_2,CA_1,ChallengeA_1,gx_DHA_1,SharedSecret_1);
    {118}new Topic_1: TopicID_t;
    {119}event TOPIC_CRT_REQ(GUIDB_2,PermB,Topic_1);
    {120}out(Discovery_ch, (PermB,TopicCreateReq,Topic_1,PdataB_1));
    {121}in(RTPS_Ch, (=GUIDA_2,=PermissionChecked,=GUIDB_2,=Topic_1));
    {123}in(RTPS_Ch, CryptoToken_1: CryptoToken_t);
    {122}let KeyMaterial_1: KeyMaterial_t = KDF(SharedSecret_1,ChallengeA_1,ChallengeB_1) in
    {92}let AeadAlgoB: Aead_alg_t = AES_GCM_128 in
    {124}if decCryptoToken(CryptoToken_1,KeyMaterial_1,DHAlgoB,HashAlgoB,AeadAlgoB) then
    {125}new sessionID_1: bitstring;
    {126}new IV_1: bitstring;
    {128}let sessionKey_1: bitstring = hmac(HashAlgoB,KeyMaterial_1,(sessionID_1,KeyMaterial_1)) in
    {127}let cryptoHeader_1: CryptoHeader_t = makeCryptoHeader(sessionID_1,IV_1) in
    {129}event B_2(GUIDB_2,CB_1,ChallengeB_1,gy_DHB_1,GUIDA_2,CA_1,ChallengeA_1,gx_DHA_1,SharedSecret_1,KeyMaterial_1,cryptoHeader_1,sessionKey_1);
    {130}new applicationData_1: bitstring;
    {131}event B_3(GUIDB_2,GUIDA_2,applicationData_1,cryptoHeader_1,sessionKey_1);
    {132}out(RTPS_Ch, (cryptoHeader_1,aead_enc(AeadAlgoB,sessionKey_1,IV_1,cryptoHeader_1,(applicationData_1,secretData))));
    {133}in(RTPS_Ch, (cryptoHeader_n: CryptoHeader_t,encryptedApplicationData_1: bitstring));
    {134}let makeCryptoHeader(sessionID_new_1: bitstring,IV_new_1: bitstring) = cryptoHeader_n in
    {135}if (sessionID_new_1 ≠ sessionID_1) then
    {136}let sessionKey_new_1: bitstring = hmac(HashAlgoB,KeyMaterial_1,(sessionID_new_1,KeyMaterial_1)) in
    {137}let applicationData_new_1: bitstring = aead_dec(AeadAlgoB,sessionKey_new_1,IV_1,cryptoHeader_n,encryptedApplicationData_1) in
        {138}event KEY_UPDATE_end(GUIDA_2,GUIDB_2,cryptoHeader_n,sessionKey_new_1,applicationData_new_1);
        {139}out(RTPS_Ch, finishB)
    else
        {140}out(RTPS_Ch, finishB)
) | (
    {141}!
    {143}in(Discovery_ch, (GUIDB_3: GUID_t,PdataB_2: Pdata_t));
    {142}let Topic_bd_3: TopicID_t = Topic_bd in
    {144}let participant_data(=GUIDB_3,=Topic_bd_3,QosB_2: Qos_t,=discoveryRegister) = PdataB_2 in
    {145}in(Discovery_ch, (GUIDA_3: GUID_t,PdataA_2: Pdata_t));
    {146}let participant_data(=GUIDA_3,=Topic_bd_3,QosA: Qos_t,=discoveryRegister) = PdataA_2 in
    {147}event DISCOVERY(GUIDB_3,PdataB_2,GUIDA_3,PdataA_2);
    {148}out(Discovery_ch, (PdataB_2,discoveredParticipant,PdataA_2));
    {149}in(Discovery_ch, (PermB_2: PermDoc_t,=TopicCreateReq,Topic_2: TopicID_t,=PdataB_2));
    {150}event TOPIC_DISCOVERED(GUIDB_3,PermB_2,Topic_2);
    {151}out(Discovery_ch, (PermB_2,TopicDiscovered,Topic_2,PdataB_2));
    {152}out(RTPS_Ch, finishDiscovery)
)

-- Query event(A_1(GUIDA_4,CA_2,ChallengeA_2,gx_DHA_2,GUIDB_4,CB_2,ChallengeB_2,gy_DHB_2,SharedSecret_2)) ==> event(B_0(GUIDB_4,CB_2,ChallengeB_2,gy_DHB_2,GUIDA_4,CA_2,ChallengeA_2,gx_DHA_2)) in process 1.
Translating the process into Horn clauses...
Completing...
Termination warning: Selecting an hypothesis matching the conclusion.
In case of non-termination, try a noselect declaration implying the following one:
   noselect PkA_1:PK_t, GUIDA_4:GUID_t; attacker(sign_cert(GUIDA_4,PkA_1,SN_CI,SK_CI)).
Termination warning: Selecting an hypothesis matching the conclusion.
In case of non-termination, try a noselect declaration implying the following one:
   noselect PdataA_3:Pdata_t, PermA_2:PermDoc_t, PkA_1:PK_t, GUIDA_4:GUID_t; attacker(hash(SHA256,make_C_list(sign_cert(GUIDA_4,PkA_1,SN_CI,SK_CI),PermA_2,PdataA_3,make_algo(ID_G,DH_RSA),SHA256))).
200 rules inserted. Base: 167 rules (55 with conclusion selected). Queue: 26 rules.
Termination warning: Selecting an hypothesis matching the conclusion.
In case of non-termination, try a noselect declaration implying the following one:
   noselect PdataA_3:Pdata_t, PermA_2:PermDoc_t; attacker(hash(SHA256,make_C_list(sign_cert(GUIDB[],pk(PrivKB[]),SN_CI,SK_CI),PermA_2,PdataA_3,make_algo(ID_G,DH_RSA),SHA256))).
400 rules inserted. Base: 266 rules (91 with conclusion selected). Queue: 55 rules.
600 rules inserted. Base: 318 rules (91 with conclusion selected). Queue: 154 rules.
800 rules inserted. Base: 357 rules (91 with conclusion selected). Queue: 196 rules.
1000 rules inserted. Base: 481 rules (91 with conclusion selected). Queue: 272 rules.
1200 rules inserted. Base: 527 rules (92 with conclusion selected). Queue: 222 rules.
1400 rules inserted. Base: 641 rules (99 with conclusion selected). Queue: 139 rules.
1600 rules inserted. Base: 728 rules (107 with conclusion selected). Queue: 147 rules.
1800 rules inserted. Base: 774 rules (107 with conclusion selected). Queue: 195 rules.
2000 rules inserted. Base: 867 rules (107 with conclusion selected). Queue: 172 rules.
2200 rules inserted. Base: 897 rules (115 with conclusion selected). Queue: 188 rules.
2400 rules inserted. Base: 921 rules (115 with conclusion selected). Queue: 207 rules.
2600 rules inserted. Base: 1015 rules (115 with conclusion selected). Queue: 322 rules.
2800 rules inserted. Base: 1086 rules (115 with conclusion selected). Queue: 344 rules.
3000 rules inserted. Base: 1154 rules (115 with conclusion selected). Queue: 292 rules.
3200 rules inserted. Base: 1253 rules (115 with conclusion selected). Queue: 270 rules.
3400 rules inserted. Base: 1342 rules (115 with conclusion selected). Queue: 185 rules.
3600 rules inserted. Base: 1451 rules (117 with conclusion selected). Queue: 58 rules.
3800 rules inserted. Base: 1508 rules (135 with conclusion selected). Queue: 50 rules.
4000 rules inserted. Base: 1541 rules (135 with conclusion selected). Queue: 129 rules.
4200 rules inserted. Base: 1572 rules (135 with conclusion selected). Queue: 158 rules.
4400 rules inserted. Base: 1618 rules (135 with conclusion selected). Queue: 216 rules.
4600 rules inserted. Base: 1622 rules (135 with conclusion selected). Queue: 217 rules.
4800 rules inserted. Base: 1662 rules (137 with conclusion selected). Queue: 365 rules.
5000 rules inserted. Base: 1787 rules (137 with conclusion selected). Queue: 481 rules.
5200 rules inserted. Base: 1838 rules (137 with conclusion selected). Queue: 433 rules.
5400 rules inserted. Base: 1854 rules (137 with conclusion selected). Queue: 404 rules.
5600 rules inserted. Base: 1997 rules (138 with conclusion selected). Queue: 263 rules.
5800 rules inserted. Base: 2109 rules (138 with conclusion selected). Queue: 127 rules.
6000 rules inserted. Base: 2158 rules (166 with conclusion selected). Queue: 118 rules.
6200 rules inserted. Base: 2164 rules (171 with conclusion selected). Queue: 107 rules.
6400 rules inserted. Base: 2214 rules (189 with conclusion selected). Queue: 94 rules.
6600 rules inserted. Base: 2247 rules (204 with conclusion selected). Queue: 99 rules.
6800 rules inserted. Base: 2280 rules (204 with conclusion selected). Queue: 164 rules.
7000 rules inserted. Base: 2301 rules (204 with conclusion selected). Queue: 156 rules.
7200 rules inserted. Base: 2410 rules (208 with conclusion selected). Queue: 255 rules.
7400 rules inserted. Base: 2473 rules (208 with conclusion selected). Queue: 224 rules.
7600 rules inserted. Base: 2442 rules (210 with conclusion selected). Queue: 223 rules.
7800 rules inserted. Base: 2478 rules (210 with conclusion selected). Queue: 139 rules.
8000 rules inserted. Base: 2521 rules (210 with conclusion selected). Queue: 96 rules.
8200 rules inserted. Base: 2585 rules (258 with conclusion selected). Queue: 46 rules.
8400 rules inserted. Base: 2673 rules (290 with conclusion selected). Queue: 40 rules.
8600 rules inserted. Base: 2709 rules (290 with conclusion selected). Queue: 12 rules.
Starting query event(A_1(GUIDA_4,CA_2,ChallengeA_2,gx_DHA_2,GUIDB_4,CB_2,ChallengeB_2,gy_DHB_2,SharedSecret_2)) ==> event(B_0(GUIDB_4,CB_2,ChallengeB_2,gy_DHB_2,GUIDA_4,CA_2,ChallengeA_2,gx_DHA_2))
goal reachable: attacker(GUIDB_4) && attacker(key) && attacker(PermB_3) && attacker(ChallengeB_2) && attacker(gy_DHB_2) && attacker(PdataB_3) -> event(A_1(GUIDA[],make_C_list(sign_cert(GUIDA[],pk(PrivKA[]),SN_CI,SK_CI),sign_perm(GUIDA[],DGA[],PPA[],SK_Perm),participant_data(GUIDA[],Topic_bd[],QoSA[],discoveryRegister),make_algo(ID_G,DH_RSA),SHA256),ChallengeA_2,dh_pub(ID_G,dh_k(s_2)),GUIDB_4,make_C_list(sign_cert(GUIDB_4,pk(key),SN_CI,SK_CI),PermB_3,PdataB_3,make_algo(ID_G,DH_RSA),SHA256),ChallengeB_2,gy_DHB_2,dh_exp(gy_DHB_2,dh_k(s_2))))
Abbreviations:
ChallengeA_2 = ChallengeA[PdataB = PdataB_3,!1 = @sid]
s_2 = s[!1 = @sid]

Derivation:
Abbreviations:
ChallengeA_2 = ChallengeA[PdataB = PdataB_3,!1 = @sid]
s_2 = s[!1 = @sid]
ChallengeA_3 = ChallengeA[PdataB = PdataB_4,!1 = @sid]
ChallengeA_4 = ChallengeA[PdataB = PdataB_5,!1 = @sid_1]
s_3 = s[!1 = @sid_1]

1. Using the function discoveryRegister the attacker may obtain discoveryRegister.
attacker(discoveryRegister).

2. The message (GUIDA[],participant_data(GUIDA[],Topic_bd[],QoSA[],discoveryRegister)) may be sent to the attacker at output {41}.
attacker((GUIDA[],participant_data(GUIDA[],Topic_bd[],QoSA[],discoveryRegister))).

3. By 2, the attacker may know (GUIDA[],participant_data(GUIDA[],Topic_bd[],QoSA[],discoveryRegister)).
Using the function 2-proj-2-tuple the attacker may obtain participant_data(GUIDA[],Topic_bd[],QoSA[],discoveryRegister).
attacker(participant_data(GUIDA[],Topic_bd[],QoSA[],discoveryRegister)).

4. By 3, the attacker may know participant_data(GUIDA[],Topic_bd[],QoSA[],discoveryRegister).
Using the function 3-proj-participant_data the attacker may obtain QoSA[].
attacker(QoSA[]).

5. By 3, the attacker may know participant_data(GUIDA[],Topic_bd[],QoSA[],discoveryRegister).
Using the function 2-proj-participant_data the attacker may obtain Topic_bd[].
attacker(Topic_bd[]).

6. By 2, the attacker may know (GUIDA[],participant_data(GUIDA[],Topic_bd[],QoSA[],discoveryRegister)).
Using the function 1-proj-2-tuple the attacker may obtain GUIDA[].
attacker(GUIDA[]).

7. By 6, the attacker may know GUIDA[].
By 5, the attacker may know Topic_bd[].
By 4, the attacker may know QoSA[].
By 1, the attacker may know discoveryRegister.
Using the function participant_data the attacker may obtain participant_data(GUIDA[],Topic_bd[],QoSA[],discoveryRegister).
attacker(participant_data(GUIDA[],Topic_bd[],QoSA[],discoveryRegister)).

8. Using the function discoveredParticipant the attacker may obtain discoveredParticipant.
attacker(discoveredParticipant).

9. We assume as hypothesis that
attacker(PdataB_3).

10. By 9, the attacker may know PdataB_3.
By 8, the attacker may know discoveredParticipant.
By 7, the attacker may know participant_data(GUIDA[],Topic_bd[],QoSA[],discoveryRegister).
Using the function 3-tuple the attacker may obtain (PdataB_3,discoveredParticipant,participant_data(GUIDA[],Topic_bd[],QoSA[],discoveryRegister)).
attacker((PdataB_3,discoveredParticipant,participant_data(GUIDA[],Topic_bd[],QoSA[],discoveryRegister))).

11. Using the function SHA256 the attacker may obtain SHA256.
attacker(SHA256).

12. Using the function DH_RSA the attacker may obtain DH_RSA.
attacker(DH_RSA).

13. Using the function ID_G the attacker may obtain ID_G.
attacker(ID_G).

14. By 13, the attacker may know ID_G.
By 12, the attacker may know DH_RSA.
Using the function make_algo the attacker may obtain make_algo(ID_G,DH_RSA).
attacker(make_algo(ID_G,DH_RSA)).

15. The attacker has some term PdataB_5.
attacker(PdataB_5).

16. By 15, the attacker may know PdataB_5.
By 8, the attacker may know discoveredParticipant.
By 7, the attacker may know participant_data(GUIDA[],Topic_bd[],QoSA[],discoveryRegister).
Using the function 3-tuple the attacker may obtain (PdataB_5,discoveredParticipant,participant_data(GUIDA[],Topic_bd[],QoSA[],discoveryRegister)).
attacker((PdataB_5,discoveredParticipant,participant_data(GUIDA[],Topic_bd[],QoSA[],discoveryRegister))).

17. The message (PdataB_5,discoveredParticipant,participant_data(GUIDA[],Topic_bd[],QoSA[],discoveryRegister)) that the attacker may have by 16 may be received at input {42}.
So the message (make_C_list(sign_cert(GUIDA[],pk(PrivKA[]),SN_CI,SK_CI),sign_perm(GUIDA[],DGA[],PPA[],SK_Perm),participant_data(GUIDA[],Topic_bd[],QoSA[],discoveryRegister),make_algo(ID_G,DH_RSA),SHA256),hash(SHA256,make_C_list(sign_cert(GUIDA[],pk(PrivKA[]),SN_CI,SK_CI),sign_perm(GUIDA[],DGA[],PPA[],SK_Perm),participant_data(GUIDA[],Topic_bd[],QoSA[],discoveryRegister),make_algo(ID_G,DH_RSA),SHA256)),ChallengeA_4,dh_pub(ID_G,dh_k(s_3))) may be sent to the attacker at output {52}.
attacker((make_C_list(sign_cert(GUIDA[],pk(PrivKA[]),SN_CI,SK_CI),sign_perm(GUIDA[],DGA[],PPA[],SK_Perm),participant_data(GUIDA[],Topic_bd[],QoSA[],discoveryRegister),make_algo(ID_G,DH_RSA),SHA256),hash(SHA256,make_C_list(sign_cert(GUIDA[],pk(PrivKA[]),SN_CI,SK_CI),sign_perm(GUIDA[],DGA[],PPA[],SK_Perm),participant_data(GUIDA[],Topic_bd[],QoSA[],discoveryRegister),make_algo(ID_G,DH_RSA),SHA256)),ChallengeA_4,dh_pub(ID_G,dh_k(s_3)))).

18. By 17, the attacker may know (make_C_list(sign_cert(GUIDA[],pk(PrivKA[]),SN_CI,SK_CI),sign_perm(GUIDA[],DGA[],PPA[],SK_Perm),participant_data(GUIDA[],Topic_bd[],QoSA[],discoveryRegister),make_algo(ID_G,DH_RSA),SHA256),hash(SHA256,make_C_list(sign_cert(GUIDA[],pk(PrivKA[]),SN_CI,SK_CI),sign_perm(GUIDA[],DGA[],PPA[],SK_Perm),participant_data(GUIDA[],Topic_bd[],QoSA[],discoveryRegister),make_algo(ID_G,DH_RSA),SHA256)),ChallengeA_4,dh_pub(ID_G,dh_k(s_3))).
Using the function 1-proj-4-tuple the attacker may obtain make_C_list(sign_cert(GUIDA[],pk(PrivKA[]),SN_CI,SK_CI),sign_perm(GUIDA[],DGA[],PPA[],SK_Perm),participant_data(GUIDA[],Topic_bd[],QoSA[],discoveryRegister),make_algo(ID_G,DH_RSA),SHA256).
attacker(make_C_list(sign_cert(GUIDA[],pk(PrivKA[]),SN_CI,SK_CI),sign_perm(GUIDA[],DGA[],PPA[],SK_Perm),participant_data(GUIDA[],Topic_bd[],QoSA[],discoveryRegister),make_algo(ID_G,DH_RSA),SHA256)).

19. By 18, the attacker may know make_C_list(sign_cert(GUIDA[],pk(PrivKA[]),SN_CI,SK_CI),sign_perm(GUIDA[],DGA[],PPA[],SK_Perm),participant_data(GUIDA[],Topic_bd[],QoSA[],discoveryRegister),make_algo(ID_G,DH_RSA),SHA256).
Using the function 2-proj-make_C_list the attacker may obtain sign_perm(GUIDA[],DGA[],PPA[],SK_Perm).
attacker(sign_perm(GUIDA[],DGA[],PPA[],SK_Perm)).

20. By 18, the attacker may know make_C_list(sign_cert(GUIDA[],pk(PrivKA[]),SN_CI,SK_CI),sign_perm(GUIDA[],DGA[],PPA[],SK_Perm),participant_data(GUIDA[],Topic_bd[],QoSA[],discoveryRegister),make_algo(ID_G,DH_RSA),SHA256).
Using the function 1-proj-make_C_list the attacker may obtain sign_cert(GUIDA[],pk(PrivKA[]),SN_CI,SK_CI).
attacker(sign_cert(GUIDA[],pk(PrivKA[]),SN_CI,SK_CI)).

21. By 20, the attacker may know sign_cert(GUIDA[],pk(PrivKA[]),SN_CI,SK_CI).
By 19, the attacker may know sign_perm(GUIDA[],DGA[],PPA[],SK_Perm).
By 7, the attacker may know participant_data(GUIDA[],Topic_bd[],QoSA[],discoveryRegister).
By 14, the attacker may know make_algo(ID_G,DH_RSA).
By 11, the attacker may know SHA256.
Using the function make_C_list the attacker may obtain make_C_list(sign_cert(GUIDA[],pk(PrivKA[]),SN_CI,SK_CI),sign_perm(GUIDA[],DGA[],PPA[],SK_Perm),participant_data(GUIDA[],Topic_bd[],QoSA[],discoveryRegister),make_algo(ID_G,DH_RSA),SHA256).
attacker(make_C_list(sign_cert(GUIDA[],pk(PrivKA[]),SN_CI,SK_CI),sign_perm(GUIDA[],DGA[],PPA[],SK_Perm),participant_data(GUIDA[],Topic_bd[],QoSA[],discoveryRegister),make_algo(ID_G,DH_RSA),SHA256)).

22. By 11, the attacker may know SHA256.
By 21, the attacker may know make_C_list(sign_cert(GUIDA[],pk(PrivKA[]),SN_CI,SK_CI),sign_perm(GUIDA[],DGA[],PPA[],SK_Perm),participant_data(GUIDA[],Topic_bd[],QoSA[],discoveryRegister),make_algo(ID_G,DH_RSA),SHA256).
Using the function hash the attacker may obtain hash(SHA256,make_C_list(sign_cert(GUIDA[],pk(PrivKA[]),SN_CI,SK_CI),sign_perm(GUIDA[],DGA[],PPA[],SK_Perm),participant_data(GUIDA[],Topic_bd[],QoSA[],discoveryRegister),make_algo(ID_G,DH_RSA),SHA256)).
attacker(hash(SHA256,make_C_list(sign_cert(GUIDA[],pk(PrivKA[]),SN_CI,SK_CI),sign_perm(GUIDA[],DGA[],PPA[],SK_Perm),participant_data(GUIDA[],Topic_bd[],QoSA[],discoveryRegister),make_algo(ID_G,DH_RSA),SHA256))).

23. The attacker has some term PdataB_4.
attacker(PdataB_4).

24. By 23, the attacker may know PdataB_4.
By 8, the attacker may know discoveredParticipant.
By 7, the attacker may know participant_data(GUIDA[],Topic_bd[],QoSA[],discoveryRegister).
Using the function 3-tuple the attacker may obtain (PdataB_4,discoveredParticipant,participant_data(GUIDA[],Topic_bd[],QoSA[],discoveryRegister)).
attacker((PdataB_4,discoveredParticipant,participant_data(GUIDA[],Topic_bd[],QoSA[],discoveryRegister))).

25. The message (PdataB_4,discoveredParticipant,participant_data(GUIDA[],Topic_bd[],QoSA[],discoveryRegister)) that the attacker may have by 24 may be received at input {42}.
So the message (make_C_list(sign_cert(GUIDA[],pk(PrivKA[]),SN_CI,SK_CI),sign_perm(GUIDA[],DGA[],PPA[],SK_Perm),participant_data(GUIDA[],Topic_bd[],QoSA[],discoveryRegister),make_algo(ID_G,DH_RSA),SHA256),hash(SHA256,make_C_list(sign_cert(GUIDA[],pk(PrivKA[]),SN_CI,SK_CI),sign_perm(GUIDA[],DGA[],PPA[],SK_Perm),participant_data(GUIDA[],Topic_bd[],QoSA[],discoveryRegister),make_algo(ID_G,DH_RSA),SHA256)),ChallengeA_3,dh_pub(ID_G,dh_k(s_2))) may be sent to the attacker at output {52}.
attacker((make_C_list(sign_cert(GUIDA[],pk(PrivKA[]),SN_CI,SK_CI),sign_perm(GUIDA[],DGA[],PPA[],SK_Perm),participant_data(GUIDA[],Topic_bd[],QoSA[],discoveryRegister),make_algo(ID_G,DH_RSA),SHA256),hash(SHA256,make_C_list(sign_cert(GUIDA[],pk(PrivKA[]),SN_CI,SK_CI),sign_perm(GUIDA[],DGA[],PPA[],SK_Perm),participant_data(GUIDA[],Topic_bd[],QoSA[],discoveryRegister),make_algo(ID_G,DH_RSA),SHA256)),ChallengeA_3,dh_pub(ID_G,dh_k(s_2)))).

26. By 25, the attacker may know (make_C_list(sign_cert(GUIDA[],pk(PrivKA[]),SN_CI,SK_CI),sign_perm(GUIDA[],DGA[],PPA[],SK_Perm),participant_data(GUIDA[],Topic_bd[],QoSA[],discoveryRegister),make_algo(ID_G,DH_RSA),SHA256),hash(SHA256,make_C_list(sign_cert(GUIDA[],pk(PrivKA[]),SN_CI,SK_CI),sign_perm(GUIDA[],DGA[],PPA[],SK_Perm),participant_data(GUIDA[],Topic_bd[],QoSA[],discoveryRegister),make_algo(ID_G,DH_RSA),SHA256)),ChallengeA_3,dh_pub(ID_G,dh_k(s_2))).
Using the function 4-proj-4-tuple the attacker may obtain dh_pub(ID_G,dh_k(s_2)).
attacker(dh_pub(ID_G,dh_k(s_2))).

27. The message (PdataB_3,discoveredParticipant,participant_data(GUIDA[],Topic_bd[],QoSA[],discoveryRegister)) that the attacker may have by 10 may be received at input {42}.
So the message (make_C_list(sign_cert(GUIDA[],pk(PrivKA[]),SN_CI,SK_CI),sign_perm(GUIDA[],DGA[],PPA[],SK_Perm),participant_data(GUIDA[],Topic_bd[],QoSA[],discoveryRegister),make_algo(ID_G,DH_RSA),SHA256),hash(SHA256,make_C_list(sign_cert(GUIDA[],pk(PrivKA[]),SN_CI,SK_CI),sign_perm(GUIDA[],DGA[],PPA[],SK_Perm),participant_data(GUIDA[],Topic_bd[],QoSA[],discoveryRegister),make_algo(ID_G,DH_RSA),SHA256)),ChallengeA_2,dh_pub(ID_G,dh_k(s_2))) may be sent to the attacker at output {52}.
attacker((make_C_list(sign_cert(GUIDA[],pk(PrivKA[]),SN_CI,SK_CI),sign_perm(GUIDA[],DGA[],PPA[],SK_Perm),participant_data(GUIDA[],Topic_bd[],QoSA[],discoveryRegister),make_algo(ID_G,DH_RSA),SHA256),hash(SHA256,make_C_list(sign_cert(GUIDA[],pk(PrivKA[]),SN_CI,SK_CI),sign_perm(GUIDA[],DGA[],PPA[],SK_Perm),participant_data(GUIDA[],Topic_bd[],QoSA[],discoveryRegister),make_algo(ID_G,DH_RSA),SHA256)),ChallengeA_2,dh_pub(ID_G,dh_k(s_2)))).

28. By 27, the attacker may know (make_C_list(sign_cert(GUIDA[],pk(PrivKA[]),SN_CI,SK_CI),sign_perm(GUIDA[],DGA[],PPA[],SK_Perm),participant_data(GUIDA[],Topic_bd[],QoSA[],discoveryRegister),make_algo(ID_G,DH_RSA),SHA256),hash(SHA256,make_C_list(sign_cert(GUIDA[],pk(PrivKA[]),SN_CI,SK_CI),sign_perm(GUIDA[],DGA[],PPA[],SK_Perm),participant_data(GUIDA[],Topic_bd[],QoSA[],discoveryRegister),make_algo(ID_G,DH_RSA),SHA256)),ChallengeA_2,dh_pub(ID_G,dh_k(s_2))).
Using the function 3-proj-4-tuple the attacker may obtain ChallengeA_2.
attacker(ChallengeA_2).

29. We assume as hypothesis that
attacker(gy_DHB_2).

30. We assume as hypothesis that
attacker(ChallengeB_2).

31. We assume as hypothesis that
attacker(PermB_3).

32. The message SK_CI may be sent to the attacker at output {32}.
attacker(SK_CI).

33. Using the function SN_CI the attacker may obtain SN_CI.
attacker(SN_CI).

34. We assume as hypothesis that
attacker(key).

35. By 34, the attacker may know key.
Using the function pk the attacker may obtain pk(key).
attacker(pk(key)).

36. We assume as hypothesis that
attacker(GUIDB_4).

37. By 36, the attacker may know GUIDB_4.
By 35, the attacker may know pk(key).
By 33, the attacker may know SN_CI.
By 32, the attacker may know SK_CI.
Using the function sign_cert the attacker may obtain sign_cert(GUIDB_4,pk(key),SN_CI,SK_CI).
attacker(sign_cert(GUIDB_4,pk(key),SN_CI,SK_CI)).

38. By 37, the attacker may know sign_cert(GUIDB_4,pk(key),SN_CI,SK_CI).
By 31, the attacker may know PermB_3.
By 9, the attacker may know PdataB_3.
By 14, the attacker may know make_algo(ID_G,DH_RSA).
By 11, the attacker may know SHA256.
Using the function make_C_list the attacker may obtain make_C_list(sign_cert(GUIDB_4,pk(key),SN_CI,SK_CI),PermB_3,PdataB_3,make_algo(ID_G,DH_RSA),SHA256).
attacker(make_C_list(sign_cert(GUIDB_4,pk(key),SN_CI,SK_CI),PermB_3,PdataB_3,make_algo(ID_G,DH_RSA),SHA256)).

39. By 11, the attacker may know SHA256.
By 38, the attacker may know make_C_list(sign_cert(GUIDB_4,pk(key),SN_CI,SK_CI),PermB_3,PdataB_3,make_algo(ID_G,DH_RSA),SHA256).
Using the function hash the attacker may obtain hash(SHA256,make_C_list(sign_cert(GUIDB_4,pk(key),SN_CI,SK_CI),PermB_3,PdataB_3,make_algo(ID_G,DH_RSA),SHA256)).
attacker(hash(SHA256,make_C_list(sign_cert(GUIDB_4,pk(key),SN_CI,SK_CI),PermB_3,PdataB_3,make_algo(ID_G,DH_RSA),SHA256))).

40. By 39, the attacker may know hash(SHA256,make_C_list(sign_cert(GUIDB_4,pk(key),SN_CI,SK_CI),PermB_3,PdataB_3,make_algo(ID_G,DH_RSA),SHA256)).
By 30, the attacker may know ChallengeB_2.
By 29, the attacker may know gy_DHB_2.
By 28, the attacker may know ChallengeA_2.
By 26, the attacker may know dh_pub(ID_G,dh_k(s_2)).
By 22, the attacker may know hash(SHA256,make_C_list(sign_cert(GUIDA[],pk(PrivKA[]),SN_CI,SK_CI),sign_perm(GUIDA[],DGA[],PPA[],SK_Perm),participant_data(GUIDA[],Topic_bd[],QoSA[],discoveryRegister),make_algo(ID_G,DH_RSA),SHA256)).
Using the function 6-tuple the attacker may obtain (hash(SHA256,make_C_list(sign_cert(GUIDB_4,pk(key),SN_CI,SK_CI),PermB_3,PdataB_3,make_algo(ID_G,DH_RSA),SHA256)),ChallengeB_2,gy_DHB_2,ChallengeA_2,dh_pub(ID_G,dh_k(s_2)),hash(SHA256,make_C_list(sign_cert(GUIDA[],pk(PrivKA[]),SN_CI,SK_CI),sign_perm(GUIDA[],DGA[],PPA[],SK_Perm),participant_data(GUIDA[],Topic_bd[],QoSA[],discoveryRegister),make_algo(ID_G,DH_RSA),SHA256))).
attacker((hash(SHA256,make_C_list(sign_cert(GUIDB_4,pk(key),SN_CI,SK_CI),PermB_3,PdataB_3,make_algo(ID_G,DH_RSA),SHA256)),ChallengeB_2,gy_DHB_2,ChallengeA_2,dh_pub(ID_G,dh_k(s_2)),hash(SHA256,make_C_list(sign_cert(GUIDA[],pk(PrivKA[]),SN_CI,SK_CI),sign_perm(GUIDA[],DGA[],PPA[],SK_Perm),participant_data(GUIDA[],Topic_bd[],QoSA[],discoveryRegister),make_algo(ID_G,DH_RSA),SHA256)))).

41. By 34, the attacker may know key.
By 40, the attacker may know (hash(SHA256,make_C_list(sign_cert(GUIDB_4,pk(key),SN_CI,SK_CI),PermB_3,PdataB_3,make_algo(ID_G,DH_RSA),SHA256)),ChallengeB_2,gy_DHB_2,ChallengeA_2,dh_pub(ID_G,dh_k(s_2)),hash(SHA256,make_C_list(sign_cert(GUIDA[],pk(PrivKA[]),SN_CI,SK_CI),sign_perm(GUIDA[],DGA[],PPA[],SK_Perm),participant_data(GUIDA[],Topic_bd[],QoSA[],discoveryRegister),make_algo(ID_G,DH_RSA),SHA256))).
Using the function sign the attacker may obtain sign(key,(hash(SHA256,make_C_list(sign_cert(GUIDB_4,pk(key),SN_CI,SK_CI),PermB_3,PdataB_3,make_algo(ID_G,DH_RSA),SHA256)),ChallengeB_2,gy_DHB_2,ChallengeA_2,dh_pub(ID_G,dh_k(s_2)),hash(SHA256,make_C_list(sign_cert(GUIDA[],pk(PrivKA[]),SN_CI,SK_CI),sign_perm(GUIDA[],DGA[],PPA[],SK_Perm),participant_data(GUIDA[],Topic_bd[],QoSA[],discoveryRegister),make_algo(ID_G,DH_RSA),SHA256)))).
attacker(sign(key,(hash(SHA256,make_C_list(sign_cert(GUIDB_4,pk(key),SN_CI,SK_CI),PermB_3,PdataB_3,make_algo(ID_G,DH_RSA),SHA256)),ChallengeB_2,gy_DHB_2,ChallengeA_2,dh_pub(ID_G,dh_k(s_2)),hash(SHA256,make_C_list(sign_cert(GUIDA[],pk(PrivKA[]),SN_CI,SK_CI),sign_perm(GUIDA[],DGA[],PPA[],SK_Perm),participant_data(GUIDA[],Topic_bd[],QoSA[],discoveryRegister),make_algo(ID_G,DH_RSA),SHA256))))).

42. The attacker has some term hash_CB_2.
attacker(hash_CB_2).

43. By 38, the attacker may know make_C_list(sign_cert(GUIDB_4,pk(key),SN_CI,SK_CI),PermB_3,PdataB_3,make_algo(ID_G,DH_RSA),SHA256).
By 42, the attacker may know hash_CB_2.
By 28, the attacker may know ChallengeA_2.
By 30, the attacker may know ChallengeB_2.
By 29, the attacker may know gy_DHB_2.
By 22, the attacker may know hash(SHA256,make_C_list(sign_cert(GUIDA[],pk(PrivKA[]),SN_CI,SK_CI),sign_perm(GUIDA[],DGA[],PPA[],SK_Perm),participant_data(GUIDA[],Topic_bd[],QoSA[],discoveryRegister),make_algo(ID_G,DH_RSA),SHA256)).
By 26, the attacker may know dh_pub(ID_G,dh_k(s_2)).
By 41, the attacker may know sign(key,(hash(SHA256,make_C_list(sign_cert(GUIDB_4,pk(key),SN_CI,SK_CI),PermB_3,PdataB_3,make_algo(ID_G,DH_RSA),SHA256)),ChallengeB_2,gy_DHB_2,ChallengeA_2,dh_pub(ID_G,dh_k(s_2)),hash(SHA256,make_C_list(sign_cert(GUIDA[],pk(PrivKA[]),SN_CI,SK_CI),sign_perm(GUIDA[],DGA[],PPA[],SK_Perm),participant_data(GUIDA[],Topic_bd[],QoSA[],discoveryRegister),make_algo(ID_G,DH_RSA),SHA256)))).
Using the function 8-tuple the attacker may obtain (make_C_list(sign_cert(GUIDB_4,pk(key),SN_CI,SK_CI),PermB_3,PdataB_3,make_algo(ID_G,DH_RSA),SHA256),hash_CB_2,ChallengeA_2,ChallengeB_2,gy_DHB_2,hash(SHA256,make_C_list(sign_cert(GUIDA[],pk(PrivKA[]),SN_CI,SK_CI),sign_perm(GUIDA[],DGA[],PPA[],SK_Perm),participant_data(GUIDA[],Topic_bd[],QoSA[],discoveryRegister),make_algo(ID_G,DH_RSA),SHA256)),dh_pub(ID_G,dh_k(s_2)),sign(key,(hash(SHA256,make_C_list(sign_cert(GUIDB_4,pk(key),SN_CI,SK_CI),PermB_3,PdataB_3,make_algo(ID_G,DH_RSA),SHA256)),ChallengeB_2,gy_DHB_2,ChallengeA_2,dh_pub(ID_G,dh_k(s_2)),hash(SHA256,make_C_list(sign_cert(GUIDA[],pk(PrivKA[]),SN_CI,SK_CI),sign_perm(GUIDA[],DGA[],PPA[],SK_Perm),participant_data(GUIDA[],Topic_bd[],QoSA[],discoveryRegister),make_algo(ID_G,DH_RSA),SHA256))))).
attacker((make_C_list(sign_cert(GUIDB_4,pk(key),SN_CI,SK_CI),PermB_3,PdataB_3,make_algo(ID_G,DH_RSA),SHA256),hash_CB_2,ChallengeA_2,ChallengeB_2,gy_DHB_2,hash(SHA256,make_C_list(sign_cert(GUIDA[],pk(PrivKA[]),SN_CI,SK_CI),sign_perm(GUIDA[],DGA[],PPA[],SK_Perm),participant_data(GUIDA[],Topic_bd[],QoSA[],discoveryRegister),make_algo(ID_G,DH_RSA),SHA256)),dh_pub(ID_G,dh_k(s_2)),sign(key,(hash(SHA256,make_C_list(sign_cert(GUIDB_4,pk(key),SN_CI,SK_CI),PermB_3,PdataB_3,make_algo(ID_G,DH_RSA),SHA256)),ChallengeB_2,gy_DHB_2,ChallengeA_2,dh_pub(ID_G,dh_k(s_2)),hash(SHA256,make_C_list(sign_cert(GUIDA[],pk(PrivKA[]),SN_CI,SK_CI),sign_perm(GUIDA[],DGA[],PPA[],SK_Perm),participant_data(GUIDA[],Topic_bd[],QoSA[],discoveryRegister),make_algo(ID_G,DH_RSA),SHA256)))))).

44. The message (PdataB_3,discoveredParticipant,participant_data(GUIDA[],Topic_bd[],QoSA[],discoveryRegister)) that the attacker may have by 10 may be received at input {42}.
The message (make_C_list(sign_cert(GUIDB_4,pk(key),SN_CI,SK_CI),PermB_3,PdataB_3,make_algo(ID_G,DH_RSA),SHA256),hash_CB_2,ChallengeA_2,ChallengeB_2,gy_DHB_2,hash(SHA256,make_C_list(sign_cert(GUIDA[],pk(PrivKA[]),SN_CI,SK_CI),sign_perm(GUIDA[],DGA[],PPA[],SK_Perm),participant_data(GUIDA[],Topic_bd[],QoSA[],discoveryRegister),make_algo(ID_G,DH_RSA),SHA256)),dh_pub(ID_G,dh_k(s_2)),sign(key,(hash(SHA256,make_C_list(sign_cert(GUIDB_4,pk(key),SN_CI,SK_CI),PermB_3,PdataB_3,make_algo(ID_G,DH_RSA),SHA256)),ChallengeB_2,gy_DHB_2,ChallengeA_2,dh_pub(ID_G,dh_k(s_2)),hash(SHA256,make_C_list(sign_cert(GUIDA[],pk(PrivKA[]),SN_CI,SK_CI),sign_perm(GUIDA[],DGA[],PPA[],SK_Perm),participant_data(GUIDA[],Topic_bd[],QoSA[],discoveryRegister),make_algo(ID_G,DH_RSA),SHA256))))) that the attacker may have by 43 may be received at input {53}.
So event A_1(GUIDA[],make_C_list(sign_cert(GUIDA[],pk(PrivKA[]),SN_CI,SK_CI),sign_perm(GUIDA[],DGA[],PPA[],SK_Perm),participant_data(GUIDA[],Topic_bd[],QoSA[],discoveryRegister),make_algo(ID_G,DH_RSA),SHA256),ChallengeA_2,dh_pub(ID_G,dh_k(s_2)),GUIDB_4,make_C_list(sign_cert(GUIDB_4,pk(key),SN_CI,SK_CI),PermB_3,PdataB_3,make_algo(ID_G,DH_RSA),SHA256),ChallengeB_2,gy_DHB_2,dh_exp(gy_DHB_2,dh_k(s_2))) may be executed at {62}.
event(A_1(GUIDA[],make_C_list(sign_cert(GUIDA[],pk(PrivKA[]),SN_CI,SK_CI),sign_perm(GUIDA[],DGA[],PPA[],SK_Perm),participant_data(GUIDA[],Topic_bd[],QoSA[],discoveryRegister),make_algo(ID_G,DH_RSA),SHA256),ChallengeA_2,dh_pub(ID_G,dh_k(s_2)),GUIDB_4,make_C_list(sign_cert(GUIDB_4,pk(key),SN_CI,SK_CI),PermB_3,PdataB_3,make_algo(ID_G,DH_RSA),SHA256),ChallengeB_2,gy_DHB_2,dh_exp(gy_DHB_2,dh_k(s_2)))).

45. By 44, event(A_1(GUIDA[],make_C_list(sign_cert(GUIDA[],pk(PrivKA[]),SN_CI,SK_CI),sign_perm(GUIDA[],DGA[],PPA[],SK_Perm),participant_data(GUIDA[],Topic_bd[],QoSA[],discoveryRegister),make_algo(ID_G,DH_RSA),SHA256),ChallengeA_2,dh_pub(ID_G,dh_k(s_2)),GUIDB_4,make_C_list(sign_cert(GUIDB_4,pk(key),SN_CI,SK_CI),PermB_3,PdataB_3,make_algo(ID_G,DH_RSA),SHA256),ChallengeB_2,gy_DHB_2,dh_exp(gy_DHB_2,dh_k(s_2)))).
The goal is reached, represented in the following fact:
event(A_1(GUIDA[],make_C_list(sign_cert(GUIDA[],pk(PrivKA[]),SN_CI,SK_CI),sign_perm(GUIDA[],DGA[],PPA[],SK_Perm),participant_data(GUIDA[],Topic_bd[],QoSA[],discoveryRegister),make_algo(ID_G,DH_RSA),SHA256),ChallengeA_2,dh_pub(ID_G,dh_k(s_2)),GUIDB_4,make_C_list(sign_cert(GUIDB_4,pk(key),SN_CI,SK_CI),PermB_3,PdataB_3,make_algo(ID_G,DH_RSA),SHA256),ChallengeB_2,gy_DHB_2,dh_exp(gy_DHB_2,dh_k(s_2)))).


Unified PdataB_4 with PdataB_3
The clause after UnifyDerivationPrecise is
attacker(PdataB_3) && attacker(gy_DHB_2) && attacker(ChallengeB_2) && attacker(PermB_3) && attacker(key) && attacker(GUIDB_4) -> event(A_1(GUIDA[],make_C_list(sign_cert(GUIDA[],pk(PrivKA[]),SN_CI,SK_CI),sign_perm(GUIDA[],DGA[],PPA[],SK_Perm),participant_data(GUIDA[],Topic_bd[],QoSA[],discoveryRegister),make_algo(ID_G,DH_RSA),SHA256),ChallengeA[PdataB = PdataB_3,!1 = @sid],dh_pub(ID_G,dh_k(s[!1 = @sid])),GUIDB_4,make_C_list(sign_cert(GUIDB_4,pk(key),SN_CI,SK_CI),PermB_3,PdataB_3,make_algo(ID_G,DH_RSA),SHA256),ChallengeB_2,gy_DHB_2,dh_exp(gy_DHB_2,dh_k(s[!1 = @sid]))))
This clause still contradicts the query.
A more detailed output of the traces is available with
  set traceDisplay = long.

out(RTPS_Ch, ~M) with ~M = pk(SK_CI) at {2}

out(RTPS_Ch, ~M_1) with ~M_1 = pk(SK_Perm) at {4}

new GUIDA: GUID_t creating GUIDA_4 at {5}

new PrivKA: SK_t creating PrivKA_1 at {6}

new DGA: DomainGovernance_t creating DGA_1 at {10}

new PPA: ParticipantPermission_t creating PPA_1 at {11}

new QoSA: Qos_t creating QoSA_2 at {12}

new GUIDB: GUID_t creating GUIDB_5 at {18}

new PrivKB: SK_t creating PrivKB_1 at {19}

new DGB: DomainGovernance_t creating DGB_2 at {23}

new PPB: ParticipantPermission_t creating PPB_2 at {24}

new QosB: Qos_t creating QosB_3 at {25}

new Topic_bd: TopicID_t creating Topic_bd_4 at {31}

out(Discovery_ch, (~M_2,participant_data(~M_3,~M_4,~M_5,~M_6))) with ~M_2 = GUIDA_4, ~M_3 = GUIDA_4, ~M_4 = Topic_bd_4, ~M_5 = QoSA_2, ~M_6 = discoveryRegister at {41} in copy a

out(Discovery_ch, (~M_7,participant_data(~M_8,~M_9,~M_10,~M_11))) with ~M_7 = GUIDA_4, ~M_8 = GUIDA_4, ~M_9 = Topic_bd_4, ~M_10 = QoSA_2, ~M_11 = discoveryRegister at {41} in copy a_1

out(Discovery_ch, (~M_12,participant_data(~M_13,~M_14,~M_15,~M_16))) with ~M_12 = GUIDA_4, ~M_13 = GUIDA_4, ~M_14 = Topic_bd_4, ~M_15 = QoSA_2, ~M_16 = discoveryRegister at {41} in copy a_2

out(RTPS_Ch, ~M_17) with ~M_17 = SK_CI at {32}

in(Discovery_ch, (a_3,discoveredParticipant,participant_data(~M_2,~M_4,~M_5,discoveryRegister))) with ~M_2 = GUIDA_4, ~M_4 = Topic_bd_4, ~M_5 = QoSA_2 at {42} in copy a_2

event A_discover(a_3) at {43} in copy a_2

new ChallengeA: bitstring creating ChallengeA_5 at {45} in copy a_2

new s: Seed_t creating s_4 at {46} in copy a_2

event A_0(GUIDA_4,make_C_list(sign_cert(GUIDA_4,pk(PrivKA_1),SN_CI,SK_CI),sign_perm(GUIDA_4,DGA_1,PPA_1,SK_Perm),participant_data(GUIDA_4,Topic_bd_4,QoSA_2,discoveryRegister),make_algo(ID_G,DH_RSA),SHA256),ChallengeA_5,dh_pub(ID_G,dh_k(s_4)),a_3) at {51} in copy a_2

out(RTPS_Ch, (make_C_list(~M_18,~M_19,participant_data(~M_20,~M_21,~M_22,~M_23),make_algo(~M_24,~M_25),~M_26),~M_27,~M_28,~M_29)) with ~M_18 = sign_cert(GUIDA_4,pk(PrivKA_1),SN_CI,SK_CI), ~M_19 = sign_perm(GUIDA_4,DGA_1,PPA_1,SK_Perm), ~M_20 = GUIDA_4, ~M_21 = Topic_bd_4, ~M_22 = QoSA_2, ~M_23 = discoveryRegister, ~M_24 = ID_G, ~M_25 = DH_RSA, ~M_26 = SHA256, ~M_27 = hash(SHA256,make_C_list(sign_cert(GUIDA_4,pk(PrivKA_1),SN_CI,SK_CI),sign_perm(GUIDA_4,DGA_1,PPA_1,SK_Perm),participant_data(GUIDA_4,Topic_bd_4,QoSA_2,discoveryRegister),make_algo(ID_G,DH_RSA),SHA256)), ~M_28 = ChallengeA_5, ~M_29 = dh_pub(ID_G,dh_k(s_4)) at {52} in copy a_2

in(Discovery_ch, (a_4,discoveredParticipant,participant_data(~M_2,~M_4,~M_5,discoveryRegister))) with ~M_2 = GUIDA_4, ~M_4 = Topic_bd_4, ~M_5 = QoSA_2 at {42} in copy a

event A_discover(a_4) at {43} in copy a

new ChallengeA: bitstring creating ChallengeA_6 at {45} in copy a

new s: Seed_t creating s_5 at {46} in copy a

event A_0(GUIDA_4,make_C_list(sign_cert(GUIDA_4,pk(PrivKA_1),SN_CI,SK_CI),sign_perm(GUIDA_4,DGA_1,PPA_1,SK_Perm),participant_data(GUIDA_4,Topic_bd_4,QoSA_2,discoveryRegister),make_algo(ID_G,DH_RSA),SHA256),ChallengeA_6,dh_pub(ID_G,dh_k(s_5)),a_4) at {51} in copy a

out(RTPS_Ch, (make_C_list(~M_30,~M_31,participant_data(~M_32,~M_33,~M_34,~M_35),make_algo(~M_36,~M_37),~M_38),~M_39,~M_40,~M_41)) with ~M_30 = sign_cert(GUIDA_4,pk(PrivKA_1),SN_CI,SK_CI), ~M_31 = sign_perm(GUIDA_4,DGA_1,PPA_1,SK_Perm), ~M_32 = GUIDA_4, ~M_33 = Topic_bd_4, ~M_34 = QoSA_2, ~M_35 = discoveryRegister, ~M_36 = ID_G, ~M_37 = DH_RSA, ~M_38 = SHA256, ~M_39 = hash(SHA256,make_C_list(sign_cert(GUIDA_4,pk(PrivKA_1),SN_CI,SK_CI),sign_perm(GUIDA_4,DGA_1,PPA_1,SK_Perm),participant_data(GUIDA_4,Topic_bd_4,QoSA_2,discoveryRegister),make_algo(ID_G,DH_RSA),SHA256)), ~M_40 = ChallengeA_6, ~M_41 = dh_pub(ID_G,dh_k(s_5)) at {52} in copy a

in(RTPS_Ch, (make_C_list(sign_cert(a_5,pk(a_6),SN_CI,~M_17),a_7,a_4,make_algo(ID_G,DH_RSA),SHA256),a_8,~M_40,a_9,a_10,hash(SHA256,make_C_list(~M_18,~M_19,participant_data(~M_2,~M_4,~M_5,discoveryRegister),make_algo(ID_G,DH_RSA),SHA256)),~M_41,sign(a_6,(hash(SHA256,make_C_list(sign_cert(a_5,pk(a_6),SN_CI,~M_17),a_7,a_4,make_algo(ID_G,DH_RSA),SHA256)),a_9,a_10,~M_40,~M_41,hash(SHA256,make_C_list(~M_18,~M_19,participant_data(~M_2,~M_4,~M_5,discoveryRegister),make_algo(ID_G,DH_RSA),SHA256)))))) with sign_cert(a_5,pk(a_6),SN_CI,~M_17) = sign_cert(a_5,pk(a_6),SN_CI,SK_CI), ~M_40 = ChallengeA_6, hash(SHA256,make_C_list(~M_18,~M_19,participant_data(~M_2,~M_4,~M_5,discoveryRegister),make_algo(ID_G,DH_RSA),SHA256)) = hash(SHA256,make_C_list(sign_cert(GUIDA_4,pk(PrivKA_1),SN_CI,SK_CI),sign_perm(GUIDA_4,DGA_1,PPA_1,SK_Perm),participant_data(GUIDA_4,Topic_bd_4,QoSA_2,discoveryRegister),make_algo(ID_G,DH_RSA),SHA256)), ~M_41 = dh_pub(ID_G,dh_k(s_5)), sign(a_6,(hash(SHA256,make_C_list(sign_cert(a_5,pk(a_6),SN_CI,~M_17),a_7,a_4,make_algo(ID_G,DH_RSA),SHA256)),a_9,a_10,~M_40,~M_41,hash(SHA256,make_C_list(~M_18,~M_19,participant_data(~M_2,~M_4,~M_5,discoveryRegister),make_algo(ID_G,DH_RSA),SHA256)))) = sign(a_6,(hash(SHA256,make_C_list(sign_cert(a_5,pk(a_6),SN_CI,SK_CI),a_7,a_4,make_algo(ID_G,DH_RSA),SHA256)),a_9,a_10,ChallengeA_6,dh_pub(ID_G,dh_k(s_5)),hash(SHA256,make_C_list(sign_cert(GUIDA_4,pk(PrivKA_1),SN_CI,SK_CI),sign_perm(GUIDA_4,DGA_1,PPA_1,SK_Perm),participant_data(GUIDA_4,Topic_bd_4,QoSA_2,discoveryRegister),make_algo(ID_G,DH_RSA),SHA256)))) at {53} in copy a

event endAtoB(a_5,sign_cert(a_5,pk(a_6),SN_CI,SK_CI),ChallengeA_6) at {57} in copy a

event beginBtoA(GUIDA_4,sign_cert(GUIDA_4,pk(PrivKA_1),SN_CI,SK_CI),a_9) at {61} in copy a

event A_1(GUIDA_4,make_C_list(sign_cert(GUIDA_4,pk(PrivKA_1),SN_CI,SK_CI),sign_perm(GUIDA_4,DGA_1,PPA_1,SK_Perm),participant_data(GUIDA_4,Topic_bd_4,QoSA_2,discoveryRegister),make_algo(ID_G,DH_RSA),SHA256),ChallengeA_6,dh_pub(ID_G,dh_k(s_5)),a_5,make_C_list(sign_cert(a_5,pk(a_6),SN_CI,SK_CI),a_7,a_4,make_algo(ID_G,DH_RSA),SHA256),a_9,a_10,dh_exp(a_10,dh_k(s_5))) at {62} in copy a (goal)

The event A_1(GUIDA_4,make_C_list(sign_cert(GUIDA_4,pk(PrivKA_1),SN_CI,SK_CI),sign_perm(GUIDA_4,DGA_1,PPA_1,SK_Perm),participant_data(GUIDA_4,Topic_bd_4,QoSA_2,discoveryRegister),make_algo(ID_G,DH_RSA),SHA256),ChallengeA_6,dh_pub(ID_G,dh_k(s_5)),a_5,make_C_list(sign_cert(a_5,pk(a_6),SN_CI,SK_CI),a_7,a_4,make_algo(ID_G,DH_RSA),SHA256),a_9,a_10,dh_exp(a_10,dh_k(s_5))) is executed at {62} in copy a.
A trace has been found.
RESULT event(A_1(GUIDA_4,CA_2,ChallengeA_2,gx_DHA_2,GUIDB_4,CB_2,ChallengeB_2,gy_DHB_2,SharedSecret_2)) ==> event(B_0(GUIDB_4,CB_2,ChallengeB_2,gy_DHB_2,GUIDA_4,CA_2,ChallengeA_2,gx_DHA_2)) is false.

--------------------------------------------------------------
Verification summary:

Query event(A_1(GUIDA_4,CA_2,ChallengeA_2,gx_DHA_2,GUIDB_4,CB_2,ChallengeB_2,gy_DHB_2,SharedSecret_2)) ==> event(B_0(GUIDB_4,CB_2,ChallengeB_2,gy_DHB_2,GUIDA_4,CA_2,ChallengeA_2,gx_DHA_2)) is false.

--------------------------------------------------------------

